<?xml version="1.0" encoding="UTF-8" standalone="no"?>
<debugInfo>
<<<<<<< HEAD
<manifest filename="C:\Users\utente\Desktop\test-iq\manifest.xml"/>
<pcToLineNum>
<entry filename="C:\\Users\\utente\\Desktop\\test-iq\\source\\MenuSampleWrapCustom.mc" id="1" lineNum="12" parent="globals" pc="268435456" symbol="pushWrapCustom"/>
<entry filename="C:\\Users\\utente\\Desktop\\test-iq\\source\\MenuSampleWrapCustom.mc" id="1" lineNum="13" parent="globals" pc="268435468" symbol="pushWrapCustom"/>
<entry filename="C:\\Users\\utente\\Desktop\\test-iq\\source\\MenuSampleWrapCustom.mc" id="1" lineNum="14" parent="globals" pc="268435513" symbol="pushWrapCustom"/>
<entry filename="C:\\Users\\utente\\Desktop\\test-iq\\source\\MenuSampleWrapCustom.mc" id="1" lineNum="15" parent="globals" pc="268435573" symbol="pushWrapCustom"/>
<entry filename="C:\\Users\\utente\\Desktop\\test-iq\\source\\MenuSampleWrapCustom.mc" id="1" lineNum="16" parent="globals" pc="268435633" symbol="pushWrapCustom"/>
<entry filename="C:\\Users\\utente\\Desktop\\test-iq\\source\\MenuSampleWrapCustom.mc" id="1" lineNum="17" parent="globals" pc="268435693" symbol="pushWrapCustom"/>
<entry filename="C:\\Users\\utente\\Desktop\\test-iq\\source\\MenuSampleWrapCustom.mc" id="2" lineNum="21" parent="globals" pc="268435750" symbol="pushWrapCustomBottom"/>
<entry filename="C:\\Users\\utente\\Desktop\\test-iq\\source\\MenuSampleWrapCustom.mc" id="2" lineNum="22" parent="globals" pc="268435762" symbol="pushWrapCustomBottom"/>
<entry filename="C:\\Users\\utente\\Desktop\\test-iq\\source\\MenuSampleWrapCustom.mc" id="2" lineNum="23" parent="globals" pc="268435807" symbol="pushWrapCustomBottom"/>
<entry filename="C:\\Users\\utente\\Desktop\\test-iq\\source\\MenuSampleWrapCustom.mc" id="2" lineNum="24" parent="globals" pc="268435867" symbol="pushWrapCustomBottom"/>
<entry filename="C:\\Users\\utente\\Desktop\\test-iq\\source\\MenuSampleWrapCustom.mc" id="2" lineNum="25" parent="globals" pc="268435927" symbol="pushWrapCustomBottom"/>
<entry filename="C:\\Users\\utente\\Desktop\\test-iq\\source\\MenuSampleWrapCustom.mc" id="2" lineNum="26" parent="globals" pc="268435987" symbol="pushWrapCustomBottom"/>
<entry filename="C:\\Users\\utente\\Desktop\\test-iq\\source\\MenuSampleWrapCustom.mc" id="3" lineNum="35" parent="globals/WrapTopMenu" pc="268436044" symbol="initialize"/>
<entry filename="C:\\Users\\utente\\Desktop\\test-iq\\source\\MenuSampleWrapCustom.mc" id="3" lineNum="36" parent="globals/WrapTopMenu" pc="268436048" symbol="initialize"/>
<entry filename="C:\\Users\\utente\\Desktop\\test-iq\\source\\MenuSampleWrapCustom.mc" id="4" lineNum="41" parent="globals/WrapTopMenu" pc="268436077" symbol="drawTitle"/>
<entry filename="C:\\Users\\utente\\Desktop\\test-iq\\source\\MenuSampleWrapCustom.mc" id="4" lineNum="42" parent="globals/WrapTopMenu" pc="268436081" symbol="drawTitle"/>
<entry filename="C:\\Users\\utente\\Desktop\\test-iq\\source\\MenuSampleWrapCustom.mc" id="4" lineNum="43" parent="globals/WrapTopMenu" pc="268436117" symbol="drawTitle"/>
<entry filename="C:\\Users\\utente\\Desktop\\test-iq\\source\\MenuSampleWrapCustom.mc" id="4" lineNum="44" parent="globals/WrapTopMenu" pc="268436134" symbol="drawTitle"/>
<entry filename="C:\\Users\\utente\\Desktop\\test-iq\\source\\MenuSampleWrapCustom.mc" id="4" lineNum="45" parent="globals/WrapTopMenu" pc="268436196" symbol="drawTitle"/>
<entry filename="C:\\Users\\utente\\Desktop\\test-iq\\source\\MenuSampleWrapCustom.mc" id="4" lineNum="46" parent="globals/WrapTopMenu" pc="268436213" symbol="drawTitle"/>
<entry filename="C:\\Users\\utente\\Desktop\\test-iq\\source\\MenuSampleWrapCustom.mc" id="4" lineNum="47" parent="globals/WrapTopMenu" pc="268436249" symbol="drawTitle"/>
<entry filename="C:\\Users\\utente\\Desktop\\test-iq\\source\\MenuSampleWrapCustom.mc" id="5" lineNum="52" parent="globals/WrapTopMenu" pc="268436338" symbol="drawFooter"/>
<entry filename="C:\\Users\\utente\\Desktop\\test-iq\\source\\MenuSampleWrapCustom.mc" id="5" lineNum="53" parent="globals/WrapTopMenu" pc="268436342" symbol="drawFooter"/>
<entry filename="C:\\Users\\utente\\Desktop\\test-iq\\source\\MenuSampleWrapCustom.mc" id="5" lineNum="54" parent="globals/WrapTopMenu" pc="268436355" symbol="drawFooter"/>
<entry filename="C:\\Users\\utente\\Desktop\\test-iq\\source\\MenuSampleWrapCustom.mc" id="5" lineNum="56" parent="globals/WrapTopMenu" pc="268436374" symbol="drawFooter"/>
<entry filename="C:\\Users\\utente\\Desktop\\test-iq\\source\\MenuSampleWrapCustom.mc" id="5" lineNum="57" parent="globals/WrapTopMenu" pc="268436410" symbol="drawFooter"/>
<entry filename="C:\\Users\\utente\\Desktop\\test-iq\\source\\MenuSampleWrapCustom.mc" id="5" lineNum="58" parent="globals/WrapTopMenu" pc="268436422" symbol="drawFooter"/>
<entry filename="C:\\Users\\utente\\Desktop\\test-iq\\source\\MenuSampleWrapCustom.mc" id="5" lineNum="59" parent="globals/WrapTopMenu" pc="268436458" symbol="drawFooter"/>
<entry filename="C:\\Users\\utente\\Desktop\\test-iq\\source\\MenuSampleWrapCustom.mc" id="5" lineNum="60" parent="globals/WrapTopMenu" pc="268436475" symbol="drawFooter"/>
<entry filename="C:\\Users\\utente\\Desktop\\test-iq\\source\\MenuSampleWrapCustom.mc" id="5" lineNum="61" parent="globals/WrapTopMenu" pc="268436513" symbol="drawFooter"/>
<entry filename="C:\\Users\\utente\\Desktop\\test-iq\\source\\MenuSampleWrapCustom.mc" id="5" lineNum="62" parent="globals/WrapTopMenu" pc="268436530" symbol="drawFooter"/>
<entry filename="C:\\Users\\utente\\Desktop\\test-iq\\source\\MenuSampleWrapCustom.mc" id="5" lineNum="63" parent="globals/WrapTopMenu" pc="268436566" symbol="drawFooter"/>
<entry filename="C:\\Users\\utente\\Desktop\\test-iq\\source\\MenuSampleWrapCustom.mc" id="5" lineNum="64" parent="globals/WrapTopMenu" pc="268436654" symbol="drawFooter"/>
<entry filename="C:\\Users\\utente\\Desktop\\test-iq\\source\\MenuSampleWrapCustom.mc" id="5" lineNum="65" parent="globals/WrapTopMenu" pc="268436690" symbol="drawFooter"/>
<entry filename="C:\\Users\\utente\\Desktop\\test-iq\\source\\MenuSampleWrapCustom.mc" id="6" lineNum="30" parent="globals/WrapTopMenu" pc="268444912" symbol="&lt;init&gt;"/>
<entry filename="C:\\Users\\utente\\Desktop\\test-iq\\source\\MenuSampleWrapCustom.mc" id="6" lineNum="30" parent="globals/WrapTopMenu" pc="268444912" symbol="&lt;init&gt;"/>
<entry filename="C:\\Users\\utente\\Desktop\\test-iq\\source\\MenuSampleWrapCustom.mc" id="7" lineNum="77" parent="globals/WrapBottomMenu" pc="268436841" symbol="initialize"/>
<entry filename="C:\\Users\\utente\\Desktop\\test-iq\\source\\MenuSampleWrapCustom.mc" id="7" lineNum="78" parent="globals/WrapBottomMenu" pc="268436845" symbol="initialize"/>
<entry filename="C:\\Users\\utente\\Desktop\\test-iq\\source\\MenuSampleWrapCustom.mc" id="8" lineNum="83" parent="globals/WrapBottomMenu" pc="268436874" symbol="drawTitle"/>
<entry filename="C:\\Users\\utente\\Desktop\\test-iq\\source\\MenuSampleWrapCustom.mc" id="8" lineNum="84" parent="globals/WrapBottomMenu" pc="268436878" symbol="drawTitle"/>
<entry filename="C:\\Users\\utente\\Desktop\\test-iq\\source\\MenuSampleWrapCustom.mc" id="8" lineNum="85" parent="globals/WrapBottomMenu" pc="268436897" symbol="drawTitle"/>
<entry filename="C:\\Users\\utente\\Desktop\\test-iq\\source\\MenuSampleWrapCustom.mc" id="8" lineNum="86" parent="globals/WrapBottomMenu" pc="268436933" symbol="drawTitle"/>
<entry filename="C:\\Users\\utente\\Desktop\\test-iq\\source\\MenuSampleWrapCustom.mc" id="8" lineNum="87" parent="globals/WrapBottomMenu" pc="268436945" symbol="drawTitle"/>
<entry filename="C:\\Users\\utente\\Desktop\\test-iq\\source\\MenuSampleWrapCustom.mc" id="8" lineNum="88" parent="globals/WrapBottomMenu" pc="268436981" symbol="drawTitle"/>
<entry filename="C:\\Users\\utente\\Desktop\\test-iq\\source\\MenuSampleWrapCustom.mc" id="8" lineNum="89" parent="globals/WrapBottomMenu" pc="268436998" symbol="drawTitle"/>
<entry filename="C:\\Users\\utente\\Desktop\\test-iq\\source\\MenuSampleWrapCustom.mc" id="8" lineNum="90" parent="globals/WrapBottomMenu" pc="268437060" symbol="drawTitle"/>
<entry filename="C:\\Users\\utente\\Desktop\\test-iq\\source\\MenuSampleWrapCustom.mc" id="8" lineNum="91" parent="globals/WrapBottomMenu" pc="268437077" symbol="drawTitle"/>
<entry filename="C:\\Users\\utente\\Desktop\\test-iq\\source\\MenuSampleWrapCustom.mc" id="8" lineNum="92" parent="globals/WrapBottomMenu" pc="268437113" symbol="drawTitle"/>
<entry filename="C:\\Users\\utente\\Desktop\\test-iq\\source\\MenuSampleWrapCustom.mc" id="8" lineNum="93" parent="globals/WrapBottomMenu" pc="268437207" symbol="drawTitle"/>
<entry filename="C:\\Users\\utente\\Desktop\\test-iq\\source\\MenuSampleWrapCustom.mc" id="8" lineNum="94" parent="globals/WrapBottomMenu" pc="268437243" symbol="drawTitle"/>
<entry filename="C:\\Users\\utente\\Desktop\\test-iq\\source\\MenuSampleWrapCustom.mc" id="9" lineNum="72" parent="globals/WrapBottomMenu" pc="268445045" symbol="&lt;init&gt;"/>
<entry filename="C:\\Users\\utente\\Desktop\\test-iq\\source\\MenuSampleWrapCustom.mc" id="9" lineNum="72" parent="globals/WrapBottomMenu" pc="268445045" symbol="&lt;init&gt;"/>
<entry filename="C:\\Users\\utente\\Desktop\\test-iq\\source\\MenuSampleWrapCustom.mc" id="10" lineNum="104" parent="globals/WrapTopCustomDelegate" pc="268437385" symbol="initialize"/>
<entry filename="C:\\Users\\utente\\Desktop\\test-iq\\source\\MenuSampleWrapCustom.mc" id="10" lineNum="105" parent="globals/WrapTopCustomDelegate" pc="268437389" symbol="initialize"/>
<entry filename="C:\\Users\\utente\\Desktop\\test-iq\\source\\MenuSampleWrapCustom.mc" id="11" lineNum="110" parent="globals/WrapTopCustomDelegate" pc="268437408" symbol="onSelect"/>
<entry filename="C:\\Users\\utente\\Desktop\\test-iq\\source\\MenuSampleWrapCustom.mc" id="11" lineNum="111" parent="globals/WrapTopCustomDelegate" pc="268437412" symbol="onSelect"/>
<entry filename="C:\\Users\\utente\\Desktop\\test-iq\\source\\MenuSampleWrapCustom.mc" id="12" lineNum="115" parent="globals/WrapTopCustomDelegate" pc="268437429" symbol="onBack"/>
<entry filename="C:\\Users\\utente\\Desktop\\test-iq\\source\\MenuSampleWrapCustom.mc" id="12" lineNum="116" parent="globals/WrapTopCustomDelegate" pc="268437433" symbol="onBack"/>
<entry filename="C:\\Users\\utente\\Desktop\\test-iq\\source\\MenuSampleWrapCustom.mc" id="13" lineNum="122" parent="globals/WrapTopCustomDelegate" pc="268437462" symbol="onWrap"/>
<entry filename="C:\\Users\\utente\\Desktop\\test-iq\\source\\MenuSampleWrapCustom.mc" id="13" lineNum="123" parent="globals/WrapTopCustomDelegate" pc="268437466" symbol="onWrap"/>
<entry filename="C:\\Users\\utente\\Desktop\\test-iq\\source\\MenuSampleWrapCustom.mc" id="13" lineNum="124" parent="globals/WrapTopCustomDelegate" pc="268437484" symbol="onWrap"/>
<entry filename="C:\\Users\\utente\\Desktop\\test-iq\\source\\MenuSampleWrapCustom.mc" id="13" lineNum="126" parent="globals/WrapTopCustomDelegate" pc="268437503" symbol="onWrap"/>
<entry filename="C:\\Users\\utente\\Desktop\\test-iq\\source\\MenuSampleWrapCustom.mc" id="14" lineNum="130" parent="globals/WrapTopCustomDelegate" pc="268437507" symbol="onFooter"/>
<entry filename="C:\\Users\\utente\\Desktop\\test-iq\\source\\MenuSampleWrapCustom.mc" id="14" lineNum="131" parent="globals/WrapTopCustomDelegate" pc="268437511" symbol="onFooter"/>
<entry filename="C:\\Users\\utente\\Desktop\\test-iq\\source\\MenuSampleWrapCustom.mc" id="15" lineNum="101" parent="globals/WrapTopCustomDelegate" pc="268445083" symbol="&lt;init&gt;"/>
<entry filename="C:\\Users\\utente\\Desktop\\test-iq\\source\\MenuSampleWrapCustom.mc" id="15" lineNum="101" parent="globals/WrapTopCustomDelegate" pc="268445083" symbol="&lt;init&gt;"/>
<entry filename="C:\\Users\\utente\\Desktop\\test-iq\\source\\MenuSampleWrapCustom.mc" id="16" lineNum="139" parent="globals/WrapBottomCustomDelegate" pc="268437528" symbol="initialize"/>
<entry filename="C:\\Users\\utente\\Desktop\\test-iq\\source\\MenuSampleWrapCustom.mc" id="16" lineNum="140" parent="globals/WrapBottomCustomDelegate" pc="268437532" symbol="initialize"/>
<entry filename="C:\\Users\\utente\\Desktop\\test-iq\\source\\MenuSampleWrapCustom.mc" id="17" lineNum="145" parent="globals/WrapBottomCustomDelegate" pc="268437551" symbol="onSelect"/>
<entry filename="C:\\Users\\utente\\Desktop\\test-iq\\source\\MenuSampleWrapCustom.mc" id="17" lineNum="146" parent="globals/WrapBottomCustomDelegate" pc="268437555" symbol="onSelect"/>
<entry filename="C:\\Users\\utente\\Desktop\\test-iq\\source\\MenuSampleWrapCustom.mc" id="18" lineNum="150" parent="globals/WrapBottomCustomDelegate" pc="268437572" symbol="onBack"/>
<entry filename="C:\\Users\\utente\\Desktop\\test-iq\\source\\MenuSampleWrapCustom.mc" id="18" lineNum="151" parent="globals/WrapBottomCustomDelegate" pc="268437576" symbol="onBack"/>
<entry filename="C:\\Users\\utente\\Desktop\\test-iq\\source\\MenuSampleWrapCustom.mc" id="18" lineNum="152" parent="globals/WrapBottomCustomDelegate" pc="268437604" symbol="onBack"/>
<entry filename="C:\\Users\\utente\\Desktop\\test-iq\\source\\MenuSampleWrapCustom.mc" id="19" lineNum="158" parent="globals/WrapBottomCustomDelegate" pc="268437633" symbol="onWrap"/>
<entry filename="C:\\Users\\utente\\Desktop\\test-iq\\source\\MenuSampleWrapCustom.mc" id="19" lineNum="159" parent="globals/WrapBottomCustomDelegate" pc="268437637" symbol="onWrap"/>
<entry filename="C:\\Users\\utente\\Desktop\\test-iq\\source\\MenuSampleWrapCustom.mc" id="19" lineNum="160" parent="globals/WrapBottomCustomDelegate" pc="268437655" symbol="onWrap"/>
<entry filename="C:\\Users\\utente\\Desktop\\test-iq\\source\\MenuSampleWrapCustom.mc" id="19" lineNum="162" parent="globals/WrapBottomCustomDelegate" pc="268437686" symbol="onWrap"/>
<entry filename="C:\\Users\\utente\\Desktop\\test-iq\\source\\MenuSampleWrapCustom.mc" id="20" lineNum="166" parent="globals/WrapBottomCustomDelegate" pc="268437690" symbol="onTitle"/>
<entry filename="C:\\Users\\utente\\Desktop\\test-iq\\source\\MenuSampleWrapCustom.mc" id="20" lineNum="167" parent="globals/WrapBottomCustomDelegate" pc="268437694" symbol="onTitle"/>
<entry filename="C:\\Users\\utente\\Desktop\\test-iq\\source\\MenuSampleWrapCustom.mc" id="21" lineNum="136" parent="globals/WrapBottomCustomDelegate" pc="268444969" symbol="&lt;init&gt;"/>
<entry filename="C:\\Users\\utente\\Desktop\\test-iq\\source\\MenuSampleWrapCustom.mc" id="21" lineNum="136" parent="globals/WrapBottomCustomDelegate" pc="268444969" symbol="&lt;init&gt;"/>
<entry filename="C:\\Users\\utente\\Desktop\\test-iq\\source\\MenuSampleWrapCustom.mc" id="22" lineNum="182" parent="globals/CustomWrapItem" pc="268437723" symbol="initialize"/>
<entry filename="C:\\Users\\utente\\Desktop\\test-iq\\source\\MenuSampleWrapCustom.mc" id="22" lineNum="183" parent="globals/CustomWrapItem" pc="268437727" symbol="initialize"/>
<entry filename="C:\\Users\\utente\\Desktop\\test-iq\\source\\MenuSampleWrapCustom.mc" id="22" lineNum="184" parent="globals/CustomWrapItem" pc="268437753" symbol="initialize"/>
<entry filename="C:\\Users\\utente\\Desktop\\test-iq\\source\\MenuSampleWrapCustom.mc" id="22" lineNum="185" parent="globals/CustomWrapItem" pc="268437763" symbol="initialize"/>
<entry filename="C:\\Users\\utente\\Desktop\\test-iq\\source\\MenuSampleWrapCustom.mc" id="23" lineNum="190" parent="globals/CustomWrapItem" pc="268437774" symbol="draw"/>
<entry filename="C:\\Users\\utente\\Desktop\\test-iq\\source\\MenuSampleWrapCustom.mc" id="23" lineNum="191" parent="globals/CustomWrapItem" pc="268437778" symbol="draw"/>
<entry filename="C:\\Users\\utente\\Desktop\\test-iq\\source\\MenuSampleWrapCustom.mc" id="23" lineNum="192" parent="globals/CustomWrapItem" pc="268437792" symbol="draw"/>
<entry filename="C:\\Users\\utente\\Desktop\\test-iq\\source\\MenuSampleWrapCustom.mc" id="23" lineNum="193" parent="globals/CustomWrapItem" pc="268437806" symbol="draw"/>
<entry filename="C:\\Users\\utente\\Desktop\\test-iq\\source\\MenuSampleWrapCustom.mc" id="23" lineNum="196" parent="globals/CustomWrapItem" pc="268437823" symbol="draw"/>
<entry filename="C:\\Users\\utente\\Desktop\\test-iq\\source\\MenuSampleWrapCustom.mc" id="23" lineNum="197" parent="globals/CustomWrapItem" pc="268437837" symbol="draw"/>
<entry filename="C:\\Users\\utente\\Desktop\\test-iq\\source\\MenuSampleWrapCustom.mc" id="23" lineNum="198" parent="globals/CustomWrapItem" pc="268437873" symbol="draw"/>
<entry filename="C:\\Users\\utente\\Desktop\\test-iq\\source\\MenuSampleWrapCustom.mc" id="23" lineNum="201" parent="globals/CustomWrapItem" pc="268437888" symbol="draw"/>
<entry filename="C:\\Users\\utente\\Desktop\\test-iq\\source\\MenuSampleWrapCustom.mc" id="23" lineNum="202" parent="globals/CustomWrapItem" pc="268437920" symbol="draw"/>
<entry filename="C:\\Users\\utente\\Desktop\\test-iq\\source\\MenuSampleWrapCustom.mc" id="24" lineNum="173" parent="globals/CustomWrapItem" pc="268445140" symbol="&lt;init&gt;"/>
<entry filename="C:\\Users\\utente\\Desktop\\test-iq\\source\\MenuSampleWrapCustom.mc" id="24" lineNum="173" parent="globals/CustomWrapItem" pc="268445140" symbol="&lt;init&gt;"/>
<entry filename="C:\\Users\\utente\\Desktop\\test-iq\\source\\MenuTestDelegate.mc" id="26" lineNum="16" parent="globals/Menu2TestDelegate" pc="268438002" symbol="initialize"/>
<entry filename="C:\\Users\\utente\\Desktop\\test-iq\\source\\MenuTestDelegate.mc" id="26" lineNum="17" parent="globals/Menu2TestDelegate" pc="268438006" symbol="initialize"/>
<entry filename="C:\\Users\\utente\\Desktop\\test-iq\\source\\MenuTestDelegate.mc" id="27" lineNum="22" parent="globals/Menu2TestDelegate" pc="268438025" symbol="onMenu"/>
<entry filename="C:\\Users\\utente\\Desktop\\test-iq\\source\\MenuTestDelegate.mc" id="27" lineNum="24" parent="globals/Menu2TestDelegate" pc="268438029" symbol="onMenu"/>
<entry filename="C:\\Users\\utente\\Desktop\\test-iq\\source\\MenuTestDelegate.mc" id="27" lineNum="27" parent="globals/Menu2TestDelegate" pc="268438097" symbol="onMenu"/>
<entry filename="C:\\Users\\utente\\Desktop\\test-iq\\source\\MenuTestDelegate.mc" id="27" lineNum="28" parent="globals/Menu2TestDelegate" pc="268438151" symbol="onMenu"/>
<entry filename="C:\\Users\\utente\\Desktop\\test-iq\\source\\MenuTestDelegate.mc" id="27" lineNum="29" parent="globals/Menu2TestDelegate" pc="268438201" symbol="onMenu"/>
<entry filename="C:\\Users\\utente\\Desktop\\test-iq\\source\\MenuTestDelegate.mc" id="27" lineNum="30" parent="globals/Menu2TestDelegate" pc="268438251" symbol="onMenu"/>
<entry filename="C:\\Users\\utente\\Desktop\\test-iq\\source\\MenuTestDelegate.mc" id="27" lineNum="31" parent="globals/Menu2TestDelegate" pc="268438301" symbol="onMenu"/>
<entry filename="C:\\Users\\utente\\Desktop\\test-iq\\source\\MenuTestDelegate.mc" id="27" lineNum="32" parent="globals/Menu2TestDelegate" pc="268438357" symbol="onMenu"/>
<entry filename="C:\\Users\\utente\\Desktop\\test-iq\\source\\MenuTestDelegate.mc" id="28" lineNum="13" parent="globals/Menu2TestDelegate" pc="268444931" symbol="&lt;init&gt;"/>
<entry filename="C:\\Users\\utente\\Desktop\\test-iq\\source\\MenuTestDelegate.mc" id="28" lineNum="13" parent="globals/Menu2TestDelegate" pc="268444931" symbol="&lt;init&gt;"/>
<entry filename="C:\\Users\\utente\\Desktop\\test-iq\\source\\MenuTestDelegate.mc" id="29" lineNum="40" parent="globals/DrawableMenuTitle" pc="268438361" symbol="initialize"/>
<entry filename="C:\\Users\\utente\\Desktop\\test-iq\\source\\MenuTestDelegate.mc" id="29" lineNum="41" parent="globals/DrawableMenuTitle" pc="268438365" symbol="initialize"/>
<entry filename="C:\\Users\\utente\\Desktop\\test-iq\\source\\MenuTestDelegate.mc" id="30" lineNum="46" parent="globals/DrawableMenuTitle" pc="268438390" symbol="draw"/>
<entry filename="C:\\Users\\utente\\Desktop\\test-iq\\source\\MenuTestDelegate.mc" id="30" lineNum="47" parent="globals/DrawableMenuTitle" pc="268438394" symbol="draw"/>
<entry filename="C:\\Users\\utente\\Desktop\\test-iq\\source\\MenuTestDelegate.mc" id="30" lineNum="48" parent="globals/DrawableMenuTitle" pc="268438401" symbol="draw"/>
<entry filename="C:\\Users\\utente\\Desktop\\test-iq\\source\\MenuTestDelegate.mc" id="30" lineNum="49" parent="globals/DrawableMenuTitle" pc="268438442" symbol="draw"/>
<entry filename="C:\\Users\\utente\\Desktop\\test-iq\\source\\MenuTestDelegate.mc" id="30" lineNum="50" parent="globals/DrawableMenuTitle" pc="268438455" symbol="draw"/>
<entry filename="C:\\Users\\utente\\Desktop\\test-iq\\source\\MenuTestDelegate.mc" id="30" lineNum="52" parent="globals/DrawableMenuTitle" pc="268438485" symbol="draw"/>
<entry filename="C:\\Users\\utente\\Desktop\\test-iq\\source\\MenuTestDelegate.mc" id="30" lineNum="53" parent="globals/DrawableMenuTitle" pc="268438513" symbol="draw"/>
<entry filename="C:\\Users\\utente\\Desktop\\test-iq\\source\\MenuTestDelegate.mc" id="30" lineNum="54" parent="globals/DrawableMenuTitle" pc="268438544" symbol="draw"/>
<entry filename="C:\\Users\\utente\\Desktop\\test-iq\\source\\MenuTestDelegate.mc" id="30" lineNum="55" parent="globals/DrawableMenuTitle" pc="268438554" symbol="draw"/>
<entry filename="C:\\Users\\utente\\Desktop\\test-iq\\source\\MenuTestDelegate.mc" id="30" lineNum="57" parent="globals/DrawableMenuTitle" pc="268438573" symbol="draw"/>
<entry filename="C:\\Users\\utente\\Desktop\\test-iq\\source\\MenuTestDelegate.mc" id="30" lineNum="58" parent="globals/DrawableMenuTitle" pc="268438609" symbol="draw"/>
<entry filename="C:\\Users\\utente\\Desktop\\test-iq\\source\\MenuTestDelegate.mc" id="30" lineNum="60" parent="globals/DrawableMenuTitle" pc="268438621" symbol="draw"/>
<entry filename="C:\\Users\\utente\\Desktop\\test-iq\\source\\MenuTestDelegate.mc" id="30" lineNum="61" parent="globals/DrawableMenuTitle" pc="268438639" symbol="draw"/>
<entry filename="C:\\Users\\utente\\Desktop\\test-iq\\source\\MenuTestDelegate.mc" id="30" lineNum="62" parent="globals/DrawableMenuTitle" pc="268438675" symbol="draw"/>
<entry filename="C:\\Users\\utente\\Desktop\\test-iq\\source\\MenuTestDelegate.mc" id="31" lineNum="37" parent="globals/DrawableMenuTitle" pc="268445007" symbol="&lt;init&gt;"/>
<entry filename="C:\\Users\\utente\\Desktop\\test-iq\\source\\MenuTestDelegate.mc" id="31" lineNum="37" parent="globals/DrawableMenuTitle" pc="268445007" symbol="&lt;init&gt;"/>
<entry filename="C:\\Users\\utente\\Desktop\\test-iq\\source\\MenuTestApp.mc" id="33" lineNum="16" parent="globals/Menu2Sample" pc="268438734" symbol="initialize"/>
<entry filename="C:\\Users\\utente\\Desktop\\test-iq\\source\\MenuTestApp.mc" id="33" lineNum="17" parent="globals/Menu2Sample" pc="268438738" symbol="initialize"/>
<entry filename="C:\\Users\\utente\\Desktop\\test-iq\\source\\MenuTestApp.mc" id="34" lineNum="22" parent="globals/Menu2Sample" pc="268438757" symbol="onStart"/>
<entry filename="C:\\Users\\utente\\Desktop\\test-iq\\source\\MenuTestApp.mc" id="35" lineNum="27" parent="globals/Menu2Sample" pc="268438762" symbol="onStop"/>
<entry filename="C:\\Users\\utente\\Desktop\\test-iq\\source\\MenuTestApp.mc" id="36" lineNum="32" parent="globals/Menu2Sample" pc="268438767" symbol="getInitialView"/>
<entry filename="C:\\Users\\utente\\Desktop\\test-iq\\source\\MenuTestApp.mc" id="36" lineNum="33" parent="globals/Menu2Sample" pc="268438771" symbol="getInitialView"/>
<entry filename="C:\\Users\\utente\\Desktop\\test-iq\\source\\MenuTestApp.mc" id="37" lineNum="13" parent="globals/Menu2Sample" pc="268445102" symbol="&lt;init&gt;"/>
<entry filename="C:\\Users\\utente\\Desktop\\test-iq\\source\\MenuTestApp.mc" id="37" lineNum="13" parent="globals/Menu2Sample" pc="268445102" symbol="&lt;init&gt;"/>
<entry filename="C:\\Users\\utente\\Desktop\\test-iq\\source\\MenuTestView.mc" id="39" lineNum="16" parent="globals/Menu2TestView" pc="268438847" symbol="initialize"/>
<entry filename="C:\\Users\\utente\\Desktop\\test-iq\\source\\MenuTestView.mc" id="39" lineNum="17" parent="globals/Menu2TestView" pc="268438851" symbol="initialize"/>
<entry filename="C:\\Users\\utente\\Desktop\\test-iq\\source\\MenuTestView.mc" id="40" lineNum="22" parent="globals/Menu2TestView" pc="268438870" symbol="onLayout"/>
<entry filename="C:\\Users\\utente\\Desktop\\test-iq\\source\\MenuTestView.mc" id="40" lineNum="23" parent="globals/Menu2TestView" pc="268438874" symbol="onLayout"/>
<entry filename="C:\\Users\\utente\\Desktop\\test-iq\\source\\MenuTestView.mc" id="41" lineNum="29" parent="globals/Menu2TestView" pc="268438916" symbol="onShow"/>
<entry filename="C:\\Users\\utente\\Desktop\\test-iq\\source\\MenuTestView.mc" id="42" lineNum="34" parent="globals/Menu2TestView" pc="268438921" symbol="onUpdate"/>
<entry filename="C:\\Users\\utente\\Desktop\\test-iq\\source\\MenuTestView.mc" id="42" lineNum="36" parent="globals/Menu2TestView" pc="268438925" symbol="onUpdate"/>
<entry filename="C:\\Users\\utente\\Desktop\\test-iq\\source\\MenuTestView.mc" id="43" lineNum="42" parent="globals/Menu2TestView" pc="268438946" symbol="onHide"/>
<entry filename="C:\\Users\\utente\\Desktop\\test-iq\\source\\MenuTestView.mc" id="44" lineNum="13" parent="globals/Menu2TestView" pc="268445178" symbol="&lt;init&gt;"/>
<entry filename="C:\\Users\\utente\\Desktop\\test-iq\\source\\MenuTestView.mc" id="44" lineNum="13" parent="globals/Menu2TestView" pc="268445178" symbol="&lt;init&gt;"/>
<entry filename="C:\\Users\\utente\\Desktop\\test-iq\\source\\MenuSampleBasicCustom.mc" id="46" lineNum="12" parent="globals" pc="268438951" symbol="pushBasicCustom"/>
<entry filename="C:\\Users\\utente\\Desktop\\test-iq\\source\\MenuSampleBasicCustom.mc" id="46" lineNum="13" parent="globals" pc="268438963" symbol="pushBasicCustom"/>
<entry filename="C:\\Users\\utente\\Desktop\\test-iq\\source\\MenuSampleBasicCustom.mc" id="46" lineNum="19" parent="globals" pc="268439141" symbol="pushBasicCustom"/>
<entry filename="C:\\Users\\utente\\Desktop\\test-iq\\source\\MenuSampleBasicCustom.mc" id="46" lineNum="20" parent="globals" pc="268439189" symbol="pushBasicCustom"/>
<entry filename="C:\\Users\\utente\\Desktop\\test-iq\\source\\MenuSampleBasicCustom.mc" id="46" lineNum="21" parent="globals" pc="268439237" symbol="pushBasicCustom"/>
<entry filename="C:\\Users\\utente\\Desktop\\test-iq\\source\\MenuSampleBasicCustom.mc" id="46" lineNum="22" parent="globals" pc="268439285" symbol="pushBasicCustom"/>
<entry filename="C:\\Users\\utente\\Desktop\\test-iq\\source\\MenuSampleBasicCustom.mc" id="46" lineNum="23" parent="globals" pc="268439333" symbol="pushBasicCustom"/>
<entry filename="C:\\Users\\utente\\Desktop\\test-iq\\source\\MenuSampleBasicCustom.mc" id="46" lineNum="24" parent="globals" pc="268439381" symbol="pushBasicCustom"/>
<entry filename="C:\\Users\\utente\\Desktop\\test-iq\\source\\MenuSampleBasicCustom.mc" id="46" lineNum="25" parent="globals" pc="268439429" symbol="pushBasicCustom"/>
<entry filename="C:\\Users\\utente\\Desktop\\test-iq\\source\\MenuSampleBasicCustom.mc" id="46" lineNum="26" parent="globals" pc="268439477" symbol="pushBasicCustom"/>
<entry filename="C:\\Users\\utente\\Desktop\\test-iq\\source\\MenuSampleBasicCustom.mc" id="47" lineNum="36" parent="globals/ItemView" pc="268439534" symbol="initialize"/>
<entry filename="C:\\Users\\utente\\Desktop\\test-iq\\source\\MenuSampleBasicCustom.mc" id="47" lineNum="37" parent="globals/ItemView" pc="268439538" symbol="initialize"/>
<entry filename="C:\\Users\\utente\\Desktop\\test-iq\\source\\MenuSampleBasicCustom.mc" id="47" lineNum="38" parent="globals/ItemView" pc="268439556" symbol="initialize"/>
<entry filename="C:\\Users\\utente\\Desktop\\test-iq\\source\\MenuSampleBasicCustom.mc" id="48" lineNum="49" parent="globals/ItemView" pc="268439707" symbol="onUpdate"/>
<entry filename="C:\\Users\\utente\\Desktop\\test-iq\\source\\MenuSampleBasicCustom.mc" id="48" lineNum="50" parent="globals/ItemView" pc="268439711" symbol="onUpdate"/>
<entry filename="C:\\Users\\utente\\Desktop\\test-iq\\source\\MenuSampleBasicCustom.mc" id="48" lineNum="51" parent="globals/ItemView" pc="268439747" symbol="onUpdate"/>
<entry filename="C:\\Users\\utente\\Desktop\\test-iq\\source\\MenuSampleBasicCustom.mc" id="48" lineNum="52" parent="globals/ItemView" pc="268439759" symbol="onUpdate"/>
<entry filename="C:\\Users\\utente\\Desktop\\test-iq\\source\\MenuSampleBasicCustom.mc" id="49" lineNum="30" parent="globals/ItemView" pc="268444988" symbol="&lt;init&gt;"/>
<entry filename="C:\\Users\\utente\\Desktop\\test-iq\\source\\MenuSampleBasicCustom.mc" id="49" lineNum="30" parent="globals/ItemView" pc="268444988" symbol="&lt;init&gt;"/>
<entry filename="C:\\Users\\utente\\Desktop\\test-iq\\source\\MenuSampleBasicCustom.mc" id="50" lineNum="60" parent="globals/BasicCustomDelegate" pc="268439780" symbol="initialize"/>
<entry filename="C:\\Users\\utente\\Desktop\\test-iq\\source\\MenuSampleBasicCustom.mc" id="50" lineNum="61" parent="globals/BasicCustomDelegate" pc="268439784" symbol="initialize"/>
<entry filename="C:\\Users\\utente\\Desktop\\test-iq\\source\\MenuSampleBasicCustom.mc" id="51" lineNum="66" parent="globals/BasicCustomDelegate" pc="268439803" symbol="onSelect"/>
<entry filename="C:\\Users\\utente\\Desktop\\test-iq\\source\\MenuSampleBasicCustom.mc" id="51" lineNum="67" parent="globals/BasicCustomDelegate" pc="268439807" symbol="onSelect"/>
<entry filename="C:\\Users\\utente\\Desktop\\test-iq\\source\\MenuSampleBasicCustom.mc" id="51" lineNum="68" parent="globals/BasicCustomDelegate" pc="268439873" symbol="onSelect"/>
<entry filename="C:\\Users\\utente\\Desktop\\test-iq\\source\\MenuSampleBasicCustom.mc" id="52" lineNum="72" parent="globals/BasicCustomDelegate" pc="268439890" symbol="onBack"/>
<entry filename="C:\\Users\\utente\\Desktop\\test-iq\\source\\MenuSampleBasicCustom.mc" id="52" lineNum="73" parent="globals/BasicCustomDelegate" pc="268439894" symbol="onBack"/>
<entry filename="C:\\Users\\utente\\Desktop\\test-iq\\source\\MenuSampleBasicCustom.mc" id="53" lineNum="79" parent="globals/BasicCustomDelegate" pc="268439923" symbol="onWrap"/>
<entry filename="C:\\Users\\utente\\Desktop\\test-iq\\source\\MenuSampleBasicCustom.mc" id="53" lineNum="81" parent="globals/BasicCustomDelegate" pc="268439927" symbol="onWrap"/>
<entry filename="C:\\Users\\utente\\Desktop\\test-iq\\source\\MenuSampleBasicCustom.mc" id="54" lineNum="57" parent="globals/BasicCustomDelegate" pc="268445026" symbol="&lt;init&gt;"/>
<entry filename="C:\\Users\\utente\\Desktop\\test-iq\\source\\MenuSampleBasicCustom.mc" id="54" lineNum="57" parent="globals/BasicCustomDelegate" pc="268445026" symbol="&lt;init&gt;"/>
<entry filename="C:\\Users\\utente\\Desktop\\test-iq\\source\\MenuSampleBasicCustom.mc" id="55" lineNum="94" parent="globals/CustomItem" pc="268439931" symbol="initialize"/>
<entry filename="C:\\Users\\utente\\Desktop\\test-iq\\source\\MenuSampleBasicCustom.mc" id="55" lineNum="95" parent="globals/CustomItem" pc="268439935" symbol="initialize"/>
<entry filename="C:\\Users\\utente\\Desktop\\test-iq\\source\\MenuSampleBasicCustom.mc" id="55" lineNum="96" parent="globals/CustomItem" pc="268439961" symbol="initialize"/>
<entry filename="C:\\Users\\utente\\Desktop\\test-iq\\source\\MenuSampleBasicCustom.mc" id="56" lineNum="101" parent="globals/CustomItem" pc="268439972" symbol="draw"/>
<entry filename="C:\\Users\\utente\\Desktop\\test-iq\\source\\MenuSampleBasicCustom.mc" id="56" lineNum="102" parent="globals/CustomItem" pc="268439976" symbol="draw"/>
<entry filename="C:\\Users\\utente\\Desktop\\test-iq\\source\\MenuSampleBasicCustom.mc" id="56" lineNum="103" parent="globals/CustomItem" pc="268439990" symbol="draw"/>
<entry filename="C:\\Users\\utente\\Desktop\\test-iq\\source\\MenuSampleBasicCustom.mc" id="56" lineNum="104" parent="globals/CustomItem" pc="268440004" symbol="draw"/>
<entry filename="C:\\Users\\utente\\Desktop\\test-iq\\source\\MenuSampleBasicCustom.mc" id="56" lineNum="107" parent="globals/CustomItem" pc="268440021" symbol="draw"/>
<entry filename="C:\\Users\\utente\\Desktop\\test-iq\\source\\MenuSampleBasicCustom.mc" id="56" lineNum="108" parent="globals/CustomItem" pc="268440035" symbol="draw"/>
<entry filename="C:\\Users\\utente\\Desktop\\test-iq\\source\\MenuSampleBasicCustom.mc" id="56" lineNum="109" parent="globals/CustomItem" pc="268440071" symbol="draw"/>
<entry filename="C:\\Users\\utente\\Desktop\\test-iq\\source\\MenuSampleBasicCustom.mc" id="56" lineNum="112" parent="globals/CustomItem" pc="268440086" symbol="draw"/>
<entry filename="C:\\Users\\utente\\Desktop\\test-iq\\source\\MenuSampleBasicCustom.mc" id="56" lineNum="113" parent="globals/CustomItem" pc="268440122" symbol="draw"/>
<entry filename="C:\\Users\\utente\\Desktop\\test-iq\\source\\MenuSampleBasicCustom.mc" id="56" lineNum="114" parent="globals/CustomItem" pc="268440203" symbol="draw"/>
<entry filename="C:\\Users\\utente\\Desktop\\test-iq\\source\\MenuSampleBasicCustom.mc" id="56" lineNum="115" parent="globals/CustomItem" pc="268440239" symbol="draw"/>
<entry filename="C:\\Users\\utente\\Desktop\\test-iq\\source\\MenuSampleBasicCustom.mc" id="56" lineNum="116" parent="globals/CustomItem" pc="268440277" symbol="draw"/>
<entry filename="C:\\Users\\utente\\Desktop\\test-iq\\source\\MenuSampleBasicCustom.mc" id="57" lineNum="121" parent="globals/CustomItem" pc="268440340" symbol="getLabel"/>
<entry filename="C:\\Users\\utente\\Desktop\\test-iq\\source\\MenuSampleBasicCustom.mc" id="57" lineNum="122" parent="globals/CustomItem" pc="268440344" symbol="getLabel"/>
<entry filename="C:\\Users\\utente\\Desktop\\test-iq\\source\\MenuSampleBasicCustom.mc" id="58" lineNum="87" parent="globals/CustomItem" pc="268444806" symbol="&lt;init&gt;"/>
<entry filename="C:\\Users\\utente\\Desktop\\test-iq\\source\\MenuSampleBasicCustom.mc" id="58" lineNum="87" parent="globals/CustomItem" pc="268444806" symbol="&lt;init&gt;"/>
<entry filename="C:\\Users\\utente\\Desktop\\test-iq\\source\\MenuSampleBasicCustom.mc" id="59" lineNum="130" parent="globals/DrawableMenuFooter" pc="268440354" symbol="initialize"/>
<entry filename="C:\\Users\\utente\\Desktop\\test-iq\\source\\MenuSampleBasicCustom.mc" id="59" lineNum="131" parent="globals/DrawableMenuFooter" pc="268440358" symbol="initialize"/>
<entry filename="C:\\Users\\utente\\Desktop\\test-iq\\source\\MenuSampleBasicCustom.mc" id="60" lineNum="136" parent="globals/DrawableMenuFooter" pc="268440383" symbol="draw"/>
<entry filename="C:\\Users\\utente\\Desktop\\test-iq\\source\\MenuSampleBasicCustom.mc" id="60" lineNum="137" parent="globals/DrawableMenuFooter" pc="268440387" symbol="draw"/>
<entry filename="C:\\Users\\utente\\Desktop\\test-iq\\source\\MenuSampleBasicCustom.mc" id="60" lineNum="138" parent="globals/DrawableMenuFooter" pc="268440423" symbol="draw"/>
<entry filename="C:\\Users\\utente\\Desktop\\test-iq\\source\\MenuSampleBasicCustom.mc" id="61" lineNum="127" parent="globals/DrawableMenuFooter" pc="268444950" symbol="&lt;init&gt;"/>
<entry filename="C:\\Users\\utente\\Desktop\\test-iq\\source\\MenuSampleBasicCustom.mc" id="61" lineNum="127" parent="globals/DrawableMenuFooter" pc="268444950" symbol="&lt;init&gt;"/>
<entry filename="C:\\Users\\utente\\Desktop\\test-iq\\source\\MenuTestMenuDelegate.mc" id="63" lineNum="15" parent="globals/Menu2TestMenu2Delegate" pc="268440462" symbol="initialize"/>
<entry filename="C:\\Users\\utente\\Desktop\\test-iq\\source\\MenuTestMenuDelegate.mc" id="63" lineNum="16" parent="globals/Menu2TestMenu2Delegate" pc="268440466" symbol="initialize"/>
<entry filename="C:\\Users\\utente\\Desktop\\test-iq\\source\\MenuTestMenuDelegate.mc" id="64" lineNum="21" parent="globals/Menu2TestMenu2Delegate" pc="268440485" symbol="onSelect"/>
<entry filename="C:\\Users\\utente\\Desktop\\test-iq\\source\\MenuTestMenuDelegate.mc" id="64" lineNum="22" parent="globals/Menu2TestMenu2Delegate" pc="268440489" symbol="onSelect"/>
<entry filename="C:\\Users\\utente\\Desktop\\test-iq\\source\\MenuTestMenuDelegate.mc" id="64" lineNum="23" parent="globals/Menu2TestMenu2Delegate" pc="268440502" symbol="onSelect"/>
<entry filename="C:\\Users\\utente\\Desktop\\test-iq\\source\\MenuTestMenuDelegate.mc" id="64" lineNum="26" parent="globals/Menu2TestMenu2Delegate" pc="268440521" symbol="onSelect"/>
<entry filename="C:\\Users\\utente\\Desktop\\test-iq\\source\\MenuTestMenuDelegate.mc" id="64" lineNum="27" parent="globals/Menu2TestMenu2Delegate" pc="268440568" symbol="onSelect"/>
<entry filename="C:\\Users\\utente\\Desktop\\test-iq\\source\\MenuTestMenuDelegate.mc" id="64" lineNum="28" parent="globals/Menu2TestMenu2Delegate" pc="268440682" symbol="onSelect"/>
<entry filename="C:\\Users\\utente\\Desktop\\test-iq\\source\\MenuTestMenuDelegate.mc" id="64" lineNum="29" parent="globals/Menu2TestMenu2Delegate" pc="268440796" symbol="onSelect"/>
<entry filename="C:\\Users\\utente\\Desktop\\test-iq\\source\\MenuTestMenuDelegate.mc" id="64" lineNum="30" parent="globals/Menu2TestMenu2Delegate" pc="268440879" symbol="onSelect"/>
<entry filename="C:\\Users\\utente\\Desktop\\test-iq\\source\\MenuTestMenuDelegate.mc" id="64" lineNum="31" parent="globals/Menu2TestMenu2Delegate" pc="268440938" symbol="onSelect"/>
<entry filename="C:\\Users\\utente\\Desktop\\test-iq\\source\\MenuTestMenuDelegate.mc" id="64" lineNum="34" parent="globals/Menu2TestMenu2Delegate" pc="268440957" symbol="onSelect"/>
<entry filename="C:\\Users\\utente\\Desktop\\test-iq\\source\\MenuTestMenuDelegate.mc" id="64" lineNum="35" parent="globals/Menu2TestMenu2Delegate" pc="268441004" symbol="onSelect"/>
<entry filename="C:\\Users\\utente\\Desktop\\test-iq\\source\\MenuTestMenuDelegate.mc" id="64" lineNum="36" parent="globals/Menu2TestMenu2Delegate" pc="268441091" symbol="onSelect"/>
<entry filename="C:\\Users\\utente\\Desktop\\test-iq\\source\\MenuTestMenuDelegate.mc" id="64" lineNum="37" parent="globals/Menu2TestMenu2Delegate" pc="268441178" symbol="onSelect"/>
<entry filename="C:\\Users\\utente\\Desktop\\test-iq\\source\\MenuTestMenuDelegate.mc" id="64" lineNum="38" parent="globals/Menu2TestMenu2Delegate" pc="268441234" symbol="onSelect"/>
<entry filename="C:\\Users\\utente\\Desktop\\test-iq\\source\\MenuTestMenuDelegate.mc" id="64" lineNum="39" parent="globals/Menu2TestMenu2Delegate" pc="268441293" symbol="onSelect"/>
<entry filename="C:\\Users\\utente\\Desktop\\test-iq\\source\\MenuTestMenuDelegate.mc" id="64" lineNum="42" parent="globals/Menu2TestMenu2Delegate" pc="268441312" symbol="onSelect"/>
<entry filename="C:\\Users\\utente\\Desktop\\test-iq\\source\\MenuTestMenuDelegate.mc" id="64" lineNum="43" parent="globals/Menu2TestMenu2Delegate" pc="268441359" symbol="onSelect"/>
<entry filename="C:\\Users\\utente\\Desktop\\test-iq\\source\\MenuTestMenuDelegate.mc" id="64" lineNum="44" parent="globals/Menu2TestMenu2Delegate" pc="268441387" symbol="onSelect"/>
<entry filename="C:\\Users\\utente\\Desktop\\test-iq\\source\\MenuTestMenuDelegate.mc" id="64" lineNum="45" parent="globals/Menu2TestMenu2Delegate" pc="268441415" symbol="onSelect"/>
<entry filename="C:\\Users\\utente\\Desktop\\test-iq\\source\\MenuTestMenuDelegate.mc" id="64" lineNum="46" parent="globals/Menu2TestMenu2Delegate" pc="268441443" symbol="onSelect"/>
<entry filename="C:\\Users\\utente\\Desktop\\test-iq\\source\\MenuTestMenuDelegate.mc" id="64" lineNum="47" parent="globals/Menu2TestMenu2Delegate" pc="268441536" symbol="onSelect"/>
<entry filename="C:\\Users\\utente\\Desktop\\test-iq\\source\\MenuTestMenuDelegate.mc" id="64" lineNum="48" parent="globals/Menu2TestMenu2Delegate" pc="268441629" symbol="onSelect"/>
<entry filename="C:\\Users\\utente\\Desktop\\test-iq\\source\\MenuTestMenuDelegate.mc" id="64" lineNum="49" parent="globals/Menu2TestMenu2Delegate" pc="268441691" symbol="onSelect"/>
<entry filename="C:\\Users\\utente\\Desktop\\test-iq\\source\\MenuTestMenuDelegate.mc" id="64" lineNum="50" parent="globals/Menu2TestMenu2Delegate" pc="268441750" symbol="onSelect"/>
<entry filename="C:\\Users\\utente\\Desktop\\test-iq\\source\\MenuTestMenuDelegate.mc" id="64" lineNum="53" parent="globals/Menu2TestMenu2Delegate" pc="268441769" symbol="onSelect"/>
<entry filename="C:\\Users\\utente\\Desktop\\test-iq\\source\\MenuTestMenuDelegate.mc" id="64" lineNum="54" parent="globals/Menu2TestMenu2Delegate" pc="268441816" symbol="onSelect"/>
<entry filename="C:\\Users\\utente\\Desktop\\test-iq\\source\\MenuTestMenuDelegate.mc" id="64" lineNum="55" parent="globals/Menu2TestMenu2Delegate" pc="268441866" symbol="onSelect"/>
<entry filename="C:\\Users\\utente\\Desktop\\test-iq\\source\\MenuTestMenuDelegate.mc" id="64" lineNum="56" parent="globals/Menu2TestMenu2Delegate" pc="268441916" symbol="onSelect"/>
<entry filename="C:\\Users\\utente\\Desktop\\test-iq\\source\\MenuTestMenuDelegate.mc" id="64" lineNum="57" parent="globals/Menu2TestMenu2Delegate" pc="268441966" symbol="onSelect"/>
<entry filename="C:\\Users\\utente\\Desktop\\test-iq\\source\\MenuTestMenuDelegate.mc" id="64" lineNum="59" parent="globals/Menu2TestMenu2Delegate" pc="268442025" symbol="onSelect"/>
<entry filename="C:\\Users\\utente\\Desktop\\test-iq\\source\\MenuTestMenuDelegate.mc" id="65" lineNum="64" parent="globals/Menu2TestMenu2Delegate" pc="268442042" symbol="onBack"/>
<entry filename="C:\\Users\\utente\\Desktop\\test-iq\\source\\MenuTestMenuDelegate.mc" id="65" lineNum="65" parent="globals/Menu2TestMenu2Delegate" pc="268442046" symbol="onBack"/>
<entry filename="C:\\Users\\utente\\Desktop\\test-iq\\source\\MenuTestMenuDelegate.mc" id="66" lineNum="12" parent="globals/Menu2TestMenu2Delegate" pc="268445197" symbol="&lt;init&gt;"/>
<entry filename="C:\\Users\\utente\\Desktop\\test-iq\\source\\MenuTestMenuDelegate.mc" id="66" lineNum="12" parent="globals/Menu2TestMenu2Delegate" pc="268445197" symbol="&lt;init&gt;"/>
<entry filename="C:\\Users\\utente\\Desktop\\test-iq\\source\\MenuTestMenuDelegate.mc" id="67" lineNum="73" parent="globals/Menu2SampleSubMenuDelegate" pc="268442075" symbol="initialize"/>
<entry filename="C:\\Users\\utente\\Desktop\\test-iq\\source\\MenuTestMenuDelegate.mc" id="67" lineNum="74" parent="globals/Menu2SampleSubMenuDelegate" pc="268442079" symbol="initialize"/>
<entry filename="C:\\Users\\utente\\Desktop\\test-iq\\source\\MenuTestMenuDelegate.mc" id="68" lineNum="79" parent="globals/Menu2SampleSubMenuDelegate" pc="268442098" symbol="onSelect"/>
<entry filename="C:\\Users\\utente\\Desktop\\test-iq\\source\\MenuTestMenuDelegate.mc" id="68" lineNum="83" parent="globals/Menu2SampleSubMenuDelegate" pc="268442102" symbol="onSelect"/>
<entry filename="C:\\Users\\utente\\Desktop\\test-iq\\source\\MenuTestMenuDelegate.mc" id="68" lineNum="84" parent="globals/Menu2SampleSubMenuDelegate" pc="268442120" symbol="onSelect"/>
<entry filename="C:\\Users\\utente\\Desktop\\test-iq\\source\\MenuTestMenuDelegate.mc" id="68" lineNum="86" parent="globals/Menu2SampleSubMenuDelegate" pc="268442155" symbol="onSelect"/>
<entry filename="C:\\Users\\utente\\Desktop\\test-iq\\source\\MenuTestMenuDelegate.mc" id="69" lineNum="90" parent="globals/Menu2SampleSubMenuDelegate" pc="268442172" symbol="onBack"/>
<entry filename="C:\\Users\\utente\\Desktop\\test-iq\\source\\MenuTestMenuDelegate.mc" id="69" lineNum="91" parent="globals/Menu2SampleSubMenuDelegate" pc="268442176" symbol="onBack"/>
<entry filename="C:\\Users\\utente\\Desktop\\test-iq\\source\\MenuTestMenuDelegate.mc" id="70" lineNum="95" parent="globals/Menu2SampleSubMenuDelegate" pc="268442205" symbol="onDone"/>
<entry filename="C:\\Users\\utente\\Desktop\\test-iq\\source\\MenuTestMenuDelegate.mc" id="70" lineNum="96" parent="globals/Menu2SampleSubMenuDelegate" pc="268442209" symbol="onDone"/>
<entry filename="C:\\Users\\utente\\Desktop\\test-iq\\source\\MenuTestMenuDelegate.mc" id="71" lineNum="70" parent="globals/Menu2SampleSubMenuDelegate" pc="268445064" symbol="&lt;init&gt;"/>
<entry filename="C:\\Users\\utente\\Desktop\\test-iq\\source\\MenuTestMenuDelegate.mc" id="71" lineNum="70" parent="globals/Menu2SampleSubMenuDelegate" pc="268445064" symbol="&lt;init&gt;"/>
<entry filename="C:\\Users\\utente\\Desktop\\test-iq\\source\\MenuTestMenuDelegate.mc" id="72" lineNum="104" parent="globals/Menu2SampleCustomDelegate" pc="268442238" symbol="initialize"/>
<entry filename="C:\\Users\\utente\\Desktop\\test-iq\\source\\MenuTestMenuDelegate.mc" id="72" lineNum="105" parent="globals/Menu2SampleCustomDelegate" pc="268442242" symbol="initialize"/>
<entry filename="C:\\Users\\utente\\Desktop\\test-iq\\source\\MenuTestMenuDelegate.mc" id="73" lineNum="110" parent="globals/Menu2SampleCustomDelegate" pc="268442261" symbol="onSelect"/>
<entry filename="C:\\Users\\utente\\Desktop\\test-iq\\source\\MenuTestMenuDelegate.mc" id="73" lineNum="111" parent="globals/Menu2SampleCustomDelegate" pc="268442265" symbol="onSelect"/>
<entry filename="C:\\Users\\utente\\Desktop\\test-iq\\source\\MenuTestMenuDelegate.mc" id="73" lineNum="114" parent="globals/Menu2SampleCustomDelegate" pc="268442278" symbol="onSelect"/>
<entry filename="C:\\Users\\utente\\Desktop\\test-iq\\source\\MenuTestMenuDelegate.mc" id="73" lineNum="115" parent="globals/Menu2SampleCustomDelegate" pc="268442289" symbol="onSelect"/>
<entry filename="C:\\Users\\utente\\Desktop\\test-iq\\source\\MenuTestMenuDelegate.mc" id="73" lineNum="116" parent="globals/Menu2SampleCustomDelegate" pc="268442308" symbol="onSelect"/>
<entry filename="C:\\Users\\utente\\Desktop\\test-iq\\source\\MenuTestMenuDelegate.mc" id="73" lineNum="117" parent="globals/Menu2SampleCustomDelegate" pc="268442319" symbol="onSelect"/>
<entry filename="C:\\Users\\utente\\Desktop\\test-iq\\source\\MenuTestMenuDelegate.mc" id="73" lineNum="118" parent="globals/Menu2SampleCustomDelegate" pc="268442338" symbol="onSelect"/>
<entry filename="C:\\Users\\utente\\Desktop\\test-iq\\source\\MenuTestMenuDelegate.mc" id="73" lineNum="119" parent="globals/Menu2SampleCustomDelegate" pc="268442349" symbol="onSelect"/>
<entry filename="C:\\Users\\utente\\Desktop\\test-iq\\source\\MenuTestMenuDelegate.mc" id="74" lineNum="124" parent="globals/Menu2SampleCustomDelegate" pc="268442369" symbol="onBack"/>
<entry filename="C:\\Users\\utente\\Desktop\\test-iq\\source\\MenuTestMenuDelegate.mc" id="74" lineNum="125" parent="globals/Menu2SampleCustomDelegate" pc="268442373" symbol="onBack"/>
<entry filename="C:\\Users\\utente\\Desktop\\test-iq\\source\\MenuTestMenuDelegate.mc" id="75" lineNum="101" parent="globals/Menu2SampleCustomDelegate" pc="268444825" symbol="&lt;init&gt;"/>
<entry filename="C:\\Users\\utente\\Desktop\\test-iq\\source\\MenuTestMenuDelegate.mc" id="75" lineNum="101" parent="globals/Menu2SampleCustomDelegate" pc="268444825" symbol="&lt;init&gt;"/>
<entry filename="C:\\Users\\utente\\Desktop\\test-iq\\source\\MenuTestMenuDelegate.mc" id="76" lineNum="141" parent="globals/CustomIcon" pc="268442402" symbol="initialize"/>
<entry filename="C:\\Users\\utente\\Desktop\\test-iq\\source\\MenuTestMenuDelegate.mc" id="76" lineNum="142" parent="globals/CustomIcon" pc="268442406" symbol="initialize"/>
<entry filename="C:\\Users\\utente\\Desktop\\test-iq\\source\\MenuTestMenuDelegate.mc" id="76" lineNum="143" parent="globals/CustomIcon" pc="268442430" symbol="initialize"/>
<entry filename="C:\\Users\\utente\\Desktop\\test-iq\\source\\MenuTestMenuDelegate.mc" id="77" lineNum="148" parent="globals/CustomIcon" pc="268442444" symbol="nextState"/>
<entry filename="C:\\Users\\utente\\Desktop\\test-iq\\source\\MenuTestMenuDelegate.mc" id="77" lineNum="149" parent="globals/CustomIcon" pc="268442448" symbol="nextState"/>
<entry filename="C:\\Users\\utente\\Desktop\\test-iq\\source\\MenuTestMenuDelegate.mc" id="77" lineNum="150" parent="globals/CustomIcon" pc="268442467" symbol="nextState"/>
<entry filename="C:\\Users\\utente\\Desktop\\test-iq\\source\\MenuTestMenuDelegate.mc" id="77" lineNum="151" parent="globals/CustomIcon" pc="268442496" symbol="nextState"/>
<entry filename="C:\\Users\\utente\\Desktop\\test-iq\\source\\MenuTestMenuDelegate.mc" id="77" lineNum="154" parent="globals/CustomIcon" pc="268442512" symbol="nextState"/>
<entry filename="C:\\Users\\utente\\Desktop\\test-iq\\source\\MenuTestMenuDelegate.mc" id="78" lineNum="159" parent="globals/CustomIcon" pc="268442531" symbol="getString"/>
<entry filename="C:\\Users\\utente\\Desktop\\test-iq\\source\\MenuTestMenuDelegate.mc" id="78" lineNum="160" parent="globals/CustomIcon" pc="268442535" symbol="getString"/>
<entry filename="C:\\Users\\utente\\Desktop\\test-iq\\source\\MenuTestMenuDelegate.mc" id="79" lineNum="166" parent="globals/CustomIcon" pc="268442554" symbol="draw"/>
<entry filename="C:\\Users\\utente\\Desktop\\test-iq\\source\\MenuTestMenuDelegate.mc" id="79" lineNum="167" parent="globals/CustomIcon" pc="268442558" symbol="draw"/>
<entry filename="C:\\Users\\utente\\Desktop\\test-iq\\source\\MenuTestMenuDelegate.mc" id="79" lineNum="168" parent="globals/CustomIcon" pc="268442577" symbol="draw"/>
<entry filename="C:\\Users\\utente\\Desktop\\test-iq\\source\\MenuTestMenuDelegate.mc" id="79" lineNum="169" parent="globals/CustomIcon" pc="268442593" symbol="draw"/>
<entry filename="C:\\Users\\utente\\Desktop\\test-iq\\source\\MenuTestMenuDelegate.mc" id="80" lineNum="133" parent="globals/CustomIcon" pc="268444561" symbol="&lt;init&gt;"/>
<entry filename="C:\\Users\\utente\\Desktop\\test-iq\\source\\MenuTestMenuDelegate.mc" id="80" lineNum="135" parent="globals/CustomIcon" pc="268444579" symbol="&lt;init&gt;"/>
<entry filename="C:\\Users\\utente\\Desktop\\test-iq\\source\\MenuTestMenuDelegate.mc" id="80" lineNum="137" parent="globals/CustomIcon" pc="268444713" symbol="&lt;init&gt;"/>
<entry filename="C:\\Users\\utente\\Desktop\\test-iq\\source\\MenuTestMenuDelegate.mc" id="80" lineNum="133" parent="globals/CustomIcon" pc="268444561" symbol="&lt;init&gt;"/>
<entry filename="C:\\Users\\utente\\Desktop\\test-iq\\source\\MenuSampleImagesCustom.mc" id="82" lineNum="12" parent="globals" pc="268442606" symbol="pushImagesCustom"/>
<entry filename="C:\\Users\\utente\\Desktop\\test-iq\\source\\MenuSampleImagesCustom.mc" id="82" lineNum="13" parent="globals" pc="268442618" symbol="pushImagesCustom"/>
<entry filename="C:\\Users\\utente\\Desktop\\test-iq\\source\\MenuSampleImagesCustom.mc" id="82" lineNum="14" parent="globals" pc="268442663" symbol="pushImagesCustom"/>
<entry filename="C:\\Users\\utente\\Desktop\\test-iq\\source\\MenuSampleImagesCustom.mc" id="82" lineNum="15" parent="globals" pc="268442750" symbol="pushImagesCustom"/>
<entry filename="C:\\Users\\utente\\Desktop\\test-iq\\source\\MenuSampleImagesCustom.mc" id="82" lineNum="16" parent="globals" pc="268442837" symbol="pushImagesCustom"/>
<entry filename="C:\\Users\\utente\\Desktop\\test-iq\\source\\MenuSampleImagesCustom.mc" id="82" lineNum="17" parent="globals" pc="268442924" symbol="pushImagesCustom"/>
<entry filename="C:\\Users\\utente\\Desktop\\test-iq\\source\\MenuSampleImagesCustom.mc" id="82" lineNum="18" parent="globals" pc="268443011" symbol="pushImagesCustom"/>
<entry filename="C:\\Users\\utente\\Desktop\\test-iq\\source\\MenuSampleImagesCustom.mc" id="82" lineNum="19" parent="globals" pc="268443098" symbol="pushImagesCustom"/>
<entry filename="C:\\Users\\utente\\Desktop\\test-iq\\source\\MenuSampleImagesCustom.mc" id="83" lineNum="29" parent="globals/ImagesMenu" pc="268443155" symbol="initialize"/>
<entry filename="C:\\Users\\utente\\Desktop\\test-iq\\source\\MenuSampleImagesCustom.mc" id="83" lineNum="30" parent="globals/ImagesMenu" pc="268443159" symbol="initialize"/>
<entry filename="C:\\Users\\utente\\Desktop\\test-iq\\source\\MenuSampleImagesCustom.mc" id="84" lineNum="35" parent="globals/ImagesMenu" pc="268443188" symbol="drawTitle"/>
<entry filename="C:\\Users\\utente\\Desktop\\test-iq\\source\\MenuSampleImagesCustom.mc" id="84" lineNum="36" parent="globals/ImagesMenu" pc="268443192" symbol="drawTitle"/>
<entry filename="C:\\Users\\utente\\Desktop\\test-iq\\source\\MenuSampleImagesCustom.mc" id="84" lineNum="37" parent="globals/ImagesMenu" pc="268443228" symbol="drawTitle"/>
<entry filename="C:\\Users\\utente\\Desktop\\test-iq\\source\\MenuSampleImagesCustom.mc" id="84" lineNum="38" parent="globals/ImagesMenu" pc="268443245" symbol="drawTitle"/>
<entry filename="C:\\Users\\utente\\Desktop\\test-iq\\source\\MenuSampleImagesCustom.mc" id="84" lineNum="39" parent="globals/ImagesMenu" pc="268443307" symbol="drawTitle"/>
<entry filename="C:\\Users\\utente\\Desktop\\test-iq\\source\\MenuSampleImagesCustom.mc" id="84" lineNum="40" parent="globals/ImagesMenu" pc="268443324" symbol="drawTitle"/>
<entry filename="C:\\Users\\utente\\Desktop\\test-iq\\source\\MenuSampleImagesCustom.mc" id="84" lineNum="41" parent="globals/ImagesMenu" pc="268443360" symbol="drawTitle"/>
<entry filename="C:\\Users\\utente\\Desktop\\test-iq\\source\\MenuSampleImagesCustom.mc" id="85" lineNum="24" parent="globals/ImagesMenu" pc="268444893" symbol="&lt;init&gt;"/>
<entry filename="C:\\Users\\utente\\Desktop\\test-iq\\source\\MenuSampleImagesCustom.mc" id="85" lineNum="24" parent="globals/ImagesMenu" pc="268444893" symbol="&lt;init&gt;"/>
<entry filename="C:\\Users\\utente\\Desktop\\test-iq\\source\\MenuSampleImagesCustom.mc" id="86" lineNum="49" parent="globals/ImagesCustomDelegate" pc="268443449" symbol="initialize"/>
<entry filename="C:\\Users\\utente\\Desktop\\test-iq\\source\\MenuSampleImagesCustom.mc" id="86" lineNum="50" parent="globals/ImagesCustomDelegate" pc="268443453" symbol="initialize"/>
<entry filename="C:\\Users\\utente\\Desktop\\test-iq\\source\\MenuSampleImagesCustom.mc" id="87" lineNum="55" parent="globals/ImagesCustomDelegate" pc="268443472" symbol="onSelect"/>
<entry filename="C:\\Users\\utente\\Desktop\\test-iq\\source\\MenuSampleImagesCustom.mc" id="87" lineNum="56" parent="globals/ImagesCustomDelegate" pc="268443476" symbol="onSelect"/>
<entry filename="C:\\Users\\utente\\Desktop\\test-iq\\source\\MenuSampleImagesCustom.mc" id="88" lineNum="60" parent="globals/ImagesCustomDelegate" pc="268443493" symbol="onBack"/>
<entry filename="C:\\Users\\utente\\Desktop\\test-iq\\source\\MenuSampleImagesCustom.mc" id="88" lineNum="61" parent="globals/ImagesCustomDelegate" pc="268443497" symbol="onBack"/>
<entry filename="C:\\Users\\utente\\Desktop\\test-iq\\source\\MenuSampleImagesCustom.mc" id="89" lineNum="46" parent="globals/ImagesCustomDelegate" pc="268445121" symbol="&lt;init&gt;"/>
<entry filename="C:\\Users\\utente\\Desktop\\test-iq\\source\\MenuSampleImagesCustom.mc" id="89" lineNum="46" parent="globals/ImagesCustomDelegate" pc="268445121" symbol="&lt;init&gt;"/>
<entry filename="C:\\Users\\utente\\Desktop\\test-iq\\source\\MenuSampleImagesCustom.mc" id="90" lineNum="77" parent="globals/CustomImagesItem" pc="268443526" symbol="initialize"/>
<entry filename="C:\\Users\\utente\\Desktop\\test-iq\\source\\MenuSampleImagesCustom.mc" id="90" lineNum="78" parent="globals/CustomImagesItem" pc="268443530" symbol="initialize"/>
<entry filename="C:\\Users\\utente\\Desktop\\test-iq\\source\\MenuSampleImagesCustom.mc" id="90" lineNum="79" parent="globals/CustomImagesItem" pc="268443556" symbol="initialize"/>
<entry filename="C:\\Users\\utente\\Desktop\\test-iq\\source\\MenuSampleImagesCustom.mc" id="90" lineNum="80" parent="globals/CustomImagesItem" pc="268443566" symbol="initialize"/>
<entry filename="C:\\Users\\utente\\Desktop\\test-iq\\source\\MenuSampleImagesCustom.mc" id="90" lineNum="81" parent="globals/CustomImagesItem" pc="268443576" symbol="initialize"/>
<entry filename="C:\\Users\\utente\\Desktop\\test-iq\\source\\MenuSampleImagesCustom.mc" id="91" lineNum="86" parent="globals/CustomImagesItem" pc="268443608" symbol="draw"/>
<entry filename="C:\\Users\\utente\\Desktop\\test-iq\\source\\MenuSampleImagesCustom.mc" id="91" lineNum="87" parent="globals/CustomImagesItem" pc="268443612" symbol="draw"/>
<entry filename="C:\\Users\\utente\\Desktop\\test-iq\\source\\MenuSampleImagesCustom.mc" id="91" lineNum="88" parent="globals/CustomImagesItem" pc="268443626" symbol="draw"/>
<entry filename="C:\\Users\\utente\\Desktop\\test-iq\\source\\MenuSampleImagesCustom.mc" id="91" lineNum="89" parent="globals/CustomImagesItem" pc="268443654" symbol="draw"/>
<entry filename="C:\\Users\\utente\\Desktop\\test-iq\\source\\MenuSampleImagesCustom.mc" id="91" lineNum="90" parent="globals/CustomImagesItem" pc="268443668" symbol="draw"/>
<entry filename="C:\\Users\\utente\\Desktop\\test-iq\\source\\MenuSampleImagesCustom.mc" id="91" lineNum="93" parent="globals/CustomImagesItem" pc="268443685" symbol="draw"/>
<entry filename="C:\\Users\\utente\\Desktop\\test-iq\\source\\MenuSampleImagesCustom.mc" id="91" lineNum="94" parent="globals/CustomImagesItem" pc="268443699" symbol="draw"/>
<entry filename="C:\\Users\\utente\\Desktop\\test-iq\\source\\MenuSampleImagesCustom.mc" id="91" lineNum="95" parent="globals/CustomImagesItem" pc="268443735" symbol="draw"/>
<entry filename="C:\\Users\\utente\\Desktop\\test-iq\\source\\MenuSampleImagesCustom.mc" id="91" lineNum="98" parent="globals/CustomImagesItem" pc="268443750" symbol="draw"/>
<entry filename="C:\\Users\\utente\\Desktop\\test-iq\\source\\MenuSampleImagesCustom.mc" id="91" lineNum="100" parent="globals/CustomImagesItem" pc="268443774" symbol="draw"/>
<entry filename="C:\\Users\\utente\\Desktop\\test-iq\\source\\MenuSampleImagesCustom.mc" id="91" lineNum="101" parent="globals/CustomImagesItem" pc="268443810" symbol="draw"/>
<entry filename="C:\\Users\\utente\\Desktop\\test-iq\\source\\MenuSampleImagesCustom.mc" id="92" lineNum="67" parent="globals/CustomImagesItem" pc="268445159" symbol="&lt;init&gt;"/>
<entry filename="C:\\Users\\utente\\Desktop\\test-iq\\source\\MenuSampleImagesCustom.mc" id="92" lineNum="67" parent="globals/CustomImagesItem" pc="268445159" symbol="&lt;init&gt;"/>
<entry filename="Rez" id="94" lineNum="17" parent="globals/Rez/Drawables/MenuForeground" pc="268443886" symbol="initialize"/>
<entry filename="Rez" id="94" lineNum="18" parent="globals/Rez/Drawables/MenuForeground" pc="268443890" symbol="initialize"/>
<entry filename="Rez" id="95" lineNum="21" parent="globals/Rez/Drawables/MenuForeground" pc="268443915" symbol="draw"/>
<entry filename="Rez" id="95" lineNum="22" parent="globals/Rez/Drawables/MenuForeground" pc="268443919" symbol="draw"/>
<entry filename="Rez" id="95" lineNum="23" parent="globals/Rez/Drawables/MenuForeground" pc="268443955" symbol="draw"/>
<entry filename="Rez" id="95" lineNum="24" parent="globals/Rez/Drawables/MenuForeground" pc="268443987" symbol="draw"/>
<entry filename="Rez" id="96" lineNum="15" parent="globals/Rez/Drawables/MenuForeground" pc="268444869" symbol="&lt;init&gt;"/>
<entry filename="Rez" id="96" lineNum="15" parent="globals/Rez/Drawables/MenuForeground" pc="268444869" symbol="&lt;init&gt;"/>
<entry filename="Rez" id="97" lineNum="2" parent="globals/Rez/Drawables" pc="268444868" symbol="&lt;init&gt;"/>
<entry filename="Rez" id="98" lineNum="31" parent="globals/Rez/Fonts" pc="268444889" symbol="&lt;init&gt;"/>
<entry filename="Rez" id="99" lineNum="33" parent="globals/Rez/JsonData" pc="268444891" symbol="&lt;init&gt;"/>
<entry filename="Rez" id="100" lineNum="42" parent="globals/Rez/Layouts" pc="268444024" symbol="MainLayout"/>
<entry filename="Rez" id="100" lineNum="44" parent="globals/Rez/Layouts" pc="268444036" symbol="MainLayout"/>
<entry filename="Rez" id="100" lineNum="45" parent="globals/Rez/Layouts" pc="268444188" symbol="MainLayout"/>
<entry filename="Rez" id="100" lineNum="46" parent="globals/Rez/Layouts" pc="268444340" symbol="MainLayout"/>
<entry filename="Rez" id="100" lineNum="48" parent="globals/Rez/Layouts" pc="268444522" symbol="MainLayout"/>
<entry filename="Rez" id="101" lineNum="35" parent="globals/Rez/Layouts" pc="268444890" symbol="&lt;init&gt;"/>
<entry filename="Rez" id="102" lineNum="53" parent="globals/Rez/Menus" pc="268444888" symbol="&lt;init&gt;"/>
<entry filename="Rez" id="103" lineNum="55" parent="globals/Rez/Strings" pc="268444892" symbol="&lt;init&gt;"/>
<entry filename="Rez" id="104" lineNum="1" parent="globals/Rez" pc="268444844" symbol="&lt;init&gt;"/>
<entry filename="Rez" id="104" lineNum="1" parent="globals/Rez" pc="268444844" symbol="&lt;init&gt;"/>
</pcToLineNum>
<symbolTable>
<entry field="true" id="53" symbol="&lt;globals/ItemView/&lt;&gt;_text&gt;"/>
<entry id="8388639" module="true" symbol="Graphics"/>
<entry id="66" symbol="basic"/>
<entry id="8389346" symbol="text"/>
<entry field="true" id="55" symbol="&lt;globals/CustomWrapItem/&lt;&gt;_textColor&gt;"/>
<entry field="true" id="44" symbol="mouse"/>
<entry id="8388632" method="true" symbol="&lt;init&gt;"/>
<entry id="67" symbol="images"/>
<entry id="26" object="true" symbol="Menu2SampleSubMenuDelegate"/>
<entry id="4" module="true" symbol="globals/Rez/Menus"/>
<entry id="8390740" method="true" symbol="drawTitle"/>
<entry id="8390437" symbol="alignment"/>
<entry id="16" object="true" symbol="Menu2TestDelegate"/>
<entry id="48" method="true" symbol="MainLayout"/>
<entry field="true" id="34" symbol="&lt;globals/CustomIcon/&lt;&gt;_colorStrings&gt;"/>
<entry id="28" object="true" symbol="CustomIcon"/>
<entry field="true" id="33" symbol="&lt;globals/CustomIcon/&lt;&gt;_colors&gt;"/>
<entry id="31" object="true" symbol="ImagesCustomDelegate"/>
<entry field="true" id="57" symbol="&lt;globals/CustomImagesItem/&lt;&gt;_bitmap&gt;"/>
<entry id="12" object="true" symbol="WrapBottomMenu"/>
<entry field="true" id="8388611" module="true" symbol="Toybox"/>
<entry id="8390413" method="true" symbol="getLabel"/>
<entry id="8390751" method="true" symbol="onFooter"/>
<entry field="true" id="52" symbol="AppName"/>
<entry field="true" id="50" symbol="HomeTitle"/>
<entry id="9" method="true" symbol="pushWrapCustom"/>
<entry id="8" module="true" symbol="globals/Rez/Strings"/>
<entry id="8389080" method="true" symbol="onMenu"/>
<entry id="8388772" module="true" object="true" symbol="Fonts"/>
<entry id="8388648" module="true" symbol="WatchUi"/>
<entry id="8389081" method="true" symbol="onBack"/>
<entry id="2" module="true" symbol="globals/Rez"/>
<entry id="8389124" method="true" symbol="onUpdate"/>
<entry field="true" id="8389065" symbol="locY"/>
<entry field="true" id="8389064" symbol="locX"/>
<entry id="8390754" symbol="foreground"/>
<entry id="8390422" method="true" symbol="onDone"/>
<entry id="8390439" symbol="disabled"/>
<entry id="8388771" module="true" object="true" symbol="Drawables"/>
<entry id="8389348" symbol="font"/>
<entry id="40" module="true" symbol="Menus"/>
<entry id="18" object="true" symbol="Menu2Sample"/>
<entry id="6" module="true" symbol="globals/Rez/Layouts"/>
<entry field="true" id="41" symbol="bear"/>
<entry id="8389122" method="true" symbol="onLayout"/>
<entry field="true" id="38" symbol="&lt;globals/CustomItem/&lt;&gt;_label&gt;"/>
<entry field="true" id="43" symbol="fox"/>
<entry id="8389349" symbol="justification"/>
<entry id="25" object="true" symbol="Menu2TestMenu2Delegate"/>
<entry id="19" object="true" symbol="Menu2TestView"/>
<entry id="23" object="true" symbol="CustomItem"/>
<entry id="7" module="true" symbol="globals/Rez/JsonData"/>
<entry id="3" module="true" symbol="globals/Rez/Drawables"/>
<entry id="68" symbol="wrap"/>
<entry id="8390752" symbol="focusItemHeight"/>
<entry id="21" object="true" symbol="ItemView"/>
<entry id="37" method="true" symbol="getString"/>
<entry field="true" id="56" symbol="&lt;globals/CustomImagesItem/&lt;&gt;_label&gt;"/>
<entry field="true" id="8390438" symbol="enabled"/>
<entry id="20" method="true" symbol="pushBasicCustom"/>
<entry id="22" object="true" symbol="BasicCustomDelegate"/>
<entry field="true" id="35" symbol="&lt;globals/CustomIcon/&lt;&gt;_index&gt;"/>
<entry id="8389619" method="true" symbol="onSelect"/>
<entry field="true" id="54" symbol="&lt;globals/CustomWrapItem/&lt;&gt;_label&gt;"/>
<entry id="8388769" module="true" object="true" symbol="Rez"/>
<entry id="27" object="true" symbol="Menu2SampleCustomDelegate"/>
<entry id="13" object="true" symbol="WrapTopCustomDelegate"/>
<entry id="8388640" module="true" symbol="Lang"/>
<entry id="65" symbol="item7"/>
<entry id="64" symbol="item6"/>
<entry id="63" symbol="item5"/>
<entry id="62" symbol="item4"/>
<entry id="61" symbol="item3"/>
<entry id="60" symbol="item2"/>
<entry id="59" symbol="item1"/>
<entry id="8390088" module="true" object="true" symbol="JsonData"/>
<entry id="8389068" method="true" symbol="draw"/>
<entry field="true" id="46" symbol="LauncherIcon"/>
<entry id="8388610" symbol="statics"/>
<entry id="8389123" method="true" symbol="onShow"/>
<entry field="true" id="49" symbol="MainMenuTitle"/>
<entry id="14" object="true" symbol="WrapBottomCustomDelegate"/>
<entry id="8389350" module="true" symbol="globals"/>
<entry id="8388770" module="true" object="true" symbol="Strings"/>
<entry id="8388702" method="true" symbol="initialize"/>
<entry field="true" id="51" symbol="Prompt"/>
<entry field="true" id="42" symbol="dog"/>
<entry id="30" object="true" symbol="ImagesMenu"/>
<entry id="8389279" method="true" symbol="onStart"/>
<entry id="15" object="true" symbol="CustomWrapItem"/>
<entry id="11" object="true" symbol="WrapTopMenu"/>
<entry id="8390753" symbol="footer"/>
<entry id="8390749" method="true" symbol="onWrap"/>
<entry id="8389280" method="true" symbol="getInitialView"/>
<entry id="8389281" method="true" symbol="onStop"/>
<entry field="true" id="58" symbol="&lt;globals/CustomImagesItem/&lt;&gt;_bitmapOffset&gt;"/>
<entry id="8389347" symbol="color"/>
<entry id="17" object="true" symbol="DrawableMenuTitle"/>
<entry id="8390750" method="true" symbol="onTitle"/>
<entry id="10" method="true" symbol="pushWrapCustomBottom"/>
<entry id="39" module="true" symbol="Layouts"/>
<entry field="true" id="45" symbol="turtle"/>
<entry id="32" object="true" symbol="CustomImagesItem"/>
<entry id="8390741" method="true" symbol="drawFooter"/>
<entry id="5" module="true" symbol="globals/Rez/Fonts"/>
<entry field="true" id="8389743" symbol="backgroundColor"/>
<entry id="8389125" method="true" symbol="onHide"/>
<entry id="8388635" module="true" symbol="Application"/>
<entry field="true" id="8389642" symbol="title"/>
<entry id="24" object="true" symbol="DrawableMenuFooter"/>
<entry id="36" method="true" symbol="nextState"/>
<entry id="47" object="true" symbol="MenuForeground"/>
<entry id="29" method="true" symbol="pushImagesCustom"/>
</symbolTable>
<localVars>
<entry endPc="268435748" name="customMenu" stackId="1" startPc="268435468"/>
<entry endPc="268436042" name="customMenu" stackId="1" startPc="268435762"/>
<entry arg="true" endPc="268436076" name="backgroundColor" stackId="2" startPc="268436044"/>
<entry arg="true" endPc="268436076" name="itemHeight" stackId="1" startPc="268436044"/>
<entry arg="true" endPc="268436337" name="dc" stackId="1" startPc="268436077"/>
<entry endPc="268436839" name="height" stackId="2" startPc="268436342"/>
<entry endPc="268436839" name="centerX" stackId="3" startPc="268436342"/>
<entry arg="true" endPc="268436840" name="dc" stackId="1" startPc="268436338"/>
<entry arg="true" endPc="268436873" name="backgroundColor" stackId="2" startPc="268436841"/>
<entry arg="true" endPc="268436873" name="itemHeight" stackId="1" startPc="268436841"/>
<entry endPc="268437383" name="centerX" stackId="2" startPc="268436878"/>
<entry arg="true" endPc="268437384" name="dc" stackId="1" startPc="268436874"/>
<entry arg="true" endPc="268437428" name="item" stackId="1" startPc="268437408"/>
<entry arg="true" endPc="268437506" name="key" stackId="1" startPc="268437462"/>
<entry arg="true" endPc="268437571" name="item" stackId="1" startPc="268437551"/>
<entry arg="true" endPc="268437689" name="key" stackId="1" startPc="268437633"/>
<entry arg="true" endPc="268437773" name="label" stackId="2" startPc="268437723"/>
<entry arg="true" endPc="268437773" name="textColor" stackId="3" startPc="268437723"/>
<entry arg="true" endPc="268437773" name="id" stackId="1" startPc="268437723"/>
<entry endPc="268438000" name="font" stackId="2" startPc="268437778"/>
<entry arg="true" endPc="268438001" name="dc" stackId="1" startPc="268437774"/>
<entry endPc="268438359" name="menu" stackId="1" startPc="268438029"/>
<entry endPc="268438732" name="labelWidth" stackId="5" startPc="268438394"/>
<entry endPc="268438732" name="bitmapY" stackId="7" startPc="268438394"/>
<entry endPc="268438732" name="appIcon" stackId="3" startPc="268438394"/>
<entry endPc="268438732" name="labelY" stackId="9" startPc="268438394"/>
<entry endPc="268438732" name="bitmapX" stackId="6" startPc="268438394"/>
<entry endPc="268438732" name="labelX" stackId="8" startPc="268438394"/>
<entry endPc="268438732" name="bitmapWidth" stackId="4" startPc="268438394"/>
<entry endPc="268438732" name="spacing" stackId="2" startPc="268438394"/>
<entry arg="true" endPc="268438733" name="dc" stackId="1" startPc="268438390"/>
<entry arg="true" endPc="268438761" name="state" stackId="1" startPc="268438757"/>
<entry arg="true" endPc="268438766" name="state" stackId="1" startPc="268438762"/>
<entry arg="true" endPc="268438915" name="dc" stackId="1" startPc="268438870"/>
<entry arg="true" endPc="268438945" name="dc" stackId="1" startPc="268438921"/>
<entry endPc="268439532" name="customMenu" stackId="1" startPc="268438963"/>
<entry arg="true" endPc="268439706" name="text" stackId="1" startPc="268439534"/>
<entry arg="true" endPc="268439779" name="dc" stackId="1" startPc="268439707"/>
<entry arg="true" endPc="268439889" name="item" stackId="1" startPc="268439803"/>
<entry arg="true" endPc="268439930" name="key" stackId="1" startPc="268439923"/>
<entry arg="true" endPc="268439971" name="text" stackId="2" startPc="268439931"/>
<entry arg="true" endPc="268439971" name="id" stackId="1" startPc="268439931"/>
<entry endPc="268440338" name="font" stackId="2" startPc="268439976"/>
<entry arg="true" endPc="268440339" name="dc" stackId="1" startPc="268439972"/>
<entry arg="true" endPc="268440461" name="dc" stackId="1" startPc="268440383"/>
<entry endPc="268440934" name="toggleMenu" stackId="3" startPc="268440521"/>
<entry endPc="268441289" name="checkMenu" stackId="4" startPc="268440957"/>
<entry endPc="268441746" name="drawable1" stackId="6" startPc="268441312"/>
<entry endPc="268441746" name="iconMenu" stackId="5" startPc="268441312"/>
<entry endPc="268441746" name="drawable3" stackId="8" startPc="268441312"/>
<entry endPc="268441746" name="drawable2" stackId="7" startPc="268441312"/>
<entry endPc="268442021" name="customMenu" stackId="9" startPc="268441769"/>
<entry endPc="268442040" name="id" stackId="2" startPc="268440489"/>
<entry arg="true" endPc="268442041" name="item" stackId="1" startPc="268440485"/>
<entry arg="true" endPc="268442171" name="item" stackId="1" startPc="268442098"/>
<entry endPc="268442367" name="id" stackId="2" startPc="268442265"/>
<entry arg="true" endPc="268442368" name="item" stackId="1" startPc="268442261"/>
<entry endPc="268442604" name="color" stackId="2" startPc="268442558"/>
<entry arg="true" endPc="268442605" name="dc" stackId="1" startPc="268442554"/>
<entry endPc="268443153" name="customMenu" stackId="1" startPc="268442618"/>
<entry arg="true" endPc="268443187" name="backgroundColor" stackId="2" startPc="268443155"/>
<entry arg="true" endPc="268443187" name="itemHeight" stackId="1" startPc="268443155"/>
<entry arg="true" endPc="268443448" name="dc" stackId="1" startPc="268443188"/>
<entry arg="true" endPc="268443492" name="item" stackId="1" startPc="268443472"/>
<entry arg="true" endPc="268443607" name="label" stackId="2" startPc="268443526"/>
<entry arg="true" endPc="268443607" name="bitmap" stackId="3" startPc="268443526"/>
<entry arg="true" endPc="268443607" name="id" stackId="1" startPc="268443526"/>
<entry endPc="268443884" name="font" stackId="2" startPc="268443612"/>
<entry endPc="268443884" name="bmXY" stackId="3" startPc="268443612"/>
<entry arg="true" endPc="268443885" name="dc" stackId="1" startPc="268443608"/>
<entry arg="true" endPc="268444023" name="dc" stackId="1" startPc="268443915"/>
<entry endPc="268444558" name="rez_cmp_local_text_9898739251" stackId="2" startPc="268444036"/>
<entry endPc="268444558" name="rez_cmp_local_text_8987265367" stackId="4" startPc="268444036"/>
<entry endPc="268444558" name="rez_cmp_local_text_1647142889" stackId="3" startPc="268444036"/>
<entry arg="true" endPc="268444559" name="dc" stackId="1" startPc="268444024"/>
</localVars>
<annotations>
<annotationEntry annotation="initialized" class="Drawables" module="globals/Rez" symbol="bear"/>
<annotationEntry annotation="initialized" class="Drawables" module="globals/Rez" symbol="dog"/>
<annotationEntry annotation="initialized" class="Drawables" module="globals/Rez" symbol="fox"/>
<annotationEntry annotation="initialized" class="Drawables" module="globals/Rez" symbol="mouse"/>
<annotationEntry annotation="initialized" class="Drawables" module="globals/Rez" symbol="turtle"/>
<annotationEntry annotation="initialized" class="Drawables" module="globals/Rez" symbol="LauncherIcon"/>
<annotationEntry annotation="initialized" class="Strings" module="globals/Rez" symbol="MainMenuTitle"/>
<annotationEntry annotation="initialized" class="Strings" module="globals/Rez" symbol="HomeTitle"/>
<annotationEntry annotation="initialized" class="Strings" module="globals/Rez" symbol="Prompt"/>
<annotationEntry annotation="initialized" class="Strings" module="globals/Rez" symbol="AppName"/>
</annotations>
<dataEntryOffsetMappings>
<dataEntry label="globals" offset="87" parentId="" symbolId="globals" type="module"/>
<dataEntry label="globals/CustomIcon" offset="326" parentId="globals" symbolId="CustomIcon" type="class"/>
<dataEntry label="globals/CustomItem" offset="421" parentId="globals" symbolId="CustomItem" type="class"/>
<dataEntry label="globals/Menu2SampleCustomDelegate" offset="492" parentId="globals" symbolId="Menu2SampleCustomDelegate" type="class"/>
<dataEntry label="globals/Rez" offset="555" parentId="globals" symbolId="Rez" type="module"/>
<dataEntry label="globals/Rez/Drawables" offset="634" parentId="Rez" symbolId="Drawables" type="module"/>
<dataEntry label="globals/Rez/Drawables/MenuForeground" offset="721" parentId="Drawables" symbolId="MenuForeground" type="class"/>
<dataEntry label="globals/Rez/Menus" offset="776" parentId="Rez" symbolId="Menus" type="module"/>
<dataEntry label="globals/Rez/Fonts" offset="807" parentId="Rez" symbolId="Fonts" type="module"/>
<dataEntry label="globals/Rez/Layouts" offset="838" parentId="Rez" symbolId="Layouts" type="module"/>
<dataEntry label="globals/Rez/JsonData" offset="877" parentId="Rez" symbolId="JsonData" type="module"/>
<dataEntry label="globals/Rez/Strings" offset="908" parentId="Rez" symbolId="Strings" type="module"/>
<dataEntry label="globals/ImagesMenu" offset="971" parentId="globals" symbolId="ImagesMenu" type="class"/>
<dataEntry label="globals/WrapTopMenu" offset="1026" parentId="globals" symbolId="WrapTopMenu" type="class"/>
<dataEntry label="globals/Menu2TestDelegate" offset="1089" parentId="globals" symbolId="Menu2TestDelegate" type="class"/>
<dataEntry label="globals/DrawableMenuFooter" offset="1144" parentId="globals" symbolId="DrawableMenuFooter" type="class"/>
<dataEntry label="globals/WrapBottomCustomDelegate" offset="1199" parentId="globals" symbolId="WrapBottomCustomDelegate" type="class"/>
<dataEntry label="globals/ItemView" offset="1278" parentId="globals" symbolId="ItemView" type="class"/>
<dataEntry label="globals/DrawableMenuTitle" offset="1341" parentId="globals" symbolId="DrawableMenuTitle" type="class"/>
<dataEntry label="globals/BasicCustomDelegate" offset="1396" parentId="globals" symbolId="BasicCustomDelegate" type="class"/>
<dataEntry label="globals/WrapBottomMenu" offset="1467" parentId="globals" symbolId="WrapBottomMenu" type="class"/>
<dataEntry label="globals/Menu2SampleSubMenuDelegate" offset="1522" parentId="globals" symbolId="Menu2SampleSubMenuDelegate" type="class"/>
<dataEntry label="globals/WrapTopCustomDelegate" offset="1593" parentId="globals" symbolId="WrapTopCustomDelegate" type="class"/>
<dataEntry label="globals/Menu2Sample" offset="1672" parentId="globals" symbolId="Menu2Sample" type="class"/>
<dataEntry label="globals/ImagesCustomDelegate" offset="1743" parentId="globals" symbolId="ImagesCustomDelegate" type="class"/>
<dataEntry label="globals/CustomWrapItem" offset="1806" parentId="globals" symbolId="CustomWrapItem" type="class"/>
<dataEntry label="globals/CustomImagesItem" offset="1877" parentId="globals" symbolId="CustomImagesItem" type="class"/>
<dataEntry label="globals/Menu2TestView" offset="1956" parentId="globals" symbolId="Menu2TestView" type="class"/>
<dataEntry label="globals/Menu2TestMenu2Delegate" offset="2035" parentId="globals" symbolId="Menu2TestMenu2Delegate" type="class"/>
</dataEntryOffsetMappings>
<functions>
<functionEntry accessMode="public" endPc="268435749" name="pushWrapCustom" startPc="268435456">
<documentation><![CDATA[<div class="description"> Create the top menu of the Wrap custom menu<br/></div>]]></documentation>
</functionEntry>
<functionEntry accessMode="public" endPc="268436043" name="pushWrapCustomBottom" startPc="268435750">
<documentation><![CDATA[<div class="description"> Create the sub-menu menu of the Wrap custom menu<br/></div>]]></documentation>
</functionEntry>
<functionEntry accessMode="public" endPc="268436076" name="initialize" parent="WrapTopMenu" startPc="268436044">
<param id="itemHeight"/>
<param id="backgroundColor"/>
<documentation><![CDATA[<div class="description"> Constructor<br/> <div class="param"> itemHeight The pixel height of menu items rendered by this menu</div><br/> <div class="param"> backgroundColor The color for the menu background</div><br/></div>]]></documentation>
</functionEntry>
<functionEntry accessMode="public" endPc="268436337" name="drawTitle" parent="WrapTopMenu" startPc="268436077">
<param id="dc"/>
<documentation><![CDATA[<div class="description"> Draw the menu title<br/> <div class="param"> dc Device Context</div><br/></div>]]></documentation>
</functionEntry>
<functionEntry accessMode="public" endPc="268436840" name="drawFooter" parent="WrapTopMenu" startPc="268436338">
<param id="dc"/>
<documentation><![CDATA[<div class="description"> Draw the menu footer<br/> <div class="param"> dc Device Context</div><br/></div>]]></documentation>
</functionEntry>
<functionEntry accessMode="protected" endPc="268444930" name="&lt;init&gt;" parent="WrapTopMenu" startPc="268444912">
<documentation/>
</functionEntry>
<functionEntry accessMode="public" endPc="268436873" name="initialize" parent="WrapBottomMenu" startPc="268436841">
<param id="itemHeight"/>
<param id="backgroundColor"/>
<documentation><![CDATA[<div class="description"> Constructor<br/> <div class="param"> itemHeight The pixel height of menu items rendered by this menu</div><br/> <div class="param"> backgroundColor The color for the menu background</div><br/></div>]]></documentation>
</functionEntry>
<functionEntry accessMode="public" endPc="268437384" name="drawTitle" parent="WrapBottomMenu" startPc="268436874">
<param id="dc"/>
<documentation><![CDATA[<div class="description"> Draw the menu title<br/> <div class="param"> dc Device Context</div><br/></div>]]></documentation>
</functionEntry>
<functionEntry accessMode="protected" endPc="268445063" name="&lt;init&gt;" parent="WrapBottomMenu" startPc="268445045">
<documentation/>
</functionEntry>
<functionEntry accessMode="public" endPc="268437407" name="initialize" parent="WrapTopCustomDelegate" startPc="268437385">
<documentation><![CDATA[<div class="description"> Constructor<br/></div>]]></documentation>
</functionEntry>
<functionEntry accessMode="public" endPc="268437428" name="onSelect" parent="WrapTopCustomDelegate" startPc="268437408">
<param id="item"/>
<documentation><![CDATA[<div class="description"> Handle an item being selected<br/> <div class="param"> item The selected menu item</div><br/></div>]]></documentation>
</functionEntry>
<functionEntry accessMode="public" endPc="268437461" name="onBack" parent="WrapTopCustomDelegate" startPc="268437429">
<documentation><![CDATA[<div class="description"> Handle the back key being pressed<br/></div>]]></documentation>
</functionEntry>
<functionEntry accessMode="public" endPc="268437506" name="onWrap" parent="WrapTopCustomDelegate" startPc="268437462">
<param id="key"/>
<documentation><![CDATA[<div class="description"> Handle the user navigating off the end of the menu<br/> <div class="param"> key The key triggering the menu wrap</div><br/> <div class="returns">Returns  true if wrap is allowed, false otherwise</div><br/></div>]]></documentation>
</functionEntry>
<functionEntry accessMode="public" endPc="268437527" name="onFooter" parent="WrapTopCustomDelegate" startPc="268437507">
<documentation><![CDATA[<div class="description"> Handle the footer being selected<br/></div>]]></documentation>
</functionEntry>
<functionEntry accessMode="protected" endPc="268445101" name="&lt;init&gt;" parent="WrapTopCustomDelegate" startPc="268445083">
<documentation/>
</functionEntry>
<functionEntry accessMode="public" endPc="268437550" name="initialize" parent="WrapBottomCustomDelegate" startPc="268437528">
<documentation><![CDATA[<div class="description"> Constructor<br/></div>]]></documentation>
</functionEntry>
<functionEntry accessMode="public" endPc="268437571" name="onSelect" parent="WrapBottomCustomDelegate" startPc="268437551">
<param id="item"/>
<documentation><![CDATA[<div class="description"> Handle an item being selected<br/> <div class="param"> item The selected menu item</div><br/></div>]]></documentation>
</functionEntry>
<functionEntry accessMode="public" endPc="268437632" name="onBack" parent="WrapBottomCustomDelegate" startPc="268437572">
<documentation><![CDATA[<div class="description"> Handle the back key being pressed<br/></div>]]></documentation>
</functionEntry>
<functionEntry accessMode="public" endPc="268437689" name="onWrap" parent="WrapBottomCustomDelegate" startPc="268437633">
<param id="key"/>
<documentation><![CDATA[<div class="description"> Handle the user navigating off the end of the menu<br/> <div class="param"> key The key triggering the menu wrap</div><br/> <div class="returns">Returns  true if wrap is allowed, false otherwise</div><br/></div>]]></documentation>
</functionEntry>
<functionEntry accessMode="public" endPc="268437722" name="onTitle" parent="WrapBottomCustomDelegate" startPc="268437690">
<documentation><![CDATA[<div class="description"> Handle the title being selected<br/></div>]]></documentation>
</functionEntry>
<functionEntry accessMode="protected" endPc="268444987" name="&lt;init&gt;" parent="WrapBottomCustomDelegate" startPc="268444969">
<documentation/>
</functionEntry>
<functionEntry accessMode="public" endPc="268437773" name="initialize" parent="CustomWrapItem" startPc="268437723">
<param id="id"/>
<param id="label"/>
<param id="textColor"/>
<documentation><![CDATA[<div class="description"> Constructor<br/> <div class="param"> id The identifier for this item</div><br/> <div class="param"> label Text to display</div><br/> <div class="param"> textColor Color of the text</div><br/></div>]]></documentation>
</functionEntry>
<functionEntry accessMode="public" endPc="268438001" name="draw" parent="CustomWrapItem" startPc="268437774">
<param id="dc"/>
<documentation><![CDATA[<div class="description"> Draw the item string at the center of the item.<br/> <div class="param"> dc Device Context</div><br/></div>]]></documentation>
</functionEntry>
<functionEntry accessMode="protected" endPc="268445158" name="&lt;init&gt;" parent="CustomWrapItem" startPc="268445140">
<documentation/>
</functionEntry>
<functionEntry accessMode="public" endPc="268438024" name="initialize" parent="Menu2TestDelegate" startPc="268438002">
<documentation><![CDATA[<div class="description"> Constructor<br/></div>]]></documentation>
</functionEntry>
<functionEntry accessMode="public" endPc="268438360" name="onMenu" parent="Menu2TestDelegate" startPc="268438025">
<documentation><![CDATA[<div class="description"> Handle the menu event<br/> <div class="returns">Returns  true if handled, false otherwise</div><br/></div>]]></documentation>
</functionEntry>
<functionEntry accessMode="protected" endPc="268444949" name="&lt;init&gt;" parent="Menu2TestDelegate" startPc="268444931">
<documentation/>
</functionEntry>
<functionEntry accessMode="public" endPc="268438389" name="initialize" parent="DrawableMenuTitle" startPc="268438361">
<documentation><![CDATA[<div class="description"> Constructor<br/></div>]]></documentation>
</functionEntry>
<functionEntry accessMode="public" endPc="268438733" name="draw" parent="DrawableMenuTitle" startPc="268438390">
<param id="dc"/>
<documentation><![CDATA[<div class="description"> Draw the application icon and main menu title<br/> <div class="param"> dc Device Context</div><br/></div>]]></documentation>
</functionEntry>
<functionEntry accessMode="protected" endPc="268445025" name="&lt;init&gt;" parent="DrawableMenuTitle" startPc="268445007">
<documentation/>
</functionEntry>
<functionEntry accessMode="public" endPc="268438756" name="initialize" parent="Menu2Sample" startPc="268438734">
<documentation><![CDATA[<div class="description"> Constructor<br/></div>]]></documentation>
</functionEntry>
<functionEntry accessMode="public" endPc="268438761" name="onStart" parent="Menu2Sample" startPc="268438757">
<param id="state"/>
<documentation><![CDATA[<div class="description"> Handle app startup<br/> <div class="param"> state Startup arguments</div><br/></div>]]></documentation>
</functionEntry>
<functionEntry accessMode="public" endPc="268438766" name="onStop" parent="Menu2Sample" startPc="268438762">
<param id="state"/>
<documentation><![CDATA[<div class="description"> Handle app shutdown<br/> <div class="param"> state Shutdown arguments</div><br/></div>]]></documentation>
</functionEntry>
<functionEntry accessMode="public" endPc="268438846" name="getInitialView" parent="Menu2Sample" startPc="268438767">
<documentation><![CDATA[<div class="description"> Return the initial view for the app<br/> <div class="returns">Returns  Array [View, Delegate]</div><br/></div>]]></documentation>
</functionEntry>
<functionEntry accessMode="protected" endPc="268445120" name="&lt;init&gt;" parent="Menu2Sample" startPc="268445102">
<documentation/>
</functionEntry>
<functionEntry accessMode="public" endPc="268438869" name="initialize" parent="Menu2TestView" startPc="268438847">
<documentation><![CDATA[<div class="description"> Constructor<br/></div>]]></documentation>
</functionEntry>
<functionEntry accessMode="public" endPc="268438915" name="onLayout" parent="Menu2TestView" startPc="268438870">
<param id="dc"/>
<documentation><![CDATA[<div class="description"> Load your resources here<br/> <div class="param"> dc Device Context</div><br/></div>]]></documentation>
</functionEntry>
<functionEntry accessMode="public" endPc="268438920" name="onShow" parent="Menu2TestView" startPc="268438916">
<documentation><![CDATA[<div class="description"> Called when this View is brought to the foreground. Restore<br/> the state of this View and prepare it to be shown. This includes<br/> loading resources into memory.<br/></div>]]></documentation>
</functionEntry>
<functionEntry accessMode="public" endPc="268438945" name="onUpdate" parent="Menu2TestView" startPc="268438921">
<param id="dc"/>
<documentation><![CDATA[<div class="description"> Update the view<br/> <div class="param"> dc Device Context</div><br/></div>]]></documentation>
</functionEntry>
<functionEntry accessMode="public" endPc="268438950" name="onHide" parent="Menu2TestView" startPc="268438946">
<documentation><![CDATA[<div class="description"> Called when this View is removed from the screen. Save the<br/> state of this View here. This includes freeing resources from<br/> memory.<br/></div>]]></documentation>
</functionEntry>
<functionEntry accessMode="protected" endPc="268445196" name="&lt;init&gt;" parent="Menu2TestView" startPc="268445178">
<documentation/>
</functionEntry>
<functionEntry accessMode="public" endPc="268439533" name="pushBasicCustom" startPc="268438951">
<documentation><![CDATA[<div class="description"> Create the Basic Drawables custom menu<br/></div>]]></documentation>
</functionEntry>
<functionEntry accessMode="public" endPc="268439706" name="initialize" parent="ItemView" startPc="268439534">
<param id="text"/>
<documentation><![CDATA[<div class="description"> Constructor<br/> <div class="param"> text The item text</div><br/></div>]]></documentation>
</functionEntry>
<functionEntry accessMode="public" endPc="268439779" name="onUpdate" parent="ItemView" startPc="268439707">
<param id="dc"/>
<documentation><![CDATA[<div class="description"> Update the view<br/> <div class="param"> dc Device context</div><br/></div>]]></documentation>
</functionEntry>
<functionEntry accessMode="protected" endPc="268445006" name="&lt;init&gt;" parent="ItemView" startPc="268444988">
<documentation/>
</functionEntry>
<functionEntry accessMode="public" endPc="268439802" name="initialize" parent="BasicCustomDelegate" startPc="268439780">
<documentation><![CDATA[<div class="description"> Constructor<br/></div>]]></documentation>
</functionEntry>
<functionEntry accessMode="public" endPc="268439889" name="onSelect" parent="BasicCustomDelegate" startPc="268439803">
<param id="item"/>
<documentation><![CDATA[<div class="description"> Handle an item being selected<br/> <div class="param"> item The selected menu item</div><br/></div>]]></documentation>
</functionEntry>
<functionEntry accessMode="public" endPc="268439922" name="onBack" parent="BasicCustomDelegate" startPc="268439890">
<documentation><![CDATA[<div class="description"> Handle the back key being pressed<br/></div>]]></documentation>
</functionEntry>
<functionEntry accessMode="public" endPc="268439930" name="onWrap" parent="BasicCustomDelegate" startPc="268439923">
<param id="key"/>
<documentation><![CDATA[<div class="description"> Handle the user navigating off the end of the menu<br/> <div class="param"> key The key triggering the menu wrap</div><br/> <div class="returns">Returns  true if wrap is allowed, false otherwise</div><br/></div>]]></documentation>
</functionEntry>
<functionEntry accessMode="protected" endPc="268445044" name="&lt;init&gt;" parent="BasicCustomDelegate" startPc="268445026">
<documentation/>
</functionEntry>
<functionEntry accessMode="public" endPc="268439971" name="initialize" parent="CustomItem" startPc="268439931">
<param id="id"/>
<param id="text"/>
<documentation><![CDATA[<div class="description"> Constructor<br/> <div class="param"> id The identifier for this item</div><br/> <div class="param"> text Text to display</div><br/></div>]]></documentation>
</functionEntry>
<functionEntry accessMode="public" endPc="268440339" name="draw" parent="CustomItem" startPc="268439972">
<param id="dc"/>
<documentation><![CDATA[<div class="description"> Draw the item string at the center of the item.<br/> <div class="param"> dc Device context</div><br/></div>]]></documentation>
</functionEntry>
<functionEntry accessMode="public" endPc="268440353" name="getLabel" parent="CustomItem" startPc="268440340">
<documentation><![CDATA[<div class="description"> Get the item label<br/> <div class="returns">Returns  The label</div><br/></div>]]></documentation>
</functionEntry>
<functionEntry accessMode="protected" endPc="268444824" name="&lt;init&gt;" parent="CustomItem" startPc="268444806">
<documentation/>
</functionEntry>
<functionEntry accessMode="public" endPc="268440382" name="initialize" parent="DrawableMenuFooter" startPc="268440354">
<documentation><![CDATA[<div class="description"> Constructor<br/></div>]]></documentation>
</functionEntry>
<functionEntry accessMode="public" endPc="268440461" name="draw" parent="DrawableMenuFooter" startPc="268440383">
<param id="dc"/>
<documentation><![CDATA[<div class="description"> Draw bottom half of the last dividing line below the final item<br/> <div class="param"> dc Device context</div><br/></div>]]></documentation>
</functionEntry>
<functionEntry accessMode="protected" endPc="268444968" name="&lt;init&gt;" parent="DrawableMenuFooter" startPc="268444950">
<documentation/>
</functionEntry>
<functionEntry accessMode="public" endPc="268440484" name="initialize" parent="Menu2TestMenu2Delegate" startPc="268440462">
<documentation><![CDATA[<div class="description"> Constructor<br/></div>]]></documentation>
</functionEntry>
<functionEntry accessMode="public" endPc="268442041" name="onSelect" parent="Menu2TestMenu2Delegate" startPc="268440485">
<param id="item"/>
<documentation><![CDATA[<div class="description"> Handle an item being selected<br/> <div class="param"> item The selected menu item</div><br/></div>]]></documentation>
</functionEntry>
<functionEntry accessMode="public" endPc="268442074" name="onBack" parent="Menu2TestMenu2Delegate" startPc="268442042">
<documentation><![CDATA[<div class="description"> Handle the back key being pressed<br/></div>]]></documentation>
</functionEntry>
<functionEntry accessMode="protected" endPc="268445215" name="&lt;init&gt;" parent="Menu2TestMenu2Delegate" startPc="268445197">
<documentation/>
</functionEntry>
<functionEntry accessMode="public" endPc="268442097" name="initialize" parent="Menu2SampleSubMenuDelegate" startPc="268442075">
<documentation><![CDATA[<div class="description"> Constructor<br/></div>]]></documentation>
</functionEntry>
<functionEntry accessMode="public" endPc="268442171" name="onSelect" parent="Menu2SampleSubMenuDelegate" startPc="268442098">
<param id="item"/>
<documentation><![CDATA[<div class="description"> Handle an item being selected<br/> <div class="param"> item The selected menu item</div><br/></div>]]></documentation>
</functionEntry>
<functionEntry accessMode="public" endPc="268442204" name="onBack" parent="Menu2SampleSubMenuDelegate" startPc="268442172">
<documentation><![CDATA[<div class="description"> Handle the back key being pressed<br/></div>]]></documentation>
</functionEntry>
<functionEntry accessMode="public" endPc="268442237" name="onDone" parent="Menu2SampleSubMenuDelegate" startPc="268442205">
<documentation><![CDATA[<div class="description"> Handle the done item being selected<br/></div>]]></documentation>
</functionEntry>
<functionEntry accessMode="protected" endPc="268445082" name="&lt;init&gt;" parent="Menu2SampleSubMenuDelegate" startPc="268445064">
<documentation/>
</functionEntry>
<functionEntry accessMode="public" endPc="268442260" name="initialize" parent="Menu2SampleCustomDelegate" startPc="268442238">
<documentation><![CDATA[<div class="description"> Constructor<br/></div>]]></documentation>
</functionEntry>
<functionEntry accessMode="public" endPc="268442368" name="onSelect" parent="Menu2SampleCustomDelegate" startPc="268442261">
<param id="item"/>
<documentation><![CDATA[<div class="description"> Handle an item being selected<br/> <div class="param"> item The selected menu item</div><br/></div>]]></documentation>
</functionEntry>
<functionEntry accessMode="public" endPc="268442401" name="onBack" parent="Menu2SampleCustomDelegate" startPc="268442369">
<documentation><![CDATA[<div class="description"> Handle the back key being pressed<br/></div>]]></documentation>
</functionEntry>
<functionEntry accessMode="protected" endPc="268444843" name="&lt;init&gt;" parent="Menu2SampleCustomDelegate" startPc="268444825">
<documentation/>
</functionEntry>
<functionEntry accessMode="public" endPc="268442443" name="initialize" parent="CustomIcon" startPc="268442402">
<documentation><![CDATA[<div class="description"> Constructor<br/></div>]]></documentation>
</functionEntry>
<functionEntry accessMode="public" endPc="268442530" name="nextState" parent="CustomIcon" startPc="268442444">
<documentation><![CDATA[<div class="description"> Advance to the next color state for the drawable<br/> <div class="returns">Returns  The new color state</div><br/></div>]]></documentation>
</functionEntry>
<functionEntry accessMode="public" endPc="268442553" name="getString" parent="CustomIcon" startPc="268442531">
<documentation><![CDATA[<div class="description"> Return the color string for the menu to use as its sublabel<br/> <div class="returns">Returns  The current color</div><br/></div>]]></documentation>
</functionEntry>
<functionEntry accessMode="public" endPc="268442605" name="draw" parent="CustomIcon" startPc="268442554">
<param id="dc"/>
<documentation><![CDATA[<div class="description"> Set the color for the current state and use dc.clear() to fill<br/> the drawable area with that color<br/> <div class="param"> dc Device Context</div><br/></div>]]></documentation>
</functionEntry>
<functionEntry accessMode="protected" endPc="268444805" name="&lt;init&gt;" parent="CustomIcon" startPc="268444561">
<documentation/>
</functionEntry>
<functionEntry accessMode="public" endPc="268443154" name="pushImagesCustom" startPc="268442606">
<documentation><![CDATA[<div class="description"> Create the Images custom menu<br/></div>]]></documentation>
</functionEntry>
<functionEntry accessMode="public" endPc="268443187" name="initialize" parent="ImagesMenu" startPc="268443155">
<param id="itemHeight"/>
<param id="backgroundColor"/>
<documentation><![CDATA[<div class="description"> Constructor<br/> <div class="param"> itemHeight The pixel height of menu items rendered by this menu</div><br/> <div class="param"> backgroundColor The color for the menu background</div><br/></div>]]></documentation>
</functionEntry>
<functionEntry accessMode="public" endPc="268443448" name="drawTitle" parent="ImagesMenu" startPc="268443188">
<param id="dc"/>
<documentation><![CDATA[<div class="description"> Draw the menu title<br/> <div class="param"> dc Device Context</div><br/></div>]]></documentation>
</functionEntry>
<functionEntry accessMode="protected" endPc="268444911" name="&lt;init&gt;" parent="ImagesMenu" startPc="268444893">
<documentation/>
</functionEntry>
<functionEntry accessMode="public" endPc="268443471" name="initialize" parent="ImagesCustomDelegate" startPc="268443449">
<documentation><![CDATA[<div class="description"> Constructor<br/></div>]]></documentation>
</functionEntry>
<functionEntry accessMode="public" endPc="268443492" name="onSelect" parent="ImagesCustomDelegate" startPc="268443472">
<param id="item"/>
<documentation><![CDATA[<div class="description"> Handle an item being selected<br/> <div class="param"> item The selected menu item</div><br/></div>]]></documentation>
</functionEntry>
<functionEntry accessMode="public" endPc="268443525" name="onBack" parent="ImagesCustomDelegate" startPc="268443493">
<documentation><![CDATA[<div class="description"> Handle the back key being pressed<br/></div>]]></documentation>
</functionEntry>
<functionEntry accessMode="protected" endPc="268445139" name="&lt;init&gt;" parent="ImagesCustomDelegate" startPc="268445121">
<documentation/>
</functionEntry>
<functionEntry accessMode="public" endPc="268443607" name="initialize" parent="CustomImagesItem" startPc="268443526">
<param id="id"/>
<param id="label"/>
<param id="bitmap"/>
<documentation><![CDATA[<div class="description"> Constructor<br/> <div class="param"> id The identifier for this item</div><br/> <div class="param"> label Text to display</div><br/> <div class="param"> bitmap Color of the text</div><br/></div>]]></documentation>
</functionEntry>
<functionEntry accessMode="public" endPc="268443885" name="draw" parent="CustomImagesItem" startPc="268443608">
<param id="dc"/>
<documentation><![CDATA[<div class="description"> Draw the item's label and bitmap<br/> <div class="param"> dc Device context</div><br/></div>]]></documentation>
</functionEntry>
<functionEntry accessMode="protected" endPc="268445177" name="&lt;init&gt;" parent="CustomImagesItem" startPc="268445159">
<documentation/>
</functionEntry>
<functionEntry accessMode="public" endPc="268443914" name="initialize" parent="MenuForeground" startPc="268443886">
<documentation/>
</functionEntry>
<functionEntry accessMode="public" endPc="268444023" name="draw" parent="MenuForeground" startPc="268443915">
<param id="dc"/>
<documentation/>
</functionEntry>
<functionEntry accessMode="protected" endPc="268444887" name="&lt;init&gt;" parent="MenuForeground" startPc="268444869">
<documentation/>
</functionEntry>
<functionEntry accessMode="protected" endPc="268444868" name="&lt;init&gt;" parent="Drawables" startPc="268444868">
<documentation/>
</functionEntry>
<functionEntry accessMode="protected" endPc="268444889" name="&lt;init&gt;" parent="Fonts" startPc="268444889">
<documentation/>
</functionEntry>
<functionEntry accessMode="protected" endPc="268444891" name="&lt;init&gt;" parent="JsonData" startPc="268444891">
<documentation/>
</functionEntry>
<functionEntry accessMode="public" endPc="268444559" name="MainLayout" parent="Layouts" startPc="268444024">
<param id="dc"/>
<documentation/>
</functionEntry>
<functionEntry accessMode="protected" endPc="268444890" name="&lt;init&gt;" parent="Layouts" startPc="268444890">
<documentation/>
</functionEntry>
<functionEntry accessMode="protected" endPc="268444888" name="&lt;init&gt;" parent="Menus" startPc="268444888">
<documentation/>
</functionEntry>
<functionEntry accessMode="protected" endPc="268444892" name="&lt;init&gt;" parent="Strings" startPc="268444892">
<documentation/>
</functionEntry>
<functionEntry accessMode="protected" endPc="268444867" name="&lt;init&gt;" parent="Rez" startPc="268444844">
<documentation/>
</functionEntry>
</functions>
=======
    <manifest filename="/home/gab/Projects/whip/test-iq/manifest.xml"/>
    <pcToLineNum>
        <entry filename="/home/gab/Projects/whip/test-iq/source/TestIqView.mc" id="1" lineNum="17" parent="globals/TestIqView" pc="268435456" symbol="initialize"/>
        <entry filename="/home/gab/Projects/whip/test-iq/source/TestIqView.mc" id="1" lineNum="18" parent="globals/TestIqView" pc="268435460" symbol="initialize"/>
        <entry filename="/home/gab/Projects/whip/test-iq/source/TestIqView.mc" id="2" lineNum="23" parent="globals/TestIqView" pc="268435479" symbol="onLayout"/>
        <entry filename="/home/gab/Projects/whip/test-iq/source/TestIqView.mc" id="2" lineNum="24" parent="globals/TestIqView" pc="268435483" symbol="onLayout"/>
        <entry filename="/home/gab/Projects/whip/test-iq/source/TestIqView.mc" id="3" lineNum="30" parent="globals/TestIqView" pc="268435525" symbol="onShow"/>
        <entry filename="/home/gab/Projects/whip/test-iq/source/TestIqView.mc" id="3" lineNum="31" parent="globals/TestIqView" pc="268435529" symbol="onShow"/>
        <entry filename="/home/gab/Projects/whip/test-iq/source/TestIqView.mc" id="3" lineNum="32" parent="globals/TestIqView" pc="268435565" symbol="onShow"/>
        <entry filename="/home/gab/Projects/whip/test-iq/source/TestIqView.mc" id="4" lineNum="37" parent="globals/TestIqView" pc="268435607" symbol="onUpdate"/>
        <entry filename="/home/gab/Projects/whip/test-iq/source/TestIqView.mc" id="4" lineNum="39" parent="globals/TestIqView" pc="268435611" symbol="onUpdate"/>
        <entry filename="/home/gab/Projects/whip/test-iq/source/TestIqView.mc" id="5" lineNum="45" parent="globals/TestIqView" pc="268435632" symbol="onHide"/>
        <entry filename="/home/gab/Projects/whip/test-iq/source/TestIqView.mc" id="6" lineNum="48" parent="globals/TestIqView" pc="268435637" symbol="&lt;globals/TestIqView/&lt;&gt;startupTimerCallback&gt;"/>
        <entry filename="/home/gab/Projects/whip/test-iq/source/TestIqView.mc" id="6" lineNum="49" parent="globals/TestIqView" pc="268435641" symbol="&lt;globals/TestIqView/&lt;&gt;startupTimerCallback&gt;"/>
        <entry filename="/home/gab/Projects/whip/test-iq/source/TestIqView.mc" id="7" lineNum="13" parent="globals/TestIqView" pc="268444868" symbol="&lt;init&gt;"/>
        <entry filename="/home/gab/Projects/whip/test-iq/source/TestIqView.mc" id="7" lineNum="13" parent="globals/TestIqView" pc="268444868" symbol="&lt;init&gt;"/>
        <entry filename="/home/gab/Projects/whip/test-iq/source/MenuSampleWrapCustom.mc" id="9" lineNum="12" parent="globals" pc="268435697" symbol="pushWrapCustom"/>
        <entry filename="/home/gab/Projects/whip/test-iq/source/MenuSampleWrapCustom.mc" id="9" lineNum="13" parent="globals" pc="268435709" symbol="pushWrapCustom"/>
        <entry filename="/home/gab/Projects/whip/test-iq/source/MenuSampleWrapCustom.mc" id="9" lineNum="14" parent="globals" pc="268435754" symbol="pushWrapCustom"/>
        <entry filename="/home/gab/Projects/whip/test-iq/source/MenuSampleWrapCustom.mc" id="9" lineNum="15" parent="globals" pc="268435814" symbol="pushWrapCustom"/>
        <entry filename="/home/gab/Projects/whip/test-iq/source/MenuSampleWrapCustom.mc" id="9" lineNum="16" parent="globals" pc="268435874" symbol="pushWrapCustom"/>
        <entry filename="/home/gab/Projects/whip/test-iq/source/MenuSampleWrapCustom.mc" id="9" lineNum="17" parent="globals" pc="268435934" symbol="pushWrapCustom"/>
        <entry filename="/home/gab/Projects/whip/test-iq/source/MenuSampleWrapCustom.mc" id="10" lineNum="21" parent="globals" pc="268435991" symbol="pushWrapCustomBottom"/>
        <entry filename="/home/gab/Projects/whip/test-iq/source/MenuSampleWrapCustom.mc" id="10" lineNum="22" parent="globals" pc="268436003" symbol="pushWrapCustomBottom"/>
        <entry filename="/home/gab/Projects/whip/test-iq/source/MenuSampleWrapCustom.mc" id="10" lineNum="23" parent="globals" pc="268436048" symbol="pushWrapCustomBottom"/>
        <entry filename="/home/gab/Projects/whip/test-iq/source/MenuSampleWrapCustom.mc" id="10" lineNum="24" parent="globals" pc="268436108" symbol="pushWrapCustomBottom"/>
        <entry filename="/home/gab/Projects/whip/test-iq/source/MenuSampleWrapCustom.mc" id="10" lineNum="25" parent="globals" pc="268436168" symbol="pushWrapCustomBottom"/>
        <entry filename="/home/gab/Projects/whip/test-iq/source/MenuSampleWrapCustom.mc" id="10" lineNum="26" parent="globals" pc="268436228" symbol="pushWrapCustomBottom"/>
        <entry filename="/home/gab/Projects/whip/test-iq/source/MenuSampleWrapCustom.mc" id="11" lineNum="35" parent="globals/WrapTopMenu" pc="268436285" symbol="initialize"/>
        <entry filename="/home/gab/Projects/whip/test-iq/source/MenuSampleWrapCustom.mc" id="11" lineNum="36" parent="globals/WrapTopMenu" pc="268436289" symbol="initialize"/>
        <entry filename="/home/gab/Projects/whip/test-iq/source/MenuSampleWrapCustom.mc" id="12" lineNum="41" parent="globals/WrapTopMenu" pc="268436318" symbol="drawTitle"/>
        <entry filename="/home/gab/Projects/whip/test-iq/source/MenuSampleWrapCustom.mc" id="12" lineNum="42" parent="globals/WrapTopMenu" pc="268436322" symbol="drawTitle"/>
        <entry filename="/home/gab/Projects/whip/test-iq/source/MenuSampleWrapCustom.mc" id="12" lineNum="43" parent="globals/WrapTopMenu" pc="268436358" symbol="drawTitle"/>
        <entry filename="/home/gab/Projects/whip/test-iq/source/MenuSampleWrapCustom.mc" id="12" lineNum="44" parent="globals/WrapTopMenu" pc="268436375" symbol="drawTitle"/>
        <entry filename="/home/gab/Projects/whip/test-iq/source/MenuSampleWrapCustom.mc" id="12" lineNum="45" parent="globals/WrapTopMenu" pc="268436437" symbol="drawTitle"/>
        <entry filename="/home/gab/Projects/whip/test-iq/source/MenuSampleWrapCustom.mc" id="12" lineNum="46" parent="globals/WrapTopMenu" pc="268436454" symbol="drawTitle"/>
        <entry filename="/home/gab/Projects/whip/test-iq/source/MenuSampleWrapCustom.mc" id="12" lineNum="47" parent="globals/WrapTopMenu" pc="268436490" symbol="drawTitle"/>
        <entry filename="/home/gab/Projects/whip/test-iq/source/MenuSampleWrapCustom.mc" id="13" lineNum="52" parent="globals/WrapTopMenu" pc="268436579" symbol="drawFooter"/>
        <entry filename="/home/gab/Projects/whip/test-iq/source/MenuSampleWrapCustom.mc" id="13" lineNum="53" parent="globals/WrapTopMenu" pc="268436583" symbol="drawFooter"/>
        <entry filename="/home/gab/Projects/whip/test-iq/source/MenuSampleWrapCustom.mc" id="13" lineNum="54" parent="globals/WrapTopMenu" pc="268436596" symbol="drawFooter"/>
        <entry filename="/home/gab/Projects/whip/test-iq/source/MenuSampleWrapCustom.mc" id="13" lineNum="56" parent="globals/WrapTopMenu" pc="268436615" symbol="drawFooter"/>
        <entry filename="/home/gab/Projects/whip/test-iq/source/MenuSampleWrapCustom.mc" id="13" lineNum="57" parent="globals/WrapTopMenu" pc="268436651" symbol="drawFooter"/>
        <entry filename="/home/gab/Projects/whip/test-iq/source/MenuSampleWrapCustom.mc" id="13" lineNum="58" parent="globals/WrapTopMenu" pc="268436663" symbol="drawFooter"/>
        <entry filename="/home/gab/Projects/whip/test-iq/source/MenuSampleWrapCustom.mc" id="13" lineNum="59" parent="globals/WrapTopMenu" pc="268436699" symbol="drawFooter"/>
        <entry filename="/home/gab/Projects/whip/test-iq/source/MenuSampleWrapCustom.mc" id="13" lineNum="60" parent="globals/WrapTopMenu" pc="268436716" symbol="drawFooter"/>
        <entry filename="/home/gab/Projects/whip/test-iq/source/MenuSampleWrapCustom.mc" id="13" lineNum="61" parent="globals/WrapTopMenu" pc="268436754" symbol="drawFooter"/>
        <entry filename="/home/gab/Projects/whip/test-iq/source/MenuSampleWrapCustom.mc" id="13" lineNum="62" parent="globals/WrapTopMenu" pc="268436771" symbol="drawFooter"/>
        <entry filename="/home/gab/Projects/whip/test-iq/source/MenuSampleWrapCustom.mc" id="13" lineNum="63" parent="globals/WrapTopMenu" pc="268436807" symbol="drawFooter"/>
        <entry filename="/home/gab/Projects/whip/test-iq/source/MenuSampleWrapCustom.mc" id="13" lineNum="64" parent="globals/WrapTopMenu" pc="268436895" symbol="drawFooter"/>
        <entry filename="/home/gab/Projects/whip/test-iq/source/MenuSampleWrapCustom.mc" id="13" lineNum="65" parent="globals/WrapTopMenu" pc="268436931" symbol="drawFooter"/>
        <entry filename="/home/gab/Projects/whip/test-iq/source/MenuSampleWrapCustom.mc" id="14" lineNum="30" parent="globals/WrapTopMenu" pc="268444925" symbol="&lt;init&gt;"/>
        <entry filename="/home/gab/Projects/whip/test-iq/source/MenuSampleWrapCustom.mc" id="14" lineNum="30" parent="globals/WrapTopMenu" pc="268444925" symbol="&lt;init&gt;"/>
        <entry filename="/home/gab/Projects/whip/test-iq/source/MenuSampleWrapCustom.mc" id="15" lineNum="77" parent="globals/WrapBottomMenu" pc="268437082" symbol="initialize"/>
        <entry filename="/home/gab/Projects/whip/test-iq/source/MenuSampleWrapCustom.mc" id="15" lineNum="78" parent="globals/WrapBottomMenu" pc="268437086" symbol="initialize"/>
        <entry filename="/home/gab/Projects/whip/test-iq/source/MenuSampleWrapCustom.mc" id="16" lineNum="83" parent="globals/WrapBottomMenu" pc="268437115" symbol="drawTitle"/>
        <entry filename="/home/gab/Projects/whip/test-iq/source/MenuSampleWrapCustom.mc" id="16" lineNum="84" parent="globals/WrapBottomMenu" pc="268437119" symbol="drawTitle"/>
        <entry filename="/home/gab/Projects/whip/test-iq/source/MenuSampleWrapCustom.mc" id="16" lineNum="85" parent="globals/WrapBottomMenu" pc="268437138" symbol="drawTitle"/>
        <entry filename="/home/gab/Projects/whip/test-iq/source/MenuSampleWrapCustom.mc" id="16" lineNum="86" parent="globals/WrapBottomMenu" pc="268437174" symbol="drawTitle"/>
        <entry filename="/home/gab/Projects/whip/test-iq/source/MenuSampleWrapCustom.mc" id="16" lineNum="87" parent="globals/WrapBottomMenu" pc="268437186" symbol="drawTitle"/>
        <entry filename="/home/gab/Projects/whip/test-iq/source/MenuSampleWrapCustom.mc" id="16" lineNum="88" parent="globals/WrapBottomMenu" pc="268437222" symbol="drawTitle"/>
        <entry filename="/home/gab/Projects/whip/test-iq/source/MenuSampleWrapCustom.mc" id="16" lineNum="89" parent="globals/WrapBottomMenu" pc="268437239" symbol="drawTitle"/>
        <entry filename="/home/gab/Projects/whip/test-iq/source/MenuSampleWrapCustom.mc" id="16" lineNum="90" parent="globals/WrapBottomMenu" pc="268437301" symbol="drawTitle"/>
        <entry filename="/home/gab/Projects/whip/test-iq/source/MenuSampleWrapCustom.mc" id="16" lineNum="91" parent="globals/WrapBottomMenu" pc="268437318" symbol="drawTitle"/>
        <entry filename="/home/gab/Projects/whip/test-iq/source/MenuSampleWrapCustom.mc" id="16" lineNum="92" parent="globals/WrapBottomMenu" pc="268437354" symbol="drawTitle"/>
        <entry filename="/home/gab/Projects/whip/test-iq/source/MenuSampleWrapCustom.mc" id="16" lineNum="93" parent="globals/WrapBottomMenu" pc="268437448" symbol="drawTitle"/>
        <entry filename="/home/gab/Projects/whip/test-iq/source/MenuSampleWrapCustom.mc" id="16" lineNum="94" parent="globals/WrapBottomMenu" pc="268437484" symbol="drawTitle"/>
        <entry filename="/home/gab/Projects/whip/test-iq/source/MenuSampleWrapCustom.mc" id="17" lineNum="72" parent="globals/WrapBottomMenu" pc="268445058" symbol="&lt;init&gt;"/>
        <entry filename="/home/gab/Projects/whip/test-iq/source/MenuSampleWrapCustom.mc" id="17" lineNum="72" parent="globals/WrapBottomMenu" pc="268445058" symbol="&lt;init&gt;"/>
        <entry filename="/home/gab/Projects/whip/test-iq/source/MenuSampleWrapCustom.mc" id="18" lineNum="104" parent="globals/WrapTopCustomDelegate" pc="268437626" symbol="initialize"/>
        <entry filename="/home/gab/Projects/whip/test-iq/source/MenuSampleWrapCustom.mc" id="18" lineNum="105" parent="globals/WrapTopCustomDelegate" pc="268437630" symbol="initialize"/>
        <entry filename="/home/gab/Projects/whip/test-iq/source/MenuSampleWrapCustom.mc" id="19" lineNum="110" parent="globals/WrapTopCustomDelegate" pc="268437649" symbol="onSelect"/>
        <entry filename="/home/gab/Projects/whip/test-iq/source/MenuSampleWrapCustom.mc" id="19" lineNum="111" parent="globals/WrapTopCustomDelegate" pc="268437653" symbol="onSelect"/>
        <entry filename="/home/gab/Projects/whip/test-iq/source/MenuSampleWrapCustom.mc" id="20" lineNum="115" parent="globals/WrapTopCustomDelegate" pc="268437670" symbol="onBack"/>
        <entry filename="/home/gab/Projects/whip/test-iq/source/MenuSampleWrapCustom.mc" id="20" lineNum="116" parent="globals/WrapTopCustomDelegate" pc="268437674" symbol="onBack"/>
        <entry filename="/home/gab/Projects/whip/test-iq/source/MenuSampleWrapCustom.mc" id="21" lineNum="122" parent="globals/WrapTopCustomDelegate" pc="268437703" symbol="onWrap"/>
        <entry filename="/home/gab/Projects/whip/test-iq/source/MenuSampleWrapCustom.mc" id="21" lineNum="123" parent="globals/WrapTopCustomDelegate" pc="268437707" symbol="onWrap"/>
        <entry filename="/home/gab/Projects/whip/test-iq/source/MenuSampleWrapCustom.mc" id="21" lineNum="124" parent="globals/WrapTopCustomDelegate" pc="268437725" symbol="onWrap"/>
        <entry filename="/home/gab/Projects/whip/test-iq/source/MenuSampleWrapCustom.mc" id="21" lineNum="126" parent="globals/WrapTopCustomDelegate" pc="268437744" symbol="onWrap"/>
        <entry filename="/home/gab/Projects/whip/test-iq/source/MenuSampleWrapCustom.mc" id="22" lineNum="130" parent="globals/WrapTopCustomDelegate" pc="268437748" symbol="onFooter"/>
        <entry filename="/home/gab/Projects/whip/test-iq/source/MenuSampleWrapCustom.mc" id="22" lineNum="131" parent="globals/WrapTopCustomDelegate" pc="268437752" symbol="onFooter"/>
        <entry filename="/home/gab/Projects/whip/test-iq/source/MenuSampleWrapCustom.mc" id="23" lineNum="101" parent="globals/WrapTopCustomDelegate" pc="268445096" symbol="&lt;init&gt;"/>
        <entry filename="/home/gab/Projects/whip/test-iq/source/MenuSampleWrapCustom.mc" id="23" lineNum="101" parent="globals/WrapTopCustomDelegate" pc="268445096" symbol="&lt;init&gt;"/>
        <entry filename="/home/gab/Projects/whip/test-iq/source/MenuSampleWrapCustom.mc" id="24" lineNum="139" parent="globals/WrapBottomCustomDelegate" pc="268437769" symbol="initialize"/>
        <entry filename="/home/gab/Projects/whip/test-iq/source/MenuSampleWrapCustom.mc" id="24" lineNum="140" parent="globals/WrapBottomCustomDelegate" pc="268437773" symbol="initialize"/>
        <entry filename="/home/gab/Projects/whip/test-iq/source/MenuSampleWrapCustom.mc" id="25" lineNum="145" parent="globals/WrapBottomCustomDelegate" pc="268437792" symbol="onSelect"/>
        <entry filename="/home/gab/Projects/whip/test-iq/source/MenuSampleWrapCustom.mc" id="25" lineNum="146" parent="globals/WrapBottomCustomDelegate" pc="268437796" symbol="onSelect"/>
        <entry filename="/home/gab/Projects/whip/test-iq/source/MenuSampleWrapCustom.mc" id="26" lineNum="150" parent="globals/WrapBottomCustomDelegate" pc="268437813" symbol="onBack"/>
        <entry filename="/home/gab/Projects/whip/test-iq/source/MenuSampleWrapCustom.mc" id="26" lineNum="151" parent="globals/WrapBottomCustomDelegate" pc="268437817" symbol="onBack"/>
        <entry filename="/home/gab/Projects/whip/test-iq/source/MenuSampleWrapCustom.mc" id="26" lineNum="152" parent="globals/WrapBottomCustomDelegate" pc="268437845" symbol="onBack"/>
        <entry filename="/home/gab/Projects/whip/test-iq/source/MenuSampleWrapCustom.mc" id="27" lineNum="158" parent="globals/WrapBottomCustomDelegate" pc="268437874" symbol="onWrap"/>
        <entry filename="/home/gab/Projects/whip/test-iq/source/MenuSampleWrapCustom.mc" id="27" lineNum="159" parent="globals/WrapBottomCustomDelegate" pc="268437878" symbol="onWrap"/>
        <entry filename="/home/gab/Projects/whip/test-iq/source/MenuSampleWrapCustom.mc" id="27" lineNum="160" parent="globals/WrapBottomCustomDelegate" pc="268437896" symbol="onWrap"/>
        <entry filename="/home/gab/Projects/whip/test-iq/source/MenuSampleWrapCustom.mc" id="27" lineNum="162" parent="globals/WrapBottomCustomDelegate" pc="268437927" symbol="onWrap"/>
        <entry filename="/home/gab/Projects/whip/test-iq/source/MenuSampleWrapCustom.mc" id="28" lineNum="166" parent="globals/WrapBottomCustomDelegate" pc="268437931" symbol="onTitle"/>
        <entry filename="/home/gab/Projects/whip/test-iq/source/MenuSampleWrapCustom.mc" id="28" lineNum="167" parent="globals/WrapBottomCustomDelegate" pc="268437935" symbol="onTitle"/>
        <entry filename="/home/gab/Projects/whip/test-iq/source/MenuSampleWrapCustom.mc" id="29" lineNum="136" parent="globals/WrapBottomCustomDelegate" pc="268444982" symbol="&lt;init&gt;"/>
        <entry filename="/home/gab/Projects/whip/test-iq/source/MenuSampleWrapCustom.mc" id="29" lineNum="136" parent="globals/WrapBottomCustomDelegate" pc="268444982" symbol="&lt;init&gt;"/>
        <entry filename="/home/gab/Projects/whip/test-iq/source/MenuSampleWrapCustom.mc" id="30" lineNum="182" parent="globals/CustomWrapItem" pc="268437964" symbol="initialize"/>
        <entry filename="/home/gab/Projects/whip/test-iq/source/MenuSampleWrapCustom.mc" id="30" lineNum="183" parent="globals/CustomWrapItem" pc="268437968" symbol="initialize"/>
        <entry filename="/home/gab/Projects/whip/test-iq/source/MenuSampleWrapCustom.mc" id="30" lineNum="184" parent="globals/CustomWrapItem" pc="268437994" symbol="initialize"/>
        <entry filename="/home/gab/Projects/whip/test-iq/source/MenuSampleWrapCustom.mc" id="30" lineNum="185" parent="globals/CustomWrapItem" pc="268438004" symbol="initialize"/>
        <entry filename="/home/gab/Projects/whip/test-iq/source/MenuSampleWrapCustom.mc" id="31" lineNum="190" parent="globals/CustomWrapItem" pc="268438015" symbol="draw"/>
        <entry filename="/home/gab/Projects/whip/test-iq/source/MenuSampleWrapCustom.mc" id="31" lineNum="191" parent="globals/CustomWrapItem" pc="268438019" symbol="draw"/>
        <entry filename="/home/gab/Projects/whip/test-iq/source/MenuSampleWrapCustom.mc" id="31" lineNum="192" parent="globals/CustomWrapItem" pc="268438033" symbol="draw"/>
        <entry filename="/home/gab/Projects/whip/test-iq/source/MenuSampleWrapCustom.mc" id="31" lineNum="193" parent="globals/CustomWrapItem" pc="268438047" symbol="draw"/>
        <entry filename="/home/gab/Projects/whip/test-iq/source/MenuSampleWrapCustom.mc" id="31" lineNum="196" parent="globals/CustomWrapItem" pc="268438064" symbol="draw"/>
        <entry filename="/home/gab/Projects/whip/test-iq/source/MenuSampleWrapCustom.mc" id="31" lineNum="197" parent="globals/CustomWrapItem" pc="268438078" symbol="draw"/>
        <entry filename="/home/gab/Projects/whip/test-iq/source/MenuSampleWrapCustom.mc" id="31" lineNum="198" parent="globals/CustomWrapItem" pc="268438114" symbol="draw"/>
        <entry filename="/home/gab/Projects/whip/test-iq/source/MenuSampleWrapCustom.mc" id="31" lineNum="201" parent="globals/CustomWrapItem" pc="268438129" symbol="draw"/>
        <entry filename="/home/gab/Projects/whip/test-iq/source/MenuSampleWrapCustom.mc" id="31" lineNum="202" parent="globals/CustomWrapItem" pc="268438161" symbol="draw"/>
        <entry filename="/home/gab/Projects/whip/test-iq/source/MenuSampleWrapCustom.mc" id="32" lineNum="173" parent="globals/CustomWrapItem" pc="268445115" symbol="&lt;init&gt;"/>
        <entry filename="/home/gab/Projects/whip/test-iq/source/MenuSampleWrapCustom.mc" id="32" lineNum="173" parent="globals/CustomWrapItem" pc="268445115" symbol="&lt;init&gt;"/>
        <entry filename="/home/gab/Projects/whip/test-iq/source/MenuSampleImagesCustom.mc" id="34" lineNum="12" parent="globals" pc="268438243" symbol="pushImagesCustom"/>
        <entry filename="/home/gab/Projects/whip/test-iq/source/MenuSampleImagesCustom.mc" id="34" lineNum="13" parent="globals" pc="268438255" symbol="pushImagesCustom"/>
        <entry filename="/home/gab/Projects/whip/test-iq/source/MenuSampleImagesCustom.mc" id="34" lineNum="14" parent="globals" pc="268438300" symbol="pushImagesCustom"/>
        <entry filename="/home/gab/Projects/whip/test-iq/source/MenuSampleImagesCustom.mc" id="34" lineNum="15" parent="globals" pc="268438387" symbol="pushImagesCustom"/>
        <entry filename="/home/gab/Projects/whip/test-iq/source/MenuSampleImagesCustom.mc" id="34" lineNum="16" parent="globals" pc="268438474" symbol="pushImagesCustom"/>
        <entry filename="/home/gab/Projects/whip/test-iq/source/MenuSampleImagesCustom.mc" id="34" lineNum="17" parent="globals" pc="268438561" symbol="pushImagesCustom"/>
        <entry filename="/home/gab/Projects/whip/test-iq/source/MenuSampleImagesCustom.mc" id="34" lineNum="18" parent="globals" pc="268438648" symbol="pushImagesCustom"/>
        <entry filename="/home/gab/Projects/whip/test-iq/source/MenuSampleImagesCustom.mc" id="34" lineNum="19" parent="globals" pc="268438735" symbol="pushImagesCustom"/>
        <entry filename="/home/gab/Projects/whip/test-iq/source/MenuSampleImagesCustom.mc" id="35" lineNum="29" parent="globals/ImagesMenu" pc="268438792" symbol="initialize"/>
        <entry filename="/home/gab/Projects/whip/test-iq/source/MenuSampleImagesCustom.mc" id="35" lineNum="30" parent="globals/ImagesMenu" pc="268438796" symbol="initialize"/>
        <entry filename="/home/gab/Projects/whip/test-iq/source/MenuSampleImagesCustom.mc" id="36" lineNum="35" parent="globals/ImagesMenu" pc="268438825" symbol="drawTitle"/>
        <entry filename="/home/gab/Projects/whip/test-iq/source/MenuSampleImagesCustom.mc" id="36" lineNum="36" parent="globals/ImagesMenu" pc="268438829" symbol="drawTitle"/>
        <entry filename="/home/gab/Projects/whip/test-iq/source/MenuSampleImagesCustom.mc" id="36" lineNum="37" parent="globals/ImagesMenu" pc="268438865" symbol="drawTitle"/>
        <entry filename="/home/gab/Projects/whip/test-iq/source/MenuSampleImagesCustom.mc" id="36" lineNum="38" parent="globals/ImagesMenu" pc="268438882" symbol="drawTitle"/>
        <entry filename="/home/gab/Projects/whip/test-iq/source/MenuSampleImagesCustom.mc" id="36" lineNum="39" parent="globals/ImagesMenu" pc="268438944" symbol="drawTitle"/>
        <entry filename="/home/gab/Projects/whip/test-iq/source/MenuSampleImagesCustom.mc" id="36" lineNum="40" parent="globals/ImagesMenu" pc="268438961" symbol="drawTitle"/>
        <entry filename="/home/gab/Projects/whip/test-iq/source/MenuSampleImagesCustom.mc" id="36" lineNum="41" parent="globals/ImagesMenu" pc="268438997" symbol="drawTitle"/>
        <entry filename="/home/gab/Projects/whip/test-iq/source/MenuSampleImagesCustom.mc" id="37" lineNum="24" parent="globals/ImagesMenu" pc="268444887" symbol="&lt;init&gt;"/>
        <entry filename="/home/gab/Projects/whip/test-iq/source/MenuSampleImagesCustom.mc" id="37" lineNum="24" parent="globals/ImagesMenu" pc="268444887" symbol="&lt;init&gt;"/>
        <entry filename="/home/gab/Projects/whip/test-iq/source/MenuSampleImagesCustom.mc" id="38" lineNum="49" parent="globals/ImagesCustomDelegate" pc="268439086" symbol="initialize"/>
        <entry filename="/home/gab/Projects/whip/test-iq/source/MenuSampleImagesCustom.mc" id="38" lineNum="50" parent="globals/ImagesCustomDelegate" pc="268439090" symbol="initialize"/>
        <entry filename="/home/gab/Projects/whip/test-iq/source/MenuSampleImagesCustom.mc" id="39" lineNum="55" parent="globals/ImagesCustomDelegate" pc="268439109" symbol="onSelect"/>
        <entry filename="/home/gab/Projects/whip/test-iq/source/MenuSampleImagesCustom.mc" id="39" lineNum="56" parent="globals/ImagesCustomDelegate" pc="268439113" symbol="onSelect"/>
        <entry filename="/home/gab/Projects/whip/test-iq/source/MenuSampleImagesCustom.mc" id="40" lineNum="60" parent="globals/ImagesCustomDelegate" pc="268439130" symbol="onBack"/>
        <entry filename="/home/gab/Projects/whip/test-iq/source/MenuSampleImagesCustom.mc" id="40" lineNum="61" parent="globals/ImagesCustomDelegate" pc="268439134" symbol="onBack"/>
        <entry filename="/home/gab/Projects/whip/test-iq/source/MenuSampleImagesCustom.mc" id="41" lineNum="46" parent="globals/ImagesCustomDelegate" pc="268445134" symbol="&lt;init&gt;"/>
        <entry filename="/home/gab/Projects/whip/test-iq/source/MenuSampleImagesCustom.mc" id="41" lineNum="46" parent="globals/ImagesCustomDelegate" pc="268445134" symbol="&lt;init&gt;"/>
        <entry filename="/home/gab/Projects/whip/test-iq/source/MenuSampleImagesCustom.mc" id="42" lineNum="77" parent="globals/CustomImagesItem" pc="268439163" symbol="initialize"/>
        <entry filename="/home/gab/Projects/whip/test-iq/source/MenuSampleImagesCustom.mc" id="42" lineNum="78" parent="globals/CustomImagesItem" pc="268439167" symbol="initialize"/>
        <entry filename="/home/gab/Projects/whip/test-iq/source/MenuSampleImagesCustom.mc" id="42" lineNum="79" parent="globals/CustomImagesItem" pc="268439193" symbol="initialize"/>
        <entry filename="/home/gab/Projects/whip/test-iq/source/MenuSampleImagesCustom.mc" id="42" lineNum="80" parent="globals/CustomImagesItem" pc="268439203" symbol="initialize"/>
        <entry filename="/home/gab/Projects/whip/test-iq/source/MenuSampleImagesCustom.mc" id="42" lineNum="81" parent="globals/CustomImagesItem" pc="268439213" symbol="initialize"/>
        <entry filename="/home/gab/Projects/whip/test-iq/source/MenuSampleImagesCustom.mc" id="43" lineNum="86" parent="globals/CustomImagesItem" pc="268439245" symbol="draw"/>
        <entry filename="/home/gab/Projects/whip/test-iq/source/MenuSampleImagesCustom.mc" id="43" lineNum="87" parent="globals/CustomImagesItem" pc="268439249" symbol="draw"/>
        <entry filename="/home/gab/Projects/whip/test-iq/source/MenuSampleImagesCustom.mc" id="43" lineNum="88" parent="globals/CustomImagesItem" pc="268439263" symbol="draw"/>
        <entry filename="/home/gab/Projects/whip/test-iq/source/MenuSampleImagesCustom.mc" id="43" lineNum="89" parent="globals/CustomImagesItem" pc="268439291" symbol="draw"/>
        <entry filename="/home/gab/Projects/whip/test-iq/source/MenuSampleImagesCustom.mc" id="43" lineNum="90" parent="globals/CustomImagesItem" pc="268439305" symbol="draw"/>
        <entry filename="/home/gab/Projects/whip/test-iq/source/MenuSampleImagesCustom.mc" id="43" lineNum="93" parent="globals/CustomImagesItem" pc="268439322" symbol="draw"/>
        <entry filename="/home/gab/Projects/whip/test-iq/source/MenuSampleImagesCustom.mc" id="43" lineNum="94" parent="globals/CustomImagesItem" pc="268439336" symbol="draw"/>
        <entry filename="/home/gab/Projects/whip/test-iq/source/MenuSampleImagesCustom.mc" id="43" lineNum="95" parent="globals/CustomImagesItem" pc="268439372" symbol="draw"/>
        <entry filename="/home/gab/Projects/whip/test-iq/source/MenuSampleImagesCustom.mc" id="43" lineNum="98" parent="globals/CustomImagesItem" pc="268439387" symbol="draw"/>
        <entry filename="/home/gab/Projects/whip/test-iq/source/MenuSampleImagesCustom.mc" id="43" lineNum="100" parent="globals/CustomImagesItem" pc="268439411" symbol="draw"/>
        <entry filename="/home/gab/Projects/whip/test-iq/source/MenuSampleImagesCustom.mc" id="43" lineNum="101" parent="globals/CustomImagesItem" pc="268439447" symbol="draw"/>
        <entry filename="/home/gab/Projects/whip/test-iq/source/MenuSampleImagesCustom.mc" id="44" lineNum="67" parent="globals/CustomImagesItem" pc="268445153" symbol="&lt;init&gt;"/>
        <entry filename="/home/gab/Projects/whip/test-iq/source/MenuSampleImagesCustom.mc" id="44" lineNum="67" parent="globals/CustomImagesItem" pc="268445153" symbol="&lt;init&gt;"/>
        <entry filename="/home/gab/Projects/whip/test-iq/source/TestIqApp.mc" id="46" lineNum="16" parent="globals/TestIq" pc="268439523" symbol="initialize"/>
        <entry filename="/home/gab/Projects/whip/test-iq/source/TestIqApp.mc" id="46" lineNum="17" parent="globals/TestIq" pc="268439527" symbol="initialize"/>
        <entry filename="/home/gab/Projects/whip/test-iq/source/TestIqApp.mc" id="47" lineNum="22" parent="globals/TestIq" pc="268439546" symbol="onStart"/>
        <entry filename="/home/gab/Projects/whip/test-iq/source/TestIqApp.mc" id="48" lineNum="27" parent="globals/TestIq" pc="268439551" symbol="onStop"/>
        <entry filename="/home/gab/Projects/whip/test-iq/source/TestIqApp.mc" id="49" lineNum="32" parent="globals/TestIq" pc="268439556" symbol="getInitialView"/>
        <entry filename="/home/gab/Projects/whip/test-iq/source/TestIqApp.mc" id="49" lineNum="33" parent="globals/TestIq" pc="268439560" symbol="getInitialView"/>
        <entry filename="/home/gab/Projects/whip/test-iq/source/TestIqApp.mc" id="50" lineNum="13" parent="globals/TestIq" pc="268444944" symbol="&lt;init&gt;"/>
        <entry filename="/home/gab/Projects/whip/test-iq/source/TestIqApp.mc" id="50" lineNum="13" parent="globals/TestIq" pc="268444944" symbol="&lt;init&gt;"/>
        <entry filename="/home/gab/Projects/whip/test-iq/source/MenuSampleBasicCustom.mc" id="52" lineNum="12" parent="globals" pc="268439636" symbol="pushBasicCustom"/>
        <entry filename="/home/gab/Projects/whip/test-iq/source/MenuSampleBasicCustom.mc" id="52" lineNum="13" parent="globals" pc="268439648" symbol="pushBasicCustom"/>
        <entry filename="/home/gab/Projects/whip/test-iq/source/MenuSampleBasicCustom.mc" id="52" lineNum="19" parent="globals" pc="268439826" symbol="pushBasicCustom"/>
        <entry filename="/home/gab/Projects/whip/test-iq/source/MenuSampleBasicCustom.mc" id="52" lineNum="20" parent="globals" pc="268439874" symbol="pushBasicCustom"/>
        <entry filename="/home/gab/Projects/whip/test-iq/source/MenuSampleBasicCustom.mc" id="52" lineNum="21" parent="globals" pc="268439922" symbol="pushBasicCustom"/>
        <entry filename="/home/gab/Projects/whip/test-iq/source/MenuSampleBasicCustom.mc" id="52" lineNum="22" parent="globals" pc="268439970" symbol="pushBasicCustom"/>
        <entry filename="/home/gab/Projects/whip/test-iq/source/MenuSampleBasicCustom.mc" id="52" lineNum="23" parent="globals" pc="268440018" symbol="pushBasicCustom"/>
        <entry filename="/home/gab/Projects/whip/test-iq/source/MenuSampleBasicCustom.mc" id="52" lineNum="24" parent="globals" pc="268440066" symbol="pushBasicCustom"/>
        <entry filename="/home/gab/Projects/whip/test-iq/source/MenuSampleBasicCustom.mc" id="52" lineNum="25" parent="globals" pc="268440114" symbol="pushBasicCustom"/>
        <entry filename="/home/gab/Projects/whip/test-iq/source/MenuSampleBasicCustom.mc" id="52" lineNum="26" parent="globals" pc="268440162" symbol="pushBasicCustom"/>
        <entry filename="/home/gab/Projects/whip/test-iq/source/MenuSampleBasicCustom.mc" id="53" lineNum="36" parent="globals/ItemView" pc="268440219" symbol="initialize"/>
        <entry filename="/home/gab/Projects/whip/test-iq/source/MenuSampleBasicCustom.mc" id="53" lineNum="37" parent="globals/ItemView" pc="268440223" symbol="initialize"/>
        <entry filename="/home/gab/Projects/whip/test-iq/source/MenuSampleBasicCustom.mc" id="53" lineNum="38" parent="globals/ItemView" pc="268440241" symbol="initialize"/>
        <entry filename="/home/gab/Projects/whip/test-iq/source/MenuSampleBasicCustom.mc" id="54" lineNum="49" parent="globals/ItemView" pc="268440392" symbol="onUpdate"/>
        <entry filename="/home/gab/Projects/whip/test-iq/source/MenuSampleBasicCustom.mc" id="54" lineNum="50" parent="globals/ItemView" pc="268440396" symbol="onUpdate"/>
        <entry filename="/home/gab/Projects/whip/test-iq/source/MenuSampleBasicCustom.mc" id="54" lineNum="51" parent="globals/ItemView" pc="268440432" symbol="onUpdate"/>
        <entry filename="/home/gab/Projects/whip/test-iq/source/MenuSampleBasicCustom.mc" id="54" lineNum="52" parent="globals/ItemView" pc="268440444" symbol="onUpdate"/>
        <entry filename="/home/gab/Projects/whip/test-iq/source/MenuSampleBasicCustom.mc" id="55" lineNum="30" parent="globals/ItemView" pc="268445001" symbol="&lt;init&gt;"/>
        <entry filename="/home/gab/Projects/whip/test-iq/source/MenuSampleBasicCustom.mc" id="55" lineNum="30" parent="globals/ItemView" pc="268445001" symbol="&lt;init&gt;"/>
        <entry filename="/home/gab/Projects/whip/test-iq/source/MenuSampleBasicCustom.mc" id="56" lineNum="60" parent="globals/BasicCustomDelegate" pc="268440465" symbol="initialize"/>
        <entry filename="/home/gab/Projects/whip/test-iq/source/MenuSampleBasicCustom.mc" id="56" lineNum="61" parent="globals/BasicCustomDelegate" pc="268440469" symbol="initialize"/>
        <entry filename="/home/gab/Projects/whip/test-iq/source/MenuSampleBasicCustom.mc" id="57" lineNum="66" parent="globals/BasicCustomDelegate" pc="268440488" symbol="onSelect"/>
        <entry filename="/home/gab/Projects/whip/test-iq/source/MenuSampleBasicCustom.mc" id="57" lineNum="67" parent="globals/BasicCustomDelegate" pc="268440492" symbol="onSelect"/>
        <entry filename="/home/gab/Projects/whip/test-iq/source/MenuSampleBasicCustom.mc" id="57" lineNum="68" parent="globals/BasicCustomDelegate" pc="268440558" symbol="onSelect"/>
        <entry filename="/home/gab/Projects/whip/test-iq/source/MenuSampleBasicCustom.mc" id="58" lineNum="72" parent="globals/BasicCustomDelegate" pc="268440575" symbol="onBack"/>
        <entry filename="/home/gab/Projects/whip/test-iq/source/MenuSampleBasicCustom.mc" id="58" lineNum="73" parent="globals/BasicCustomDelegate" pc="268440579" symbol="onBack"/>
        <entry filename="/home/gab/Projects/whip/test-iq/source/MenuSampleBasicCustom.mc" id="59" lineNum="79" parent="globals/BasicCustomDelegate" pc="268440608" symbol="onWrap"/>
        <entry filename="/home/gab/Projects/whip/test-iq/source/MenuSampleBasicCustom.mc" id="59" lineNum="81" parent="globals/BasicCustomDelegate" pc="268440612" symbol="onWrap"/>
        <entry filename="/home/gab/Projects/whip/test-iq/source/MenuSampleBasicCustom.mc" id="60" lineNum="57" parent="globals/BasicCustomDelegate" pc="268445039" symbol="&lt;init&gt;"/>
        <entry filename="/home/gab/Projects/whip/test-iq/source/MenuSampleBasicCustom.mc" id="60" lineNum="57" parent="globals/BasicCustomDelegate" pc="268445039" symbol="&lt;init&gt;"/>
        <entry filename="/home/gab/Projects/whip/test-iq/source/MenuSampleBasicCustom.mc" id="61" lineNum="94" parent="globals/CustomItem" pc="268440616" symbol="initialize"/>
        <entry filename="/home/gab/Projects/whip/test-iq/source/MenuSampleBasicCustom.mc" id="61" lineNum="95" parent="globals/CustomItem" pc="268440620" symbol="initialize"/>
        <entry filename="/home/gab/Projects/whip/test-iq/source/MenuSampleBasicCustom.mc" id="61" lineNum="96" parent="globals/CustomItem" pc="268440646" symbol="initialize"/>
        <entry filename="/home/gab/Projects/whip/test-iq/source/MenuSampleBasicCustom.mc" id="62" lineNum="101" parent="globals/CustomItem" pc="268440657" symbol="draw"/>
        <entry filename="/home/gab/Projects/whip/test-iq/source/MenuSampleBasicCustom.mc" id="62" lineNum="102" parent="globals/CustomItem" pc="268440661" symbol="draw"/>
        <entry filename="/home/gab/Projects/whip/test-iq/source/MenuSampleBasicCustom.mc" id="62" lineNum="103" parent="globals/CustomItem" pc="268440675" symbol="draw"/>
        <entry filename="/home/gab/Projects/whip/test-iq/source/MenuSampleBasicCustom.mc" id="62" lineNum="104" parent="globals/CustomItem" pc="268440689" symbol="draw"/>
        <entry filename="/home/gab/Projects/whip/test-iq/source/MenuSampleBasicCustom.mc" id="62" lineNum="107" parent="globals/CustomItem" pc="268440706" symbol="draw"/>
        <entry filename="/home/gab/Projects/whip/test-iq/source/MenuSampleBasicCustom.mc" id="62" lineNum="108" parent="globals/CustomItem" pc="268440720" symbol="draw"/>
        <entry filename="/home/gab/Projects/whip/test-iq/source/MenuSampleBasicCustom.mc" id="62" lineNum="109" parent="globals/CustomItem" pc="268440756" symbol="draw"/>
        <entry filename="/home/gab/Projects/whip/test-iq/source/MenuSampleBasicCustom.mc" id="62" lineNum="112" parent="globals/CustomItem" pc="268440771" symbol="draw"/>
        <entry filename="/home/gab/Projects/whip/test-iq/source/MenuSampleBasicCustom.mc" id="62" lineNum="113" parent="globals/CustomItem" pc="268440807" symbol="draw"/>
        <entry filename="/home/gab/Projects/whip/test-iq/source/MenuSampleBasicCustom.mc" id="62" lineNum="114" parent="globals/CustomItem" pc="268440888" symbol="draw"/>
        <entry filename="/home/gab/Projects/whip/test-iq/source/MenuSampleBasicCustom.mc" id="62" lineNum="115" parent="globals/CustomItem" pc="268440924" symbol="draw"/>
        <entry filename="/home/gab/Projects/whip/test-iq/source/MenuSampleBasicCustom.mc" id="62" lineNum="116" parent="globals/CustomItem" pc="268440962" symbol="draw"/>
        <entry filename="/home/gab/Projects/whip/test-iq/source/MenuSampleBasicCustom.mc" id="63" lineNum="121" parent="globals/CustomItem" pc="268441025" symbol="getLabel"/>
        <entry filename="/home/gab/Projects/whip/test-iq/source/MenuSampleBasicCustom.mc" id="63" lineNum="122" parent="globals/CustomItem" pc="268441029" symbol="getLabel"/>
        <entry filename="/home/gab/Projects/whip/test-iq/source/MenuSampleBasicCustom.mc" id="64" lineNum="87" parent="globals/CustomItem" pc="268444781" symbol="&lt;init&gt;"/>
        <entry filename="/home/gab/Projects/whip/test-iq/source/MenuSampleBasicCustom.mc" id="64" lineNum="87" parent="globals/CustomItem" pc="268444781" symbol="&lt;init&gt;"/>
        <entry filename="/home/gab/Projects/whip/test-iq/source/MenuSampleBasicCustom.mc" id="65" lineNum="130" parent="globals/DrawableMenuFooter" pc="268441039" symbol="initialize"/>
        <entry filename="/home/gab/Projects/whip/test-iq/source/MenuSampleBasicCustom.mc" id="65" lineNum="131" parent="globals/DrawableMenuFooter" pc="268441043" symbol="initialize"/>
        <entry filename="/home/gab/Projects/whip/test-iq/source/MenuSampleBasicCustom.mc" id="66" lineNum="136" parent="globals/DrawableMenuFooter" pc="268441068" symbol="draw"/>
        <entry filename="/home/gab/Projects/whip/test-iq/source/MenuSampleBasicCustom.mc" id="66" lineNum="137" parent="globals/DrawableMenuFooter" pc="268441072" symbol="draw"/>
        <entry filename="/home/gab/Projects/whip/test-iq/source/MenuSampleBasicCustom.mc" id="66" lineNum="138" parent="globals/DrawableMenuFooter" pc="268441108" symbol="draw"/>
        <entry filename="/home/gab/Projects/whip/test-iq/source/MenuSampleBasicCustom.mc" id="67" lineNum="127" parent="globals/DrawableMenuFooter" pc="268444963" symbol="&lt;init&gt;"/>
        <entry filename="/home/gab/Projects/whip/test-iq/source/MenuSampleBasicCustom.mc" id="67" lineNum="127" parent="globals/DrawableMenuFooter" pc="268444963" symbol="&lt;init&gt;"/>
        <entry filename="/home/gab/Projects/whip/test-iq/source/MenuTestIqDelegate.mc" id="69" lineNum="16" parent="globals/MenuTestIqDelegate" pc="268441147" symbol="initialize"/>
        <entry filename="/home/gab/Projects/whip/test-iq/source/MenuTestIqDelegate.mc" id="69" lineNum="17" parent="globals/MenuTestIqDelegate" pc="268441151" symbol="initialize"/>
        <entry filename="/home/gab/Projects/whip/test-iq/source/MenuTestIqDelegate.mc" id="70" lineNum="22" parent="globals/MenuTestIqDelegate" pc="268441170" symbol="onMenu"/>
        <entry filename="/home/gab/Projects/whip/test-iq/source/MenuTestIqDelegate.mc" id="70" lineNum="24" parent="globals/MenuTestIqDelegate" pc="268441174" symbol="onMenu"/>
        <entry filename="/home/gab/Projects/whip/test-iq/source/MenuTestIqDelegate.mc" id="70" lineNum="27" parent="globals/MenuTestIqDelegate" pc="268441242" symbol="onMenu"/>
        <entry filename="/home/gab/Projects/whip/test-iq/source/MenuTestIqDelegate.mc" id="70" lineNum="28" parent="globals/MenuTestIqDelegate" pc="268441296" symbol="onMenu"/>
        <entry filename="/home/gab/Projects/whip/test-iq/source/MenuTestIqDelegate.mc" id="70" lineNum="29" parent="globals/MenuTestIqDelegate" pc="268441346" symbol="onMenu"/>
        <entry filename="/home/gab/Projects/whip/test-iq/source/MenuTestIqDelegate.mc" id="70" lineNum="30" parent="globals/MenuTestIqDelegate" pc="268441396" symbol="onMenu"/>
        <entry filename="/home/gab/Projects/whip/test-iq/source/MenuTestIqDelegate.mc" id="70" lineNum="31" parent="globals/MenuTestIqDelegate" pc="268441446" symbol="onMenu"/>
        <entry filename="/home/gab/Projects/whip/test-iq/source/MenuTestIqDelegate.mc" id="70" lineNum="32" parent="globals/MenuTestIqDelegate" pc="268441502" symbol="onMenu"/>
        <entry filename="/home/gab/Projects/whip/test-iq/source/MenuTestIqDelegate.mc" id="71" lineNum="13" parent="globals/MenuTestIqDelegate" pc="268444906" symbol="&lt;init&gt;"/>
        <entry filename="/home/gab/Projects/whip/test-iq/source/MenuTestIqDelegate.mc" id="71" lineNum="13" parent="globals/MenuTestIqDelegate" pc="268444906" symbol="&lt;init&gt;"/>
        <entry filename="/home/gab/Projects/whip/test-iq/source/MenuTestIqDelegate.mc" id="72" lineNum="40" parent="globals/DrawableMenuTitle" pc="268441506" symbol="initialize"/>
        <entry filename="/home/gab/Projects/whip/test-iq/source/MenuTestIqDelegate.mc" id="72" lineNum="41" parent="globals/DrawableMenuTitle" pc="268441510" symbol="initialize"/>
        <entry filename="/home/gab/Projects/whip/test-iq/source/MenuTestIqDelegate.mc" id="73" lineNum="46" parent="globals/DrawableMenuTitle" pc="268441535" symbol="draw"/>
        <entry filename="/home/gab/Projects/whip/test-iq/source/MenuTestIqDelegate.mc" id="73" lineNum="47" parent="globals/DrawableMenuTitle" pc="268441539" symbol="draw"/>
        <entry filename="/home/gab/Projects/whip/test-iq/source/MenuTestIqDelegate.mc" id="73" lineNum="48" parent="globals/DrawableMenuTitle" pc="268441546" symbol="draw"/>
        <entry filename="/home/gab/Projects/whip/test-iq/source/MenuTestIqDelegate.mc" id="73" lineNum="49" parent="globals/DrawableMenuTitle" pc="268441587" symbol="draw"/>
        <entry filename="/home/gab/Projects/whip/test-iq/source/MenuTestIqDelegate.mc" id="73" lineNum="50" parent="globals/DrawableMenuTitle" pc="268441600" symbol="draw"/>
        <entry filename="/home/gab/Projects/whip/test-iq/source/MenuTestIqDelegate.mc" id="73" lineNum="52" parent="globals/DrawableMenuTitle" pc="268441630" symbol="draw"/>
        <entry filename="/home/gab/Projects/whip/test-iq/source/MenuTestIqDelegate.mc" id="73" lineNum="53" parent="globals/DrawableMenuTitle" pc="268441658" symbol="draw"/>
        <entry filename="/home/gab/Projects/whip/test-iq/source/MenuTestIqDelegate.mc" id="73" lineNum="54" parent="globals/DrawableMenuTitle" pc="268441689" symbol="draw"/>
        <entry filename="/home/gab/Projects/whip/test-iq/source/MenuTestIqDelegate.mc" id="73" lineNum="55" parent="globals/DrawableMenuTitle" pc="268441699" symbol="draw"/>
        <entry filename="/home/gab/Projects/whip/test-iq/source/MenuTestIqDelegate.mc" id="73" lineNum="57" parent="globals/DrawableMenuTitle" pc="268441718" symbol="draw"/>
        <entry filename="/home/gab/Projects/whip/test-iq/source/MenuTestIqDelegate.mc" id="73" lineNum="58" parent="globals/DrawableMenuTitle" pc="268441754" symbol="draw"/>
        <entry filename="/home/gab/Projects/whip/test-iq/source/MenuTestIqDelegate.mc" id="73" lineNum="60" parent="globals/DrawableMenuTitle" pc="268441766" symbol="draw"/>
        <entry filename="/home/gab/Projects/whip/test-iq/source/MenuTestIqDelegate.mc" id="73" lineNum="61" parent="globals/DrawableMenuTitle" pc="268441784" symbol="draw"/>
        <entry filename="/home/gab/Projects/whip/test-iq/source/MenuTestIqDelegate.mc" id="73" lineNum="62" parent="globals/DrawableMenuTitle" pc="268441820" symbol="draw"/>
        <entry filename="/home/gab/Projects/whip/test-iq/source/MenuTestIqDelegate.mc" id="74" lineNum="37" parent="globals/DrawableMenuTitle" pc="268445020" symbol="&lt;init&gt;"/>
        <entry filename="/home/gab/Projects/whip/test-iq/source/MenuTestIqDelegate.mc" id="74" lineNum="37" parent="globals/DrawableMenuTitle" pc="268445020" symbol="&lt;init&gt;"/>
        <entry filename="/home/gab/Projects/whip/test-iq/source/MenuTestMenuDelegate.mc" id="76" lineNum="15" parent="globals/Menu2TestMenu2Delegate" pc="268441879" symbol="initialize"/>
        <entry filename="/home/gab/Projects/whip/test-iq/source/MenuTestMenuDelegate.mc" id="76" lineNum="16" parent="globals/Menu2TestMenu2Delegate" pc="268441883" symbol="initialize"/>
        <entry filename="/home/gab/Projects/whip/test-iq/source/MenuTestMenuDelegate.mc" id="77" lineNum="21" parent="globals/Menu2TestMenu2Delegate" pc="268441902" symbol="onSelect"/>
        <entry filename="/home/gab/Projects/whip/test-iq/source/MenuTestMenuDelegate.mc" id="77" lineNum="22" parent="globals/Menu2TestMenu2Delegate" pc="268441906" symbol="onSelect"/>
        <entry filename="/home/gab/Projects/whip/test-iq/source/MenuTestMenuDelegate.mc" id="77" lineNum="23" parent="globals/Menu2TestMenu2Delegate" pc="268441919" symbol="onSelect"/>
        <entry filename="/home/gab/Projects/whip/test-iq/source/MenuTestMenuDelegate.mc" id="77" lineNum="26" parent="globals/Menu2TestMenu2Delegate" pc="268441938" symbol="onSelect"/>
        <entry filename="/home/gab/Projects/whip/test-iq/source/MenuTestMenuDelegate.mc" id="77" lineNum="27" parent="globals/Menu2TestMenu2Delegate" pc="268441985" symbol="onSelect"/>
        <entry filename="/home/gab/Projects/whip/test-iq/source/MenuTestMenuDelegate.mc" id="77" lineNum="28" parent="globals/Menu2TestMenu2Delegate" pc="268442099" symbol="onSelect"/>
        <entry filename="/home/gab/Projects/whip/test-iq/source/MenuTestMenuDelegate.mc" id="77" lineNum="29" parent="globals/Menu2TestMenu2Delegate" pc="268442213" symbol="onSelect"/>
        <entry filename="/home/gab/Projects/whip/test-iq/source/MenuTestMenuDelegate.mc" id="77" lineNum="30" parent="globals/Menu2TestMenu2Delegate" pc="268442296" symbol="onSelect"/>
        <entry filename="/home/gab/Projects/whip/test-iq/source/MenuTestMenuDelegate.mc" id="77" lineNum="31" parent="globals/Menu2TestMenu2Delegate" pc="268442355" symbol="onSelect"/>
        <entry filename="/home/gab/Projects/whip/test-iq/source/MenuTestMenuDelegate.mc" id="77" lineNum="34" parent="globals/Menu2TestMenu2Delegate" pc="268442374" symbol="onSelect"/>
        <entry filename="/home/gab/Projects/whip/test-iq/source/MenuTestMenuDelegate.mc" id="77" lineNum="35" parent="globals/Menu2TestMenu2Delegate" pc="268442421" symbol="onSelect"/>
        <entry filename="/home/gab/Projects/whip/test-iq/source/MenuTestMenuDelegate.mc" id="77" lineNum="36" parent="globals/Menu2TestMenu2Delegate" pc="268442508" symbol="onSelect"/>
        <entry filename="/home/gab/Projects/whip/test-iq/source/MenuTestMenuDelegate.mc" id="77" lineNum="37" parent="globals/Menu2TestMenu2Delegate" pc="268442595" symbol="onSelect"/>
        <entry filename="/home/gab/Projects/whip/test-iq/source/MenuTestMenuDelegate.mc" id="77" lineNum="38" parent="globals/Menu2TestMenu2Delegate" pc="268442651" symbol="onSelect"/>
        <entry filename="/home/gab/Projects/whip/test-iq/source/MenuTestMenuDelegate.mc" id="77" lineNum="39" parent="globals/Menu2TestMenu2Delegate" pc="268442710" symbol="onSelect"/>
        <entry filename="/home/gab/Projects/whip/test-iq/source/MenuTestMenuDelegate.mc" id="77" lineNum="42" parent="globals/Menu2TestMenu2Delegate" pc="268442729" symbol="onSelect"/>
        <entry filename="/home/gab/Projects/whip/test-iq/source/MenuTestMenuDelegate.mc" id="77" lineNum="43" parent="globals/Menu2TestMenu2Delegate" pc="268442776" symbol="onSelect"/>
        <entry filename="/home/gab/Projects/whip/test-iq/source/MenuTestMenuDelegate.mc" id="77" lineNum="44" parent="globals/Menu2TestMenu2Delegate" pc="268442804" symbol="onSelect"/>
        <entry filename="/home/gab/Projects/whip/test-iq/source/MenuTestMenuDelegate.mc" id="77" lineNum="45" parent="globals/Menu2TestMenu2Delegate" pc="268442832" symbol="onSelect"/>
        <entry filename="/home/gab/Projects/whip/test-iq/source/MenuTestMenuDelegate.mc" id="77" lineNum="46" parent="globals/Menu2TestMenu2Delegate" pc="268442860" symbol="onSelect"/>
        <entry filename="/home/gab/Projects/whip/test-iq/source/MenuTestMenuDelegate.mc" id="77" lineNum="47" parent="globals/Menu2TestMenu2Delegate" pc="268442953" symbol="onSelect"/>
        <entry filename="/home/gab/Projects/whip/test-iq/source/MenuTestMenuDelegate.mc" id="77" lineNum="48" parent="globals/Menu2TestMenu2Delegate" pc="268443046" symbol="onSelect"/>
        <entry filename="/home/gab/Projects/whip/test-iq/source/MenuTestMenuDelegate.mc" id="77" lineNum="49" parent="globals/Menu2TestMenu2Delegate" pc="268443108" symbol="onSelect"/>
        <entry filename="/home/gab/Projects/whip/test-iq/source/MenuTestMenuDelegate.mc" id="77" lineNum="50" parent="globals/Menu2TestMenu2Delegate" pc="268443167" symbol="onSelect"/>
        <entry filename="/home/gab/Projects/whip/test-iq/source/MenuTestMenuDelegate.mc" id="77" lineNum="53" parent="globals/Menu2TestMenu2Delegate" pc="268443186" symbol="onSelect"/>
        <entry filename="/home/gab/Projects/whip/test-iq/source/MenuTestMenuDelegate.mc" id="77" lineNum="54" parent="globals/Menu2TestMenu2Delegate" pc="268443233" symbol="onSelect"/>
        <entry filename="/home/gab/Projects/whip/test-iq/source/MenuTestMenuDelegate.mc" id="77" lineNum="55" parent="globals/Menu2TestMenu2Delegate" pc="268443283" symbol="onSelect"/>
        <entry filename="/home/gab/Projects/whip/test-iq/source/MenuTestMenuDelegate.mc" id="77" lineNum="56" parent="globals/Menu2TestMenu2Delegate" pc="268443333" symbol="onSelect"/>
        <entry filename="/home/gab/Projects/whip/test-iq/source/MenuTestMenuDelegate.mc" id="77" lineNum="57" parent="globals/Menu2TestMenu2Delegate" pc="268443383" symbol="onSelect"/>
        <entry filename="/home/gab/Projects/whip/test-iq/source/MenuTestMenuDelegate.mc" id="77" lineNum="59" parent="globals/Menu2TestMenu2Delegate" pc="268443442" symbol="onSelect"/>
        <entry filename="/home/gab/Projects/whip/test-iq/source/MenuTestMenuDelegate.mc" id="78" lineNum="64" parent="globals/Menu2TestMenu2Delegate" pc="268443459" symbol="onBack"/>
        <entry filename="/home/gab/Projects/whip/test-iq/source/MenuTestMenuDelegate.mc" id="78" lineNum="65" parent="globals/Menu2TestMenu2Delegate" pc="268443463" symbol="onBack"/>
        <entry filename="/home/gab/Projects/whip/test-iq/source/MenuTestMenuDelegate.mc" id="79" lineNum="12" parent="globals/Menu2TestMenu2Delegate" pc="268445172" symbol="&lt;init&gt;"/>
        <entry filename="/home/gab/Projects/whip/test-iq/source/MenuTestMenuDelegate.mc" id="79" lineNum="12" parent="globals/Menu2TestMenu2Delegate" pc="268445172" symbol="&lt;init&gt;"/>
        <entry filename="/home/gab/Projects/whip/test-iq/source/MenuTestMenuDelegate.mc" id="80" lineNum="73" parent="globals/Menu2SampleSubMenuDelegate" pc="268443492" symbol="initialize"/>
        <entry filename="/home/gab/Projects/whip/test-iq/source/MenuTestMenuDelegate.mc" id="80" lineNum="74" parent="globals/Menu2SampleSubMenuDelegate" pc="268443496" symbol="initialize"/>
        <entry filename="/home/gab/Projects/whip/test-iq/source/MenuTestMenuDelegate.mc" id="81" lineNum="79" parent="globals/Menu2SampleSubMenuDelegate" pc="268443515" symbol="onSelect"/>
        <entry filename="/home/gab/Projects/whip/test-iq/source/MenuTestMenuDelegate.mc" id="81" lineNum="83" parent="globals/Menu2SampleSubMenuDelegate" pc="268443519" symbol="onSelect"/>
        <entry filename="/home/gab/Projects/whip/test-iq/source/MenuTestMenuDelegate.mc" id="81" lineNum="84" parent="globals/Menu2SampleSubMenuDelegate" pc="268443537" symbol="onSelect"/>
        <entry filename="/home/gab/Projects/whip/test-iq/source/MenuTestMenuDelegate.mc" id="81" lineNum="86" parent="globals/Menu2SampleSubMenuDelegate" pc="268443572" symbol="onSelect"/>
        <entry filename="/home/gab/Projects/whip/test-iq/source/MenuTestMenuDelegate.mc" id="82" lineNum="90" parent="globals/Menu2SampleSubMenuDelegate" pc="268443589" symbol="onBack"/>
        <entry filename="/home/gab/Projects/whip/test-iq/source/MenuTestMenuDelegate.mc" id="82" lineNum="91" parent="globals/Menu2SampleSubMenuDelegate" pc="268443593" symbol="onBack"/>
        <entry filename="/home/gab/Projects/whip/test-iq/source/MenuTestMenuDelegate.mc" id="83" lineNum="95" parent="globals/Menu2SampleSubMenuDelegate" pc="268443622" symbol="onDone"/>
        <entry filename="/home/gab/Projects/whip/test-iq/source/MenuTestMenuDelegate.mc" id="83" lineNum="96" parent="globals/Menu2SampleSubMenuDelegate" pc="268443626" symbol="onDone"/>
        <entry filename="/home/gab/Projects/whip/test-iq/source/MenuTestMenuDelegate.mc" id="84" lineNum="70" parent="globals/Menu2SampleSubMenuDelegate" pc="268445077" symbol="&lt;init&gt;"/>
        <entry filename="/home/gab/Projects/whip/test-iq/source/MenuTestMenuDelegate.mc" id="84" lineNum="70" parent="globals/Menu2SampleSubMenuDelegate" pc="268445077" symbol="&lt;init&gt;"/>
        <entry filename="/home/gab/Projects/whip/test-iq/source/MenuTestMenuDelegate.mc" id="85" lineNum="104" parent="globals/Menu2SampleCustomDelegate" pc="268443655" symbol="initialize"/>
        <entry filename="/home/gab/Projects/whip/test-iq/source/MenuTestMenuDelegate.mc" id="85" lineNum="105" parent="globals/Menu2SampleCustomDelegate" pc="268443659" symbol="initialize"/>
        <entry filename="/home/gab/Projects/whip/test-iq/source/MenuTestMenuDelegate.mc" id="86" lineNum="110" parent="globals/Menu2SampleCustomDelegate" pc="268443678" symbol="onSelect"/>
        <entry filename="/home/gab/Projects/whip/test-iq/source/MenuTestMenuDelegate.mc" id="86" lineNum="111" parent="globals/Menu2SampleCustomDelegate" pc="268443682" symbol="onSelect"/>
        <entry filename="/home/gab/Projects/whip/test-iq/source/MenuTestMenuDelegate.mc" id="86" lineNum="114" parent="globals/Menu2SampleCustomDelegate" pc="268443695" symbol="onSelect"/>
        <entry filename="/home/gab/Projects/whip/test-iq/source/MenuTestMenuDelegate.mc" id="86" lineNum="115" parent="globals/Menu2SampleCustomDelegate" pc="268443706" symbol="onSelect"/>
        <entry filename="/home/gab/Projects/whip/test-iq/source/MenuTestMenuDelegate.mc" id="86" lineNum="116" parent="globals/Menu2SampleCustomDelegate" pc="268443725" symbol="onSelect"/>
        <entry filename="/home/gab/Projects/whip/test-iq/source/MenuTestMenuDelegate.mc" id="86" lineNum="117" parent="globals/Menu2SampleCustomDelegate" pc="268443736" symbol="onSelect"/>
        <entry filename="/home/gab/Projects/whip/test-iq/source/MenuTestMenuDelegate.mc" id="86" lineNum="118" parent="globals/Menu2SampleCustomDelegate" pc="268443755" symbol="onSelect"/>
        <entry filename="/home/gab/Projects/whip/test-iq/source/MenuTestMenuDelegate.mc" id="86" lineNum="119" parent="globals/Menu2SampleCustomDelegate" pc="268443766" symbol="onSelect"/>
        <entry filename="/home/gab/Projects/whip/test-iq/source/MenuTestMenuDelegate.mc" id="87" lineNum="124" parent="globals/Menu2SampleCustomDelegate" pc="268443786" symbol="onBack"/>
        <entry filename="/home/gab/Projects/whip/test-iq/source/MenuTestMenuDelegate.mc" id="87" lineNum="125" parent="globals/Menu2SampleCustomDelegate" pc="268443790" symbol="onBack"/>
        <entry filename="/home/gab/Projects/whip/test-iq/source/MenuTestMenuDelegate.mc" id="88" lineNum="101" parent="globals/Menu2SampleCustomDelegate" pc="268444800" symbol="&lt;init&gt;"/>
        <entry filename="/home/gab/Projects/whip/test-iq/source/MenuTestMenuDelegate.mc" id="88" lineNum="101" parent="globals/Menu2SampleCustomDelegate" pc="268444800" symbol="&lt;init&gt;"/>
        <entry filename="/home/gab/Projects/whip/test-iq/source/MenuTestMenuDelegate.mc" id="89" lineNum="141" parent="globals/CustomIcon" pc="268443819" symbol="initialize"/>
        <entry filename="/home/gab/Projects/whip/test-iq/source/MenuTestMenuDelegate.mc" id="89" lineNum="142" parent="globals/CustomIcon" pc="268443823" symbol="initialize"/>
        <entry filename="/home/gab/Projects/whip/test-iq/source/MenuTestMenuDelegate.mc" id="89" lineNum="143" parent="globals/CustomIcon" pc="268443847" symbol="initialize"/>
        <entry filename="/home/gab/Projects/whip/test-iq/source/MenuTestMenuDelegate.mc" id="90" lineNum="148" parent="globals/CustomIcon" pc="268443861" symbol="nextState"/>
        <entry filename="/home/gab/Projects/whip/test-iq/source/MenuTestMenuDelegate.mc" id="90" lineNum="149" parent="globals/CustomIcon" pc="268443865" symbol="nextState"/>
        <entry filename="/home/gab/Projects/whip/test-iq/source/MenuTestMenuDelegate.mc" id="90" lineNum="150" parent="globals/CustomIcon" pc="268443884" symbol="nextState"/>
        <entry filename="/home/gab/Projects/whip/test-iq/source/MenuTestMenuDelegate.mc" id="90" lineNum="151" parent="globals/CustomIcon" pc="268443913" symbol="nextState"/>
        <entry filename="/home/gab/Projects/whip/test-iq/source/MenuTestMenuDelegate.mc" id="90" lineNum="154" parent="globals/CustomIcon" pc="268443929" symbol="nextState"/>
        <entry filename="/home/gab/Projects/whip/test-iq/source/MenuTestMenuDelegate.mc" id="91" lineNum="159" parent="globals/CustomIcon" pc="268443948" symbol="getString"/>
        <entry filename="/home/gab/Projects/whip/test-iq/source/MenuTestMenuDelegate.mc" id="91" lineNum="160" parent="globals/CustomIcon" pc="268443952" symbol="getString"/>
        <entry filename="/home/gab/Projects/whip/test-iq/source/MenuTestMenuDelegate.mc" id="92" lineNum="166" parent="globals/CustomIcon" pc="268443971" symbol="draw"/>
        <entry filename="/home/gab/Projects/whip/test-iq/source/MenuTestMenuDelegate.mc" id="92" lineNum="167" parent="globals/CustomIcon" pc="268443975" symbol="draw"/>
        <entry filename="/home/gab/Projects/whip/test-iq/source/MenuTestMenuDelegate.mc" id="92" lineNum="168" parent="globals/CustomIcon" pc="268443994" symbol="draw"/>
        <entry filename="/home/gab/Projects/whip/test-iq/source/MenuTestMenuDelegate.mc" id="92" lineNum="169" parent="globals/CustomIcon" pc="268444010" symbol="draw"/>
        <entry filename="/home/gab/Projects/whip/test-iq/source/MenuTestMenuDelegate.mc" id="93" lineNum="133" parent="globals/CustomIcon" pc="268444536" symbol="&lt;init&gt;"/>
        <entry filename="/home/gab/Projects/whip/test-iq/source/MenuTestMenuDelegate.mc" id="93" lineNum="135" parent="globals/CustomIcon" pc="268444554" symbol="&lt;init&gt;"/>
        <entry filename="/home/gab/Projects/whip/test-iq/source/MenuTestMenuDelegate.mc" id="93" lineNum="137" parent="globals/CustomIcon" pc="268444688" symbol="&lt;init&gt;"/>
        <entry filename="/home/gab/Projects/whip/test-iq/source/MenuTestMenuDelegate.mc" id="93" lineNum="133" parent="globals/CustomIcon" pc="268444536" symbol="&lt;init&gt;"/>
        <entry filename="Rez" id="95" lineNum="18" parent="globals/Rez/Drawables/MenuForeground" pc="268444023" symbol="initialize"/>
        <entry filename="Rez" id="95" lineNum="19" parent="globals/Rez/Drawables/MenuForeground" pc="268444027" symbol="initialize"/>
        <entry filename="Rez" id="96" lineNum="22" parent="globals/Rez/Drawables/MenuForeground" pc="268444052" symbol="draw"/>
        <entry filename="Rez" id="96" lineNum="23" parent="globals/Rez/Drawables/MenuForeground" pc="268444056" symbol="draw"/>
        <entry filename="Rez" id="96" lineNum="24" parent="globals/Rez/Drawables/MenuForeground" pc="268444092" symbol="draw"/>
        <entry filename="Rez" id="96" lineNum="25" parent="globals/Rez/Drawables/MenuForeground" pc="268444124" symbol="draw"/>
        <entry filename="Rez" id="97" lineNum="16" parent="globals/Rez/Drawables/MenuForeground" pc="268444844" symbol="&lt;init&gt;"/>
        <entry filename="Rez" id="97" lineNum="16" parent="globals/Rez/Drawables/MenuForeground" pc="268444844" symbol="&lt;init&gt;"/>
        <entry filename="Rez" id="98" lineNum="2" parent="globals/Rez/Drawables" pc="268444843" symbol="&lt;init&gt;"/>
        <entry filename="Rez" id="99" lineNum="32" parent="globals/Rez/Fonts" pc="268444864" symbol="&lt;init&gt;"/>
        <entry filename="Rez" id="100" lineNum="34" parent="globals/Rez/JsonData" pc="268444866" symbol="&lt;init&gt;"/>
        <entry filename="Rez" id="101" lineNum="43" parent="globals/Rez/Layouts" pc="268444161" symbol="MainLayout"/>
        <entry filename="Rez" id="101" lineNum="45" parent="globals/Rez/Layouts" pc="268444173" symbol="MainLayout"/>
        <entry filename="Rez" id="101" lineNum="46" parent="globals/Rez/Layouts" pc="268444285" symbol="MainLayout"/>
        <entry filename="Rez" id="101" lineNum="47" parent="globals/Rez/Layouts" pc="268444325" symbol="MainLayout"/>
        <entry filename="Rez" id="101" lineNum="49" parent="globals/Rez/Layouts" pc="268444507" symbol="MainLayout"/>
        <entry filename="Rez" id="102" lineNum="36" parent="globals/Rez/Layouts" pc="268444865" symbol="&lt;init&gt;"/>
        <entry filename="Rez" id="103" lineNum="54" parent="globals/Rez/Menus" pc="268444863" symbol="&lt;init&gt;"/>
        <entry filename="Rez" id="104" lineNum="56" parent="globals/Rez/Strings" pc="268444867" symbol="&lt;init&gt;"/>
        <entry filename="Rez" id="105" lineNum="1" parent="globals/Rez" pc="268444819" symbol="&lt;init&gt;"/>
        <entry filename="Rez" id="105" lineNum="1" parent="globals/Rez" pc="268444819" symbol="&lt;init&gt;"/>
    </pcToLineNum>
    <symbolTable>
        <entry field="true" id="55" symbol="&lt;globals/ItemView/&lt;&gt;_text&gt;"/>
        <entry id="8388639" module="true" symbol="Graphics"/>
        <entry id="69" symbol="basic"/>
        <entry id="8389346" symbol="text"/>
        <entry field="true" id="57" symbol="&lt;globals/CustomWrapItem/&lt;&gt;_textColor&gt;"/>
        <entry field="true" id="45" symbol="mouse"/>
        <entry id="21" object="true" symbol="TestIq"/>
        <entry id="8388632" method="true" symbol="&lt;init&gt;"/>
        <entry id="70" symbol="images"/>
        <entry id="30" object="true" symbol="Menu2SampleSubMenuDelegate"/>
        <entry id="4" module="true" symbol="globals/Rez/Menus"/>
        <entry id="8390740" method="true" symbol="drawTitle"/>
        <entry id="8390437" symbol="alignment"/>
        <entry id="49" method="true" symbol="MainLayout"/>
        <entry field="true" id="34" symbol="&lt;globals/CustomIcon/&lt;&gt;_colorStrings&gt;"/>
        <entry id="32" object="true" symbol="CustomIcon"/>
        <entry field="true" id="33" symbol="&lt;globals/CustomIcon/&lt;&gt;_colors&gt;"/>
        <entry id="61" symbol="startupTimerCallback"/>
        <entry id="19" object="true" symbol="ImagesCustomDelegate"/>
        <entry field="true" id="59" symbol="&lt;globals/CustomImagesItem/&lt;&gt;_bitmap&gt;"/>
        <entry id="13" object="true" symbol="WrapBottomMenu"/>
        <entry field="true" id="8388611" module="true" symbol="Toybox"/>
        <entry id="8390413" method="true" symbol="getLabel"/>
        <entry id="8390751" method="true" symbol="onFooter"/>
        <entry field="true" id="52" symbol="AppName"/>
        <entry id="10" method="true" symbol="pushWrapCustom"/>
        <entry id="8" module="true" symbol="globals/Rez/Strings"/>
        <entry id="8389080" method="true" symbol="onMenu"/>
        <entry id="8388772" module="true" object="true" symbol="Fonts"/>
        <entry id="8389345" symbol="rezId"/>
        <entry id="8388648" module="true" symbol="WatchUi"/>
        <entry id="8389081" method="true" symbol="onBack"/>
        <entry id="2" module="true" symbol="globals/Rez"/>
        <entry field="true" id="41" symbol="logo"/>
        <entry id="8389124" method="true" symbol="onUpdate"/>
        <entry field="true" id="8389065" symbol="locY"/>
        <entry field="true" id="8389064" symbol="locX"/>
        <entry id="8390754" symbol="foreground"/>
        <entry id="8390422" method="true" symbol="onDone"/>
        <entry id="8390439" symbol="disabled"/>
        <entry id="8388771" module="true" object="true" symbol="Drawables"/>
        <entry id="8389348" symbol="font"/>
        <entry id="40" module="true" symbol="Menus"/>
        <entry id="6" module="true" symbol="globals/Rez/Layouts"/>
        <entry field="true" id="53" symbol="_time"/>
        <entry field="true" id="42" symbol="bear"/>
        <entry id="8389122" method="true" symbol="onLayout"/>
        <entry field="true" id="38" symbol="&lt;globals/CustomItem/&lt;&gt;_label&gt;"/>
        <entry field="true" id="8389063" symbol="identifier"/>
        <entry field="true" id="44" symbol="fox"/>
        <entry id="8389349" symbol="justification"/>
        <entry id="29" object="true" symbol="Menu2TestMenu2Delegate"/>
        <entry id="25" object="true" symbol="CustomItem"/>
        <entry id="7" module="true" symbol="globals/Rez/JsonData"/>
        <entry id="3" module="true" symbol="globals/Rez/Drawables"/>
        <entry id="71" symbol="wrap"/>
        <entry id="8390752" symbol="focusItemHeight"/>
        <entry id="23" object="true" symbol="ItemView"/>
        <entry id="37" method="true" symbol="getString"/>
        <entry field="true" id="58" symbol="&lt;globals/CustomImagesItem/&lt;&gt;_label&gt;"/>
        <entry field="true" id="8390438" symbol="enabled"/>
        <entry id="22" method="true" symbol="pushBasicCustom"/>
        <entry id="24" object="true" symbol="BasicCustomDelegate"/>
        <entry field="true" id="35" symbol="&lt;globals/CustomIcon/&lt;&gt;_index&gt;"/>
        <entry id="8389619" method="true" symbol="onSelect"/>
        <entry field="true" id="56" symbol="&lt;globals/CustomWrapItem/&lt;&gt;_label&gt;"/>
        <entry id="8388769" module="true" object="true" symbol="Rez"/>
        <entry id="31" object="true" symbol="Menu2SampleCustomDelegate"/>
        <entry id="14" object="true" symbol="WrapTopCustomDelegate"/>
        <entry id="9" object="true" symbol="TestIqView"/>
        <entry id="8388640" module="true" symbol="Lang"/>
        <entry id="68" symbol="item7"/>
        <entry id="67" symbol="item6"/>
        <entry id="66" symbol="item5"/>
        <entry id="65" symbol="item4"/>
        <entry id="64" symbol="item3"/>
        <entry id="63" symbol="item2"/>
        <entry id="62" symbol="item1"/>
        <entry id="8390088" module="true" object="true" symbol="JsonData"/>
        <entry id="8389068" method="true" symbol="draw"/>
        <entry field="true" id="47" symbol="LauncherIcon"/>
        <entry id="8388610" symbol="statics"/>
        <entry id="8389123" method="true" symbol="onShow"/>
        <entry field="true" id="50" symbol="MainMenuTitle"/>
        <entry id="54" method="true" symbol="&lt;globals/TestIqView/&lt;&gt;startupTimerCallback&gt;"/>
        <entry id="15" object="true" symbol="WrapBottomCustomDelegate"/>
        <entry id="8389350" module="true" symbol="globals"/>
        <entry id="8388770" module="true" object="true" symbol="Strings"/>
        <entry id="8388702" method="true" symbol="initialize"/>
        <entry field="true" id="43" symbol="dog"/>
        <entry id="18" object="true" symbol="ImagesMenu"/>
        <entry id="8389279" method="true" symbol="onStart"/>
        <entry id="16" object="true" symbol="CustomWrapItem"/>
        <entry id="12" object="true" symbol="WrapTopMenu"/>
        <entry id="8390753" symbol="footer"/>
        <entry id="8390749" method="true" symbol="onWrap"/>
        <entry id="8389280" method="true" symbol="getInitialView"/>
        <entry id="8389281" method="true" symbol="onStop"/>
        <entry field="true" id="60" symbol="&lt;globals/CustomImagesItem/&lt;&gt;_bitmapOffset&gt;"/>
        <entry id="8389347" symbol="color"/>
        <entry id="28" object="true" symbol="DrawableMenuTitle"/>
        <entry id="8390750" method="true" symbol="onTitle"/>
        <entry id="27" object="true" symbol="MenuTestIqDelegate"/>
        <entry id="11" method="true" symbol="pushWrapCustomBottom"/>
        <entry id="39" module="true" symbol="Layouts"/>
        <entry field="true" id="46" symbol="turtle"/>
        <entry id="20" object="true" symbol="CustomImagesItem"/>
        <entry id="8390741" method="true" symbol="drawFooter"/>
        <entry id="5" module="true" symbol="globals/Rez/Fonts"/>
        <entry field="true" id="8389743" symbol="backgroundColor"/>
        <entry id="8389125" method="true" symbol="onHide"/>
        <entry id="8388635" module="true" symbol="Application"/>
        <entry field="true" id="8389642" symbol="title"/>
        <entry id="26" object="true" symbol="DrawableMenuFooter"/>
        <entry id="36" method="true" symbol="nextState"/>
        <entry field="true" id="51" symbol="SplashText"/>
        <entry id="48" object="true" symbol="MenuForeground"/>
        <entry id="17" method="true" symbol="pushImagesCustom"/>
    </symbolTable>
    <localVars>
        <entry arg="true" endPc="268435524" name="dc" stackId="1" startPc="268435479"/>
        <entry arg="true" endPc="268435631" name="dc" stackId="1" startPc="268435607"/>
        <entry endPc="268435989" name="customMenu" stackId="1" startPc="268435709"/>
        <entry endPc="268436283" name="customMenu" stackId="1" startPc="268436003"/>
        <entry arg="true" endPc="268436317" name="backgroundColor" stackId="2" startPc="268436285"/>
        <entry arg="true" endPc="268436317" name="itemHeight" stackId="1" startPc="268436285"/>
        <entry arg="true" endPc="268436578" name="dc" stackId="1" startPc="268436318"/>
        <entry endPc="268437080" name="height" stackId="2" startPc="268436583"/>
        <entry endPc="268437080" name="centerX" stackId="3" startPc="268436583"/>
        <entry arg="true" endPc="268437081" name="dc" stackId="1" startPc="268436579"/>
        <entry arg="true" endPc="268437114" name="backgroundColor" stackId="2" startPc="268437082"/>
        <entry arg="true" endPc="268437114" name="itemHeight" stackId="1" startPc="268437082"/>
        <entry endPc="268437624" name="centerX" stackId="2" startPc="268437119"/>
        <entry arg="true" endPc="268437625" name="dc" stackId="1" startPc="268437115"/>
        <entry arg="true" endPc="268437669" name="item" stackId="1" startPc="268437649"/>
        <entry arg="true" endPc="268437747" name="key" stackId="1" startPc="268437703"/>
        <entry arg="true" endPc="268437812" name="item" stackId="1" startPc="268437792"/>
        <entry arg="true" endPc="268437930" name="key" stackId="1" startPc="268437874"/>
        <entry arg="true" endPc="268438014" name="label" stackId="2" startPc="268437964"/>
        <entry arg="true" endPc="268438014" name="textColor" stackId="3" startPc="268437964"/>
        <entry arg="true" endPc="268438014" name="id" stackId="1" startPc="268437964"/>
        <entry endPc="268438241" name="font" stackId="2" startPc="268438019"/>
        <entry arg="true" endPc="268438242" name="dc" stackId="1" startPc="268438015"/>
        <entry endPc="268438790" name="customMenu" stackId="1" startPc="268438255"/>
        <entry arg="true" endPc="268438824" name="backgroundColor" stackId="2" startPc="268438792"/>
        <entry arg="true" endPc="268438824" name="itemHeight" stackId="1" startPc="268438792"/>
        <entry arg="true" endPc="268439085" name="dc" stackId="1" startPc="268438825"/>
        <entry arg="true" endPc="268439129" name="item" stackId="1" startPc="268439109"/>
        <entry arg="true" endPc="268439244" name="label" stackId="2" startPc="268439163"/>
        <entry arg="true" endPc="268439244" name="bitmap" stackId="3" startPc="268439163"/>
        <entry arg="true" endPc="268439244" name="id" stackId="1" startPc="268439163"/>
        <entry endPc="268439521" name="font" stackId="2" startPc="268439249"/>
        <entry endPc="268439521" name="bmXY" stackId="3" startPc="268439249"/>
        <entry arg="true" endPc="268439522" name="dc" stackId="1" startPc="268439245"/>
        <entry arg="true" endPc="268439550" name="state" stackId="1" startPc="268439546"/>
        <entry arg="true" endPc="268439555" name="state" stackId="1" startPc="268439551"/>
        <entry endPc="268440217" name="customMenu" stackId="1" startPc="268439648"/>
        <entry arg="true" endPc="268440391" name="text" stackId="1" startPc="268440219"/>
        <entry arg="true" endPc="268440464" name="dc" stackId="1" startPc="268440392"/>
        <entry arg="true" endPc="268440574" name="item" stackId="1" startPc="268440488"/>
        <entry arg="true" endPc="268440615" name="key" stackId="1" startPc="268440608"/>
        <entry arg="true" endPc="268440656" name="text" stackId="2" startPc="268440616"/>
        <entry arg="true" endPc="268440656" name="id" stackId="1" startPc="268440616"/>
        <entry endPc="268441023" name="font" stackId="2" startPc="268440661"/>
        <entry arg="true" endPc="268441024" name="dc" stackId="1" startPc="268440657"/>
        <entry arg="true" endPc="268441146" name="dc" stackId="1" startPc="268441068"/>
        <entry endPc="268441504" name="menu" stackId="1" startPc="268441174"/>
        <entry endPc="268441877" name="labelWidth" stackId="5" startPc="268441539"/>
        <entry endPc="268441877" name="bitmapY" stackId="7" startPc="268441539"/>
        <entry endPc="268441877" name="appIcon" stackId="3" startPc="268441539"/>
        <entry endPc="268441877" name="labelY" stackId="9" startPc="268441539"/>
        <entry endPc="268441877" name="bitmapX" stackId="6" startPc="268441539"/>
        <entry endPc="268441877" name="labelX" stackId="8" startPc="268441539"/>
        <entry endPc="268441877" name="bitmapWidth" stackId="4" startPc="268441539"/>
        <entry endPc="268441877" name="spacing" stackId="2" startPc="268441539"/>
        <entry arg="true" endPc="268441878" name="dc" stackId="1" startPc="268441535"/>
        <entry endPc="268442351" name="toggleMenu" stackId="3" startPc="268441938"/>
        <entry endPc="268442706" name="checkMenu" stackId="4" startPc="268442374"/>
        <entry endPc="268443163" name="drawable1" stackId="6" startPc="268442729"/>
        <entry endPc="268443163" name="iconMenu" stackId="5" startPc="268442729"/>
        <entry endPc="268443163" name="drawable3" stackId="8" startPc="268442729"/>
        <entry endPc="268443163" name="drawable2" stackId="7" startPc="268442729"/>
        <entry endPc="268443438" name="customMenu" stackId="9" startPc="268443186"/>
        <entry endPc="268443457" name="id" stackId="2" startPc="268441906"/>
        <entry arg="true" endPc="268443458" name="item" stackId="1" startPc="268441902"/>
        <entry arg="true" endPc="268443588" name="item" stackId="1" startPc="268443515"/>
        <entry endPc="268443784" name="id" stackId="2" startPc="268443682"/>
        <entry arg="true" endPc="268443785" name="item" stackId="1" startPc="268443678"/>
        <entry endPc="268444021" name="color" stackId="2" startPc="268443975"/>
        <entry arg="true" endPc="268444022" name="dc" stackId="1" startPc="268443971"/>
        <entry arg="true" endPc="268444160" name="dc" stackId="1" startPc="268444052"/>
        <entry endPc="268444533" name="rez_cmp_local_text_5078777187" stackId="3" startPc="268444173"/>
        <entry endPc="268444533" name="rez_cmp_local_bitmap_logo" stackId="2" startPc="268444173"/>
        <entry arg="true" endPc="268444534" name="dc" stackId="1" startPc="268444161"/>
    </localVars>
    <annotations>
        <annotationEntry annotation="initialized" class="Drawables" module="globals/Rez" symbol="logo"/>
        <annotationEntry annotation="initialized" class="Drawables" module="globals/Rez" symbol="bear"/>
        <annotationEntry annotation="initialized" class="Drawables" module="globals/Rez" symbol="dog"/>
        <annotationEntry annotation="initialized" class="Drawables" module="globals/Rez" symbol="fox"/>
        <annotationEntry annotation="initialized" class="Drawables" module="globals/Rez" symbol="mouse"/>
        <annotationEntry annotation="initialized" class="Drawables" module="globals/Rez" symbol="turtle"/>
        <annotationEntry annotation="initialized" class="Drawables" module="globals/Rez" symbol="LauncherIcon"/>
        <annotationEntry annotation="initialized" class="Strings" module="globals/Rez" symbol="MainMenuTitle"/>
        <annotationEntry annotation="initialized" class="Strings" module="globals/Rez" symbol="SplashText"/>
        <annotationEntry annotation="initialized" class="Strings" module="globals/Rez" symbol="AppName"/>
    </annotations>
    <dataEntryOffsetMappings>
        <dataEntry label="globals" offset="87" parentId="" symbolId="globals" type="module"/>
        <dataEntry label="globals/CustomIcon" offset="326" parentId="globals" symbolId="CustomIcon" type="class"/>
        <dataEntry label="globals/CustomItem" offset="421" parentId="globals" symbolId="CustomItem" type="class"/>
        <dataEntry label="globals/Menu2SampleCustomDelegate" offset="492" parentId="globals" symbolId="Menu2SampleCustomDelegate" type="class"/>
        <dataEntry label="globals/Rez" offset="555" parentId="globals" symbolId="Rez" type="module"/>
        <dataEntry label="globals/Rez/Drawables" offset="634" parentId="Rez" symbolId="Drawables" type="module"/>
        <dataEntry label="globals/Rez/Drawables/MenuForeground" offset="729" parentId="Drawables" symbolId="MenuForeground" type="class"/>
        <dataEntry label="globals/Rez/Menus" offset="784" parentId="Rez" symbolId="Menus" type="module"/>
        <dataEntry label="globals/Rez/Fonts" offset="815" parentId="Rez" symbolId="Fonts" type="module"/>
        <dataEntry label="globals/Rez/Layouts" offset="846" parentId="Rez" symbolId="Layouts" type="module"/>
        <dataEntry label="globals/Rez/JsonData" offset="885" parentId="Rez" symbolId="JsonData" type="module"/>
        <dataEntry label="globals/Rez/Strings" offset="916" parentId="Rez" symbolId="Strings" type="module"/>
        <dataEntry label="globals/TestIqView" offset="971" parentId="globals" symbolId="TestIqView" type="class"/>
        <dataEntry label="globals/ImagesMenu" offset="1066" parentId="globals" symbolId="ImagesMenu" type="class"/>
        <dataEntry label="globals/MenuTestIqDelegate" offset="1121" parentId="globals" symbolId="MenuTestIqDelegate" type="class"/>
        <dataEntry label="globals/WrapTopMenu" offset="1176" parentId="globals" symbolId="WrapTopMenu" type="class"/>
        <dataEntry label="globals/TestIq" offset="1239" parentId="globals" symbolId="TestIq" type="class"/>
        <dataEntry label="globals/DrawableMenuFooter" offset="1310" parentId="globals" symbolId="DrawableMenuFooter" type="class"/>
        <dataEntry label="globals/WrapBottomCustomDelegate" offset="1365" parentId="globals" symbolId="WrapBottomCustomDelegate" type="class"/>
        <dataEntry label="globals/ItemView" offset="1444" parentId="globals" symbolId="ItemView" type="class"/>
        <dataEntry label="globals/DrawableMenuTitle" offset="1507" parentId="globals" symbolId="DrawableMenuTitle" type="class"/>
        <dataEntry label="globals/BasicCustomDelegate" offset="1562" parentId="globals" symbolId="BasicCustomDelegate" type="class"/>
        <dataEntry label="globals/WrapBottomMenu" offset="1633" parentId="globals" symbolId="WrapBottomMenu" type="class"/>
        <dataEntry label="globals/Menu2SampleSubMenuDelegate" offset="1688" parentId="globals" symbolId="Menu2SampleSubMenuDelegate" type="class"/>
        <dataEntry label="globals/WrapTopCustomDelegate" offset="1759" parentId="globals" symbolId="WrapTopCustomDelegate" type="class"/>
        <dataEntry label="globals/CustomWrapItem" offset="1838" parentId="globals" symbolId="CustomWrapItem" type="class"/>
        <dataEntry label="globals/ImagesCustomDelegate" offset="1909" parentId="globals" symbolId="ImagesCustomDelegate" type="class"/>
        <dataEntry label="globals/CustomImagesItem" offset="1972" parentId="globals" symbolId="CustomImagesItem" type="class"/>
        <dataEntry label="globals/Menu2TestMenu2Delegate" offset="2051" parentId="globals" symbolId="Menu2TestMenu2Delegate" type="class"/>
    </dataEntryOffsetMappings>
    <functions>
        <functionEntry accessMode="public" endPc="268435478" name="initialize" parent="TestIqView" startPc="268435456">
            <documentation>
                <![CDATA[<div class="description"> Constructor<br/></div>]]>
            </documentation>
        </functionEntry>
        <functionEntry accessMode="public" endPc="268435524" name="onLayout" parent="TestIqView" startPc="268435479">
            <param id="dc"/>
            <documentation>
                <![CDATA[<div class="description"> Load your resources here<br/> <div class="param"> dc Device Context</div><br/></div>]]>
            </documentation>
        </functionEntry>
        <functionEntry accessMode="public" endPc="268435606" name="onShow" parent="TestIqView" startPc="268435525">
            <documentation>
                <![CDATA[<div class="description"> Called when this View is brought to the foreground. Restore<br/> the state of this View and prepare it to be shown. This includes<br/> loading resources into memory.<br/></div>]]>
            </documentation>
        </functionEntry>
        <functionEntry accessMode="public" endPc="268435631" name="onUpdate" parent="TestIqView" startPc="268435607">
            <param id="dc"/>
            <documentation>
                <![CDATA[<div class="description"> Update the view<br/> <div class="param"> dc Device Context</div><br/></div>]]>
            </documentation>
        </functionEntry>
        <functionEntry accessMode="public" endPc="268435636" name="onHide" parent="TestIqView" startPc="268435632">
            <documentation>
                <![CDATA[<div class="description"> Called when this View is removed from the screen. Save the<br/> state of this View here. This includes freeing resources from<br/> memory.<br/></div>]]>
            </documentation>
        </functionEntry>
        <functionEntry accessMode="private" endPc="268435696" name="&lt;globals/TestIqView/&lt;&gt;startupTimerCallback&gt;" parent="TestIqView" startPc="268435637">
            <documentation/>
        </functionEntry>
        <functionEntry accessMode="protected" endPc="268444886" name="&lt;init&gt;" parent="TestIqView" startPc="268444868">
            <documentation/>
        </functionEntry>
        <functionEntry accessMode="public" endPc="268435990" name="pushWrapCustom" startPc="268435697">
            <documentation>
                <![CDATA[<div class="description"> Create the top menu of the Wrap custom menu<br/></div>]]>
            </documentation>
        </functionEntry>
        <functionEntry accessMode="public" endPc="268436284" name="pushWrapCustomBottom" startPc="268435991">
            <documentation>
                <![CDATA[<div class="description"> Create the sub-menu menu of the Wrap custom menu<br/></div>]]>
            </documentation>
        </functionEntry>
        <functionEntry accessMode="public" endPc="268436317" name="initialize" parent="WrapTopMenu" startPc="268436285">
            <param id="itemHeight"/>
            <param id="backgroundColor"/>
            <documentation>
                <![CDATA[<div class="description"> Constructor<br/> <div class="param"> itemHeight The pixel height of menu items rendered by this menu</div><br/> <div class="param"> backgroundColor The color for the menu background</div><br/></div>]]>
            </documentation>
        </functionEntry>
        <functionEntry accessMode="public" endPc="268436578" name="drawTitle" parent="WrapTopMenu" startPc="268436318">
            <param id="dc"/>
            <documentation>
                <![CDATA[<div class="description"> Draw the menu title<br/> <div class="param"> dc Device Context</div><br/></div>]]>
            </documentation>
        </functionEntry>
        <functionEntry accessMode="public" endPc="268437081" name="drawFooter" parent="WrapTopMenu" startPc="268436579">
            <param id="dc"/>
            <documentation>
                <![CDATA[<div class="description"> Draw the menu footer<br/> <div class="param"> dc Device Context</div><br/></div>]]>
            </documentation>
        </functionEntry>
        <functionEntry accessMode="protected" endPc="268444943" name="&lt;init&gt;" parent="WrapTopMenu" startPc="268444925">
            <documentation/>
        </functionEntry>
        <functionEntry accessMode="public" endPc="268437114" name="initialize" parent="WrapBottomMenu" startPc="268437082">
            <param id="itemHeight"/>
            <param id="backgroundColor"/>
            <documentation>
                <![CDATA[<div class="description"> Constructor<br/> <div class="param"> itemHeight The pixel height of menu items rendered by this menu</div><br/> <div class="param"> backgroundColor The color for the menu background</div><br/></div>]]>
            </documentation>
        </functionEntry>
        <functionEntry accessMode="public" endPc="268437625" name="drawTitle" parent="WrapBottomMenu" startPc="268437115">
            <param id="dc"/>
            <documentation>
                <![CDATA[<div class="description"> Draw the menu title<br/> <div class="param"> dc Device Context</div><br/></div>]]>
            </documentation>
        </functionEntry>
        <functionEntry accessMode="protected" endPc="268445076" name="&lt;init&gt;" parent="WrapBottomMenu" startPc="268445058">
            <documentation/>
        </functionEntry>
        <functionEntry accessMode="public" endPc="268437648" name="initialize" parent="WrapTopCustomDelegate" startPc="268437626">
            <documentation>
                <![CDATA[<div class="description"> Constructor<br/></div>]]>
            </documentation>
        </functionEntry>
        <functionEntry accessMode="public" endPc="268437669" name="onSelect" parent="WrapTopCustomDelegate" startPc="268437649">
            <param id="item"/>
            <documentation>
                <![CDATA[<div class="description"> Handle an item being selected<br/> <div class="param"> item The selected menu item</div><br/></div>]]>
            </documentation>
        </functionEntry>
        <functionEntry accessMode="public" endPc="268437702" name="onBack" parent="WrapTopCustomDelegate" startPc="268437670">
            <documentation>
                <![CDATA[<div class="description"> Handle the back key being pressed<br/></div>]]>
            </documentation>
        </functionEntry>
        <functionEntry accessMode="public" endPc="268437747" name="onWrap" parent="WrapTopCustomDelegate" startPc="268437703">
            <param id="key"/>
            <documentation>
                <![CDATA[<div class="description"> Handle the user navigating off the end of the menu<br/> <div class="param"> key The key triggering the menu wrap</div><br/> <div class="returns">Returns  true if wrap is allowed, false otherwise</div><br/></div>]]>
            </documentation>
        </functionEntry>
        <functionEntry accessMode="public" endPc="268437768" name="onFooter" parent="WrapTopCustomDelegate" startPc="268437748">
            <documentation>
                <![CDATA[<div class="description"> Handle the footer being selected<br/></div>]]>
            </documentation>
        </functionEntry>
        <functionEntry accessMode="protected" endPc="268445114" name="&lt;init&gt;" parent="WrapTopCustomDelegate" startPc="268445096">
            <documentation/>
        </functionEntry>
        <functionEntry accessMode="public" endPc="268437791" name="initialize" parent="WrapBottomCustomDelegate" startPc="268437769">
            <documentation>
                <![CDATA[<div class="description"> Constructor<br/></div>]]>
            </documentation>
        </functionEntry>
        <functionEntry accessMode="public" endPc="268437812" name="onSelect" parent="WrapBottomCustomDelegate" startPc="268437792">
            <param id="item"/>
            <documentation>
                <![CDATA[<div class="description"> Handle an item being selected<br/> <div class="param"> item The selected menu item</div><br/></div>]]>
            </documentation>
        </functionEntry>
        <functionEntry accessMode="public" endPc="268437873" name="onBack" parent="WrapBottomCustomDelegate" startPc="268437813">
            <documentation>
                <![CDATA[<div class="description"> Handle the back key being pressed<br/></div>]]>
            </documentation>
        </functionEntry>
        <functionEntry accessMode="public" endPc="268437930" name="onWrap" parent="WrapBottomCustomDelegate" startPc="268437874">
            <param id="key"/>
            <documentation>
                <![CDATA[<div class="description"> Handle the user navigating off the end of the menu<br/> <div class="param"> key The key triggering the menu wrap</div><br/> <div class="returns">Returns  true if wrap is allowed, false otherwise</div><br/></div>]]>
            </documentation>
        </functionEntry>
        <functionEntry accessMode="public" endPc="268437963" name="onTitle" parent="WrapBottomCustomDelegate" startPc="268437931">
            <documentation>
                <![CDATA[<div class="description"> Handle the title being selected<br/></div>]]>
            </documentation>
        </functionEntry>
        <functionEntry accessMode="protected" endPc="268445000" name="&lt;init&gt;" parent="WrapBottomCustomDelegate" startPc="268444982">
            <documentation/>
        </functionEntry>
        <functionEntry accessMode="public" endPc="268438014" name="initialize" parent="CustomWrapItem" startPc="268437964">
            <param id="id"/>
            <param id="label"/>
            <param id="textColor"/>
            <documentation>
                <![CDATA[<div class="description"> Constructor<br/> <div class="param"> id The identifier for this item</div><br/> <div class="param"> label Text to display</div><br/> <div class="param"> textColor Color of the text</div><br/></div>]]>
            </documentation>
        </functionEntry>
        <functionEntry accessMode="public" endPc="268438242" name="draw" parent="CustomWrapItem" startPc="268438015">
            <param id="dc"/>
            <documentation>
                <![CDATA[<div class="description"> Draw the item string at the center of the item.<br/> <div class="param"> dc Device Context</div><br/></div>]]>
            </documentation>
        </functionEntry>
        <functionEntry accessMode="protected" endPc="268445133" name="&lt;init&gt;" parent="CustomWrapItem" startPc="268445115">
            <documentation/>
        </functionEntry>
        <functionEntry accessMode="public" endPc="268438791" name="pushImagesCustom" startPc="268438243">
            <documentation>
                <![CDATA[<div class="description"> Create the Images custom menu<br/></div>]]>
            </documentation>
        </functionEntry>
        <functionEntry accessMode="public" endPc="268438824" name="initialize" parent="ImagesMenu" startPc="268438792">
            <param id="itemHeight"/>
            <param id="backgroundColor"/>
            <documentation>
                <![CDATA[<div class="description"> Constructor<br/> <div class="param"> itemHeight The pixel height of menu items rendered by this menu</div><br/> <div class="param"> backgroundColor The color for the menu background</div><br/></div>]]>
            </documentation>
        </functionEntry>
        <functionEntry accessMode="public" endPc="268439085" name="drawTitle" parent="ImagesMenu" startPc="268438825">
            <param id="dc"/>
            <documentation>
                <![CDATA[<div class="description"> Draw the menu title<br/> <div class="param"> dc Device Context</div><br/></div>]]>
            </documentation>
        </functionEntry>
        <functionEntry accessMode="protected" endPc="268444905" name="&lt;init&gt;" parent="ImagesMenu" startPc="268444887">
            <documentation/>
        </functionEntry>
        <functionEntry accessMode="public" endPc="268439108" name="initialize" parent="ImagesCustomDelegate" startPc="268439086">
            <documentation>
                <![CDATA[<div class="description"> Constructor<br/></div>]]>
            </documentation>
        </functionEntry>
        <functionEntry accessMode="public" endPc="268439129" name="onSelect" parent="ImagesCustomDelegate" startPc="268439109">
            <param id="item"/>
            <documentation>
                <![CDATA[<div class="description"> Handle an item being selected<br/> <div class="param"> item The selected menu item</div><br/></div>]]>
            </documentation>
        </functionEntry>
        <functionEntry accessMode="public" endPc="268439162" name="onBack" parent="ImagesCustomDelegate" startPc="268439130">
            <documentation>
                <![CDATA[<div class="description"> Handle the back key being pressed<br/></div>]]>
            </documentation>
        </functionEntry>
        <functionEntry accessMode="protected" endPc="268445152" name="&lt;init&gt;" parent="ImagesCustomDelegate" startPc="268445134">
            <documentation/>
        </functionEntry>
        <functionEntry accessMode="public" endPc="268439244" name="initialize" parent="CustomImagesItem" startPc="268439163">
            <param id="id"/>
            <param id="label"/>
            <param id="bitmap"/>
            <documentation>
                <![CDATA[<div class="description"> Constructor<br/> <div class="param"> id The identifier for this item</div><br/> <div class="param"> label Text to display</div><br/> <div class="param"> bitmap Color of the text</div><br/></div>]]>
            </documentation>
        </functionEntry>
        <functionEntry accessMode="public" endPc="268439522" name="draw" parent="CustomImagesItem" startPc="268439245">
            <param id="dc"/>
            <documentation>
                <![CDATA[<div class="description"> Draw the item's label and bitmap<br/> <div class="param"> dc Device context</div><br/></div>]]>
            </documentation>
        </functionEntry>
        <functionEntry accessMode="protected" endPc="268445171" name="&lt;init&gt;" parent="CustomImagesItem" startPc="268445153">
            <documentation/>
        </functionEntry>
        <functionEntry accessMode="public" endPc="268439545" name="initialize" parent="TestIq" startPc="268439523">
            <documentation>
                <![CDATA[<div class="description"> Constructor<br/></div>]]>
            </documentation>
        </functionEntry>
        <functionEntry accessMode="public" endPc="268439550" name="onStart" parent="TestIq" startPc="268439546">
            <param id="state"/>
            <documentation>
                <![CDATA[<div class="description"> Handle app startup<br/> <div class="param"> state Startup arguments</div><br/></div>]]>
            </documentation>
        </functionEntry>
        <functionEntry accessMode="public" endPc="268439555" name="onStop" parent="TestIq" startPc="268439551">
            <param id="state"/>
            <documentation>
                <![CDATA[<div class="description"> Handle app shutdown<br/> <div class="param"> state Shutdown arguments</div><br/></div>]]>
            </documentation>
        </functionEntry>
        <functionEntry accessMode="public" endPc="268439635" name="getInitialView" parent="TestIq" startPc="268439556">
            <documentation>
                <![CDATA[<div class="description"> Return the initial view for the app<br/> <div class="returns">Returns  Array [View, Delegate]</div><br/></div>]]>
            </documentation>
        </functionEntry>
        <functionEntry accessMode="protected" endPc="268444962" name="&lt;init&gt;" parent="TestIq" startPc="268444944">
            <documentation/>
        </functionEntry>
        <functionEntry accessMode="public" endPc="268440218" name="pushBasicCustom" startPc="268439636">
            <documentation>
                <![CDATA[<div class="description"> Create the Basic Drawables custom menu<br/></div>]]>
            </documentation>
        </functionEntry>
        <functionEntry accessMode="public" endPc="268440391" name="initialize" parent="ItemView" startPc="268440219">
            <param id="text"/>
            <documentation>
                <![CDATA[<div class="description"> Constructor<br/> <div class="param"> text The item text</div><br/></div>]]>
            </documentation>
        </functionEntry>
        <functionEntry accessMode="public" endPc="268440464" name="onUpdate" parent="ItemView" startPc="268440392">
            <param id="dc"/>
            <documentation>
                <![CDATA[<div class="description"> Update the view<br/> <div class="param"> dc Device context</div><br/></div>]]>
            </documentation>
        </functionEntry>
        <functionEntry accessMode="protected" endPc="268445019" name="&lt;init&gt;" parent="ItemView" startPc="268445001">
            <documentation/>
        </functionEntry>
        <functionEntry accessMode="public" endPc="268440487" name="initialize" parent="BasicCustomDelegate" startPc="268440465">
            <documentation>
                <![CDATA[<div class="description"> Constructor<br/></div>]]>
            </documentation>
        </functionEntry>
        <functionEntry accessMode="public" endPc="268440574" name="onSelect" parent="BasicCustomDelegate" startPc="268440488">
            <param id="item"/>
            <documentation>
                <![CDATA[<div class="description"> Handle an item being selected<br/> <div class="param"> item The selected menu item</div><br/></div>]]>
            </documentation>
        </functionEntry>
        <functionEntry accessMode="public" endPc="268440607" name="onBack" parent="BasicCustomDelegate" startPc="268440575">
            <documentation>
                <![CDATA[<div class="description"> Handle the back key being pressed<br/></div>]]>
            </documentation>
        </functionEntry>
        <functionEntry accessMode="public" endPc="268440615" name="onWrap" parent="BasicCustomDelegate" startPc="268440608">
            <param id="key"/>
            <documentation>
                <![CDATA[<div class="description"> Handle the user navigating off the end of the menu<br/> <div class="param"> key The key triggering the menu wrap</div><br/> <div class="returns">Returns  true if wrap is allowed, false otherwise</div><br/></div>]]>
            </documentation>
        </functionEntry>
        <functionEntry accessMode="protected" endPc="268445057" name="&lt;init&gt;" parent="BasicCustomDelegate" startPc="268445039">
            <documentation/>
        </functionEntry>
        <functionEntry accessMode="public" endPc="268440656" name="initialize" parent="CustomItem" startPc="268440616">
            <param id="id"/>
            <param id="text"/>
            <documentation>
                <![CDATA[<div class="description"> Constructor<br/> <div class="param"> id The identifier for this item</div><br/> <div class="param"> text Text to display</div><br/></div>]]>
            </documentation>
        </functionEntry>
        <functionEntry accessMode="public" endPc="268441024" name="draw" parent="CustomItem" startPc="268440657">
            <param id="dc"/>
            <documentation>
                <![CDATA[<div class="description"> Draw the item string at the center of the item.<br/> <div class="param"> dc Device context</div><br/></div>]]>
            </documentation>
        </functionEntry>
        <functionEntry accessMode="public" endPc="268441038" name="getLabel" parent="CustomItem" startPc="268441025">
            <documentation>
                <![CDATA[<div class="description"> Get the item label<br/> <div class="returns">Returns  The label</div><br/></div>]]>
            </documentation>
        </functionEntry>
        <functionEntry accessMode="protected" endPc="268444799" name="&lt;init&gt;" parent="CustomItem" startPc="268444781">
            <documentation/>
        </functionEntry>
        <functionEntry accessMode="public" endPc="268441067" name="initialize" parent="DrawableMenuFooter" startPc="268441039">
            <documentation>
                <![CDATA[<div class="description"> Constructor<br/></div>]]>
            </documentation>
        </functionEntry>
        <functionEntry accessMode="public" endPc="268441146" name="draw" parent="DrawableMenuFooter" startPc="268441068">
            <param id="dc"/>
            <documentation>
                <![CDATA[<div class="description"> Draw bottom half of the last dividing line below the final item<br/> <div class="param"> dc Device context</div><br/></div>]]>
            </documentation>
        </functionEntry>
        <functionEntry accessMode="protected" endPc="268444981" name="&lt;init&gt;" parent="DrawableMenuFooter" startPc="268444963">
            <documentation/>
        </functionEntry>
        <functionEntry accessMode="public" endPc="268441169" name="initialize" parent="MenuTestIqDelegate" startPc="268441147">
            <documentation>
                <![CDATA[<div class="description"> Constructor<br/></div>]]>
            </documentation>
        </functionEntry>
        <functionEntry accessMode="public" endPc="268441505" name="onMenu" parent="MenuTestIqDelegate" startPc="268441170">
            <documentation>
                <![CDATA[<div class="description"> Handle the menu event<br/> <div class="returns">Returns  true if handled, false otherwise</div><br/></div>]]>
            </documentation>
        </functionEntry>
        <functionEntry accessMode="protected" endPc="268444924" name="&lt;init&gt;" parent="MenuTestIqDelegate" startPc="268444906">
            <documentation/>
        </functionEntry>
        <functionEntry accessMode="public" endPc="268441534" name="initialize" parent="DrawableMenuTitle" startPc="268441506">
            <documentation>
                <![CDATA[<div class="description"> Constructor<br/></div>]]>
            </documentation>
        </functionEntry>
        <functionEntry accessMode="public" endPc="268441878" name="draw" parent="DrawableMenuTitle" startPc="268441535">
            <param id="dc"/>
            <documentation>
                <![CDATA[<div class="description"> Draw the application icon and main menu title<br/> <div class="param"> dc Device Context</div><br/></div>]]>
            </documentation>
        </functionEntry>
        <functionEntry accessMode="protected" endPc="268445038" name="&lt;init&gt;" parent="DrawableMenuTitle" startPc="268445020">
            <documentation/>
        </functionEntry>
        <functionEntry accessMode="public" endPc="268441901" name="initialize" parent="Menu2TestMenu2Delegate" startPc="268441879">
            <documentation>
                <![CDATA[<div class="description"> Constructor<br/></div>]]>
            </documentation>
        </functionEntry>
        <functionEntry accessMode="public" endPc="268443458" name="onSelect" parent="Menu2TestMenu2Delegate" startPc="268441902">
            <param id="item"/>
            <documentation>
                <![CDATA[<div class="description"> Handle an item being selected<br/> <div class="param"> item The selected menu item</div><br/></div>]]>
            </documentation>
        </functionEntry>
        <functionEntry accessMode="public" endPc="268443491" name="onBack" parent="Menu2TestMenu2Delegate" startPc="268443459">
            <documentation>
                <![CDATA[<div class="description"> Handle the back key being pressed<br/></div>]]>
            </documentation>
        </functionEntry>
        <functionEntry accessMode="protected" endPc="268445190" name="&lt;init&gt;" parent="Menu2TestMenu2Delegate" startPc="268445172">
            <documentation/>
        </functionEntry>
        <functionEntry accessMode="public" endPc="268443514" name="initialize" parent="Menu2SampleSubMenuDelegate" startPc="268443492">
            <documentation>
                <![CDATA[<div class="description"> Constructor<br/></div>]]>
            </documentation>
        </functionEntry>
        <functionEntry accessMode="public" endPc="268443588" name="onSelect" parent="Menu2SampleSubMenuDelegate" startPc="268443515">
            <param id="item"/>
            <documentation>
                <![CDATA[<div class="description"> Handle an item being selected<br/> <div class="param"> item The selected menu item</div><br/></div>]]>
            </documentation>
        </functionEntry>
        <functionEntry accessMode="public" endPc="268443621" name="onBack" parent="Menu2SampleSubMenuDelegate" startPc="268443589">
            <documentation>
                <![CDATA[<div class="description"> Handle the back key being pressed<br/></div>]]>
            </documentation>
        </functionEntry>
        <functionEntry accessMode="public" endPc="268443654" name="onDone" parent="Menu2SampleSubMenuDelegate" startPc="268443622">
            <documentation>
                <![CDATA[<div class="description"> Handle the done item being selected<br/></div>]]>
            </documentation>
        </functionEntry>
        <functionEntry accessMode="protected" endPc="268445095" name="&lt;init&gt;" parent="Menu2SampleSubMenuDelegate" startPc="268445077">
            <documentation/>
        </functionEntry>
        <functionEntry accessMode="public" endPc="268443677" name="initialize" parent="Menu2SampleCustomDelegate" startPc="268443655">
            <documentation>
                <![CDATA[<div class="description"> Constructor<br/></div>]]>
            </documentation>
        </functionEntry>
        <functionEntry accessMode="public" endPc="268443785" name="onSelect" parent="Menu2SampleCustomDelegate" startPc="268443678">
            <param id="item"/>
            <documentation>
                <![CDATA[<div class="description"> Handle an item being selected<br/> <div class="param"> item The selected menu item</div><br/></div>]]>
            </documentation>
        </functionEntry>
        <functionEntry accessMode="public" endPc="268443818" name="onBack" parent="Menu2SampleCustomDelegate" startPc="268443786">
            <documentation>
                <![CDATA[<div class="description"> Handle the back key being pressed<br/></div>]]>
            </documentation>
        </functionEntry>
        <functionEntry accessMode="protected" endPc="268444818" name="&lt;init&gt;" parent="Menu2SampleCustomDelegate" startPc="268444800">
            <documentation/>
        </functionEntry>
        <functionEntry accessMode="public" endPc="268443860" name="initialize" parent="CustomIcon" startPc="268443819">
            <documentation>
                <![CDATA[<div class="description"> Constructor<br/></div>]]>
            </documentation>
        </functionEntry>
        <functionEntry accessMode="public" endPc="268443947" name="nextState" parent="CustomIcon" startPc="268443861">
            <documentation>
                <![CDATA[<div class="description"> Advance to the next color state for the drawable<br/> <div class="returns">Returns  The new color state</div><br/></div>]]>
            </documentation>
        </functionEntry>
        <functionEntry accessMode="public" endPc="268443970" name="getString" parent="CustomIcon" startPc="268443948">
            <documentation>
                <![CDATA[<div class="description"> Return the color string for the menu to use as its sublabel<br/> <div class="returns">Returns  The current color</div><br/></div>]]>
            </documentation>
        </functionEntry>
        <functionEntry accessMode="public" endPc="268444022" name="draw" parent="CustomIcon" startPc="268443971">
            <param id="dc"/>
            <documentation>
                <![CDATA[<div class="description"> Set the color for the current state and use dc.clear() to fill<br/> the drawable area with that color<br/> <div class="param"> dc Device Context</div><br/></div>]]>
            </documentation>
        </functionEntry>
        <functionEntry accessMode="protected" endPc="268444780" name="&lt;init&gt;" parent="CustomIcon" startPc="268444536">
            <documentation/>
        </functionEntry>
        <functionEntry accessMode="public" endPc="268444051" name="initialize" parent="MenuForeground" startPc="268444023">
            <documentation/>
        </functionEntry>
        <functionEntry accessMode="public" endPc="268444160" name="draw" parent="MenuForeground" startPc="268444052">
            <param id="dc"/>
            <documentation/>
        </functionEntry>
        <functionEntry accessMode="protected" endPc="268444862" name="&lt;init&gt;" parent="MenuForeground" startPc="268444844">
            <documentation/>
        </functionEntry>
        <functionEntry accessMode="protected" endPc="268444843" name="&lt;init&gt;" parent="Drawables" startPc="268444843">
            <documentation/>
        </functionEntry>
        <functionEntry accessMode="protected" endPc="268444864" name="&lt;init&gt;" parent="Fonts" startPc="268444864">
            <documentation/>
        </functionEntry>
        <functionEntry accessMode="protected" endPc="268444866" name="&lt;init&gt;" parent="JsonData" startPc="268444866">
            <documentation/>
        </functionEntry>
        <functionEntry accessMode="public" endPc="268444534" name="MainLayout" parent="Layouts" startPc="268444161">
            <param id="dc"/>
            <documentation/>
        </functionEntry>
        <functionEntry accessMode="protected" endPc="268444865" name="&lt;init&gt;" parent="Layouts" startPc="268444865">
            <documentation/>
        </functionEntry>
        <functionEntry accessMode="protected" endPc="268444863" name="&lt;init&gt;" parent="Menus" startPc="268444863">
            <documentation/>
        </functionEntry>
        <functionEntry accessMode="protected" endPc="268444867" name="&lt;init&gt;" parent="Strings" startPc="268444867">
            <documentation/>
        </functionEntry>
        <functionEntry accessMode="protected" endPc="268444842" name="&lt;init&gt;" parent="Rez" startPc="268444819">
            <documentation/>
        </functionEntry>
    </functions>
>>>>>>> e93e2ad1290fc86cbda4b12a4cc33bfc53f86617
</debugInfo>
