<?xml version="1.0" encoding="UTF-8" standalone="no"?>
<debugInfo>
<manifest filename="C:\Users\utente\Desktop\test-iq\manifest.xml"/>
<pcToLineNum>
<entry filename="C:\\Users\\utente\\Desktop\\test-iq\\source\\MenuSampleWrapCustom.mc" id="1" lineNum="12" parent="globals" pc="268435456" symbol="pushWrapCustom"/>
<entry filename="C:\\Users\\utente\\Desktop\\test-iq\\source\\MenuSampleWrapCustom.mc" id="1" lineNum="13" parent="globals" pc="268435468" symbol="pushWrapCustom"/>
<entry filename="C:\\Users\\utente\\Desktop\\test-iq\\source\\MenuSampleWrapCustom.mc" id="1" lineNum="14" parent="globals" pc="268435513" symbol="pushWrapCustom"/>
<entry filename="C:\\Users\\utente\\Desktop\\test-iq\\source\\MenuSampleWrapCustom.mc" id="1" lineNum="15" parent="globals" pc="268435573" symbol="pushWrapCustom"/>
<entry filename="C:\\Users\\utente\\Desktop\\test-iq\\source\\MenuSampleWrapCustom.mc" id="1" lineNum="16" parent="globals" pc="268435633" symbol="pushWrapCustom"/>
<entry filename="C:\\Users\\utente\\Desktop\\test-iq\\source\\MenuSampleWrapCustom.mc" id="1" lineNum="17" parent="globals" pc="268435693" symbol="pushWrapCustom"/>
<entry filename="C:\\Users\\utente\\Desktop\\test-iq\\source\\MenuSampleWrapCustom.mc" id="2" lineNum="21" parent="globals" pc="268435750" symbol="pushWrapCustomBottom"/>
<entry filename="C:\\Users\\utente\\Desktop\\test-iq\\source\\MenuSampleWrapCustom.mc" id="2" lineNum="22" parent="globals" pc="268435762" symbol="pushWrapCustomBottom"/>
<entry filename="C:\\Users\\utente\\Desktop\\test-iq\\source\\MenuSampleWrapCustom.mc" id="2" lineNum="23" parent="globals" pc="268435807" symbol="pushWrapCustomBottom"/>
<entry filename="C:\\Users\\utente\\Desktop\\test-iq\\source\\MenuSampleWrapCustom.mc" id="2" lineNum="24" parent="globals" pc="268435867" symbol="pushWrapCustomBottom"/>
<entry filename="C:\\Users\\utente\\Desktop\\test-iq\\source\\MenuSampleWrapCustom.mc" id="2" lineNum="25" parent="globals" pc="268435927" symbol="pushWrapCustomBottom"/>
<entry filename="C:\\Users\\utente\\Desktop\\test-iq\\source\\MenuSampleWrapCustom.mc" id="2" lineNum="26" parent="globals" pc="268435987" symbol="pushWrapCustomBottom"/>
<entry filename="C:\\Users\\utente\\Desktop\\test-iq\\source\\MenuSampleWrapCustom.mc" id="3" lineNum="35" parent="globals/WrapTopMenu" pc="268436044" symbol="initialize"/>
<entry filename="C:\\Users\\utente\\Desktop\\test-iq\\source\\MenuSampleWrapCustom.mc" id="3" lineNum="36" parent="globals/WrapTopMenu" pc="268436048" symbol="initialize"/>
<entry filename="C:\\Users\\utente\\Desktop\\test-iq\\source\\MenuSampleWrapCustom.mc" id="4" lineNum="41" parent="globals/WrapTopMenu" pc="268436077" symbol="drawTitle"/>
<entry filename="C:\\Users\\utente\\Desktop\\test-iq\\source\\MenuSampleWrapCustom.mc" id="4" lineNum="42" parent="globals/WrapTopMenu" pc="268436081" symbol="drawTitle"/>
<entry filename="C:\\Users\\utente\\Desktop\\test-iq\\source\\MenuSampleWrapCustom.mc" id="4" lineNum="43" parent="globals/WrapTopMenu" pc="268436117" symbol="drawTitle"/>
<entry filename="C:\\Users\\utente\\Desktop\\test-iq\\source\\MenuSampleWrapCustom.mc" id="4" lineNum="44" parent="globals/WrapTopMenu" pc="268436134" symbol="drawTitle"/>
<entry filename="C:\\Users\\utente\\Desktop\\test-iq\\source\\MenuSampleWrapCustom.mc" id="4" lineNum="45" parent="globals/WrapTopMenu" pc="268436196" symbol="drawTitle"/>
<entry filename="C:\\Users\\utente\\Desktop\\test-iq\\source\\MenuSampleWrapCustom.mc" id="4" lineNum="46" parent="globals/WrapTopMenu" pc="268436213" symbol="drawTitle"/>
<entry filename="C:\\Users\\utente\\Desktop\\test-iq\\source\\MenuSampleWrapCustom.mc" id="4" lineNum="47" parent="globals/WrapTopMenu" pc="268436249" symbol="drawTitle"/>
<entry filename="C:\\Users\\utente\\Desktop\\test-iq\\source\\MenuSampleWrapCustom.mc" id="5" lineNum="52" parent="globals/WrapTopMenu" pc="268436338" symbol="drawFooter"/>
<entry filename="C:\\Users\\utente\\Desktop\\test-iq\\source\\MenuSampleWrapCustom.mc" id="5" lineNum="53" parent="globals/WrapTopMenu" pc="268436342" symbol="drawFooter"/>
<entry filename="C:\\Users\\utente\\Desktop\\test-iq\\source\\MenuSampleWrapCustom.mc" id="5" lineNum="54" parent="globals/WrapTopMenu" pc="268436355" symbol="drawFooter"/>
<entry filename="C:\\Users\\utente\\Desktop\\test-iq\\source\\MenuSampleWrapCustom.mc" id="5" lineNum="56" parent="globals/WrapTopMenu" pc="268436374" symbol="drawFooter"/>
<entry filename="C:\\Users\\utente\\Desktop\\test-iq\\source\\MenuSampleWrapCustom.mc" id="5" lineNum="57" parent="globals/WrapTopMenu" pc="268436410" symbol="drawFooter"/>
<entry filename="C:\\Users\\utente\\Desktop\\test-iq\\source\\MenuSampleWrapCustom.mc" id="5" lineNum="58" parent="globals/WrapTopMenu" pc="268436422" symbol="drawFooter"/>
<entry filename="C:\\Users\\utente\\Desktop\\test-iq\\source\\MenuSampleWrapCustom.mc" id="5" lineNum="59" parent="globals/WrapTopMenu" pc="268436458" symbol="drawFooter"/>
<entry filename="C:\\Users\\utente\\Desktop\\test-iq\\source\\MenuSampleWrapCustom.mc" id="5" lineNum="60" parent="globals/WrapTopMenu" pc="268436475" symbol="drawFooter"/>
<entry filename="C:\\Users\\utente\\Desktop\\test-iq\\source\\MenuSampleWrapCustom.mc" id="5" lineNum="61" parent="globals/WrapTopMenu" pc="268436513" symbol="drawFooter"/>
<entry filename="C:\\Users\\utente\\Desktop\\test-iq\\source\\MenuSampleWrapCustom.mc" id="5" lineNum="62" parent="globals/WrapTopMenu" pc="268436530" symbol="drawFooter"/>
<entry filename="C:\\Users\\utente\\Desktop\\test-iq\\source\\MenuSampleWrapCustom.mc" id="5" lineNum="63" parent="globals/WrapTopMenu" pc="268436566" symbol="drawFooter"/>
<entry filename="C:\\Users\\utente\\Desktop\\test-iq\\source\\MenuSampleWrapCustom.mc" id="5" lineNum="64" parent="globals/WrapTopMenu" pc="268436654" symbol="drawFooter"/>
<entry filename="C:\\Users\\utente\\Desktop\\test-iq\\source\\MenuSampleWrapCustom.mc" id="5" lineNum="65" parent="globals/WrapTopMenu" pc="268436690" symbol="drawFooter"/>
<entry filename="C:\\Users\\utente\\Desktop\\test-iq\\source\\MenuSampleWrapCustom.mc" id="6" lineNum="30" parent="globals/WrapTopMenu" pc="268445217" symbol="&lt;init&gt;"/>
<entry filename="C:\\Users\\utente\\Desktop\\test-iq\\source\\MenuSampleWrapCustom.mc" id="6" lineNum="30" parent="globals/WrapTopMenu" pc="268445217" symbol="&lt;init&gt;"/>
<entry filename="C:\\Users\\utente\\Desktop\\test-iq\\source\\MenuSampleWrapCustom.mc" id="7" lineNum="77" parent="globals/WrapBottomMenu" pc="268436841" symbol="initialize"/>
<entry filename="C:\\Users\\utente\\Desktop\\test-iq\\source\\MenuSampleWrapCustom.mc" id="7" lineNum="78" parent="globals/WrapBottomMenu" pc="268436845" symbol="initialize"/>
<entry filename="C:\\Users\\utente\\Desktop\\test-iq\\source\\MenuSampleWrapCustom.mc" id="8" lineNum="83" parent="globals/WrapBottomMenu" pc="268436874" symbol="drawTitle"/>
<entry filename="C:\\Users\\utente\\Desktop\\test-iq\\source\\MenuSampleWrapCustom.mc" id="8" lineNum="84" parent="globals/WrapBottomMenu" pc="268436878" symbol="drawTitle"/>
<entry filename="C:\\Users\\utente\\Desktop\\test-iq\\source\\MenuSampleWrapCustom.mc" id="8" lineNum="85" parent="globals/WrapBottomMenu" pc="268436897" symbol="drawTitle"/>
<entry filename="C:\\Users\\utente\\Desktop\\test-iq\\source\\MenuSampleWrapCustom.mc" id="8" lineNum="86" parent="globals/WrapBottomMenu" pc="268436933" symbol="drawTitle"/>
<entry filename="C:\\Users\\utente\\Desktop\\test-iq\\source\\MenuSampleWrapCustom.mc" id="8" lineNum="87" parent="globals/WrapBottomMenu" pc="268436945" symbol="drawTitle"/>
<entry filename="C:\\Users\\utente\\Desktop\\test-iq\\source\\MenuSampleWrapCustom.mc" id="8" lineNum="88" parent="globals/WrapBottomMenu" pc="268436981" symbol="drawTitle"/>
<entry filename="C:\\Users\\utente\\Desktop\\test-iq\\source\\MenuSampleWrapCustom.mc" id="8" lineNum="89" parent="globals/WrapBottomMenu" pc="268436998" symbol="drawTitle"/>
<entry filename="C:\\Users\\utente\\Desktop\\test-iq\\source\\MenuSampleWrapCustom.mc" id="8" lineNum="90" parent="globals/WrapBottomMenu" pc="268437060" symbol="drawTitle"/>
<entry filename="C:\\Users\\utente\\Desktop\\test-iq\\source\\MenuSampleWrapCustom.mc" id="8" lineNum="91" parent="globals/WrapBottomMenu" pc="268437077" symbol="drawTitle"/>
<entry filename="C:\\Users\\utente\\Desktop\\test-iq\\source\\MenuSampleWrapCustom.mc" id="8" lineNum="92" parent="globals/WrapBottomMenu" pc="268437113" symbol="drawTitle"/>
<entry filename="C:\\Users\\utente\\Desktop\\test-iq\\source\\MenuSampleWrapCustom.mc" id="8" lineNum="93" parent="globals/WrapBottomMenu" pc="268437207" symbol="drawTitle"/>
<entry filename="C:\\Users\\utente\\Desktop\\test-iq\\source\\MenuSampleWrapCustom.mc" id="8" lineNum="94" parent="globals/WrapBottomMenu" pc="268437243" symbol="drawTitle"/>
<entry filename="C:\\Users\\utente\\Desktop\\test-iq\\source\\MenuSampleWrapCustom.mc" id="9" lineNum="72" parent="globals/WrapBottomMenu" pc="268445350" symbol="&lt;init&gt;"/>
<entry filename="C:\\Users\\utente\\Desktop\\test-iq\\source\\MenuSampleWrapCustom.mc" id="9" lineNum="72" parent="globals/WrapBottomMenu" pc="268445350" symbol="&lt;init&gt;"/>
<entry filename="C:\\Users\\utente\\Desktop\\test-iq\\source\\MenuSampleWrapCustom.mc" id="10" lineNum="104" parent="globals/WrapTopCustomDelegate" pc="268437385" symbol="initialize"/>
<entry filename="C:\\Users\\utente\\Desktop\\test-iq\\source\\MenuSampleWrapCustom.mc" id="10" lineNum="105" parent="globals/WrapTopCustomDelegate" pc="268437389" symbol="initialize"/>
<entry filename="C:\\Users\\utente\\Desktop\\test-iq\\source\\MenuSampleWrapCustom.mc" id="11" lineNum="110" parent="globals/WrapTopCustomDelegate" pc="268437408" symbol="onSelect"/>
<entry filename="C:\\Users\\utente\\Desktop\\test-iq\\source\\MenuSampleWrapCustom.mc" id="11" lineNum="111" parent="globals/WrapTopCustomDelegate" pc="268437412" symbol="onSelect"/>
<entry filename="C:\\Users\\utente\\Desktop\\test-iq\\source\\MenuSampleWrapCustom.mc" id="12" lineNum="115" parent="globals/WrapTopCustomDelegate" pc="268437429" symbol="onBack"/>
<entry filename="C:\\Users\\utente\\Desktop\\test-iq\\source\\MenuSampleWrapCustom.mc" id="12" lineNum="116" parent="globals/WrapTopCustomDelegate" pc="268437433" symbol="onBack"/>
<entry filename="C:\\Users\\utente\\Desktop\\test-iq\\source\\MenuSampleWrapCustom.mc" id="13" lineNum="122" parent="globals/WrapTopCustomDelegate" pc="268437462" symbol="onWrap"/>
<entry filename="C:\\Users\\utente\\Desktop\\test-iq\\source\\MenuSampleWrapCustom.mc" id="13" lineNum="123" parent="globals/WrapTopCustomDelegate" pc="268437466" symbol="onWrap"/>
<entry filename="C:\\Users\\utente\\Desktop\\test-iq\\source\\MenuSampleWrapCustom.mc" id="13" lineNum="124" parent="globals/WrapTopCustomDelegate" pc="268437484" symbol="onWrap"/>
<entry filename="C:\\Users\\utente\\Desktop\\test-iq\\source\\MenuSampleWrapCustom.mc" id="13" lineNum="126" parent="globals/WrapTopCustomDelegate" pc="268437503" symbol="onWrap"/>
<entry filename="C:\\Users\\utente\\Desktop\\test-iq\\source\\MenuSampleWrapCustom.mc" id="14" lineNum="130" parent="globals/WrapTopCustomDelegate" pc="268437507" symbol="onFooter"/>
<entry filename="C:\\Users\\utente\\Desktop\\test-iq\\source\\MenuSampleWrapCustom.mc" id="14" lineNum="131" parent="globals/WrapTopCustomDelegate" pc="268437511" symbol="onFooter"/>
<entry filename="C:\\Users\\utente\\Desktop\\test-iq\\source\\MenuSampleWrapCustom.mc" id="15" lineNum="101" parent="globals/WrapTopCustomDelegate" pc="268445388" symbol="&lt;init&gt;"/>
<entry filename="C:\\Users\\utente\\Desktop\\test-iq\\source\\MenuSampleWrapCustom.mc" id="15" lineNum="101" parent="globals/WrapTopCustomDelegate" pc="268445388" symbol="&lt;init&gt;"/>
<entry filename="C:\\Users\\utente\\Desktop\\test-iq\\source\\MenuSampleWrapCustom.mc" id="16" lineNum="139" parent="globals/WrapBottomCustomDelegate" pc="268437528" symbol="initialize"/>
<entry filename="C:\\Users\\utente\\Desktop\\test-iq\\source\\MenuSampleWrapCustom.mc" id="16" lineNum="140" parent="globals/WrapBottomCustomDelegate" pc="268437532" symbol="initialize"/>
<entry filename="C:\\Users\\utente\\Desktop\\test-iq\\source\\MenuSampleWrapCustom.mc" id="17" lineNum="145" parent="globals/WrapBottomCustomDelegate" pc="268437551" symbol="onSelect"/>
<entry filename="C:\\Users\\utente\\Desktop\\test-iq\\source\\MenuSampleWrapCustom.mc" id="17" lineNum="146" parent="globals/WrapBottomCustomDelegate" pc="268437555" symbol="onSelect"/>
<entry filename="C:\\Users\\utente\\Desktop\\test-iq\\source\\MenuSampleWrapCustom.mc" id="18" lineNum="150" parent="globals/WrapBottomCustomDelegate" pc="268437572" symbol="onBack"/>
<entry filename="C:\\Users\\utente\\Desktop\\test-iq\\source\\MenuSampleWrapCustom.mc" id="18" lineNum="151" parent="globals/WrapBottomCustomDelegate" pc="268437576" symbol="onBack"/>
<entry filename="C:\\Users\\utente\\Desktop\\test-iq\\source\\MenuSampleWrapCustom.mc" id="18" lineNum="152" parent="globals/WrapBottomCustomDelegate" pc="268437604" symbol="onBack"/>
<entry filename="C:\\Users\\utente\\Desktop\\test-iq\\source\\MenuSampleWrapCustom.mc" id="19" lineNum="158" parent="globals/WrapBottomCustomDelegate" pc="268437633" symbol="onWrap"/>
<entry filename="C:\\Users\\utente\\Desktop\\test-iq\\source\\MenuSampleWrapCustom.mc" id="19" lineNum="159" parent="globals/WrapBottomCustomDelegate" pc="268437637" symbol="onWrap"/>
<entry filename="C:\\Users\\utente\\Desktop\\test-iq\\source\\MenuSampleWrapCustom.mc" id="19" lineNum="160" parent="globals/WrapBottomCustomDelegate" pc="268437655" symbol="onWrap"/>
<entry filename="C:\\Users\\utente\\Desktop\\test-iq\\source\\MenuSampleWrapCustom.mc" id="19" lineNum="162" parent="globals/WrapBottomCustomDelegate" pc="268437686" symbol="onWrap"/>
<entry filename="C:\\Users\\utente\\Desktop\\test-iq\\source\\MenuSampleWrapCustom.mc" id="20" lineNum="166" parent="globals/WrapBottomCustomDelegate" pc="268437690" symbol="onTitle"/>
<entry filename="C:\\Users\\utente\\Desktop\\test-iq\\source\\MenuSampleWrapCustom.mc" id="20" lineNum="167" parent="globals/WrapBottomCustomDelegate" pc="268437694" symbol="onTitle"/>
<entry filename="C:\\Users\\utente\\Desktop\\test-iq\\source\\MenuSampleWrapCustom.mc" id="21" lineNum="136" parent="globals/WrapBottomCustomDelegate" pc="268445274" symbol="&lt;init&gt;"/>
<entry filename="C:\\Users\\utente\\Desktop\\test-iq\\source\\MenuSampleWrapCustom.mc" id="21" lineNum="136" parent="globals/WrapBottomCustomDelegate" pc="268445274" symbol="&lt;init&gt;"/>
<entry filename="C:\\Users\\utente\\Desktop\\test-iq\\source\\MenuSampleWrapCustom.mc" id="22" lineNum="182" parent="globals/CustomWrapItem" pc="268437723" symbol="initialize"/>
<entry filename="C:\\Users\\utente\\Desktop\\test-iq\\source\\MenuSampleWrapCustom.mc" id="22" lineNum="183" parent="globals/CustomWrapItem" pc="268437727" symbol="initialize"/>
<entry filename="C:\\Users\\utente\\Desktop\\test-iq\\source\\MenuSampleWrapCustom.mc" id="22" lineNum="184" parent="globals/CustomWrapItem" pc="268437753" symbol="initialize"/>
<entry filename="C:\\Users\\utente\\Desktop\\test-iq\\source\\MenuSampleWrapCustom.mc" id="22" lineNum="185" parent="globals/CustomWrapItem" pc="268437763" symbol="initialize"/>
<entry filename="C:\\Users\\utente\\Desktop\\test-iq\\source\\MenuSampleWrapCustom.mc" id="23" lineNum="190" parent="globals/CustomWrapItem" pc="268437774" symbol="draw"/>
<entry filename="C:\\Users\\utente\\Desktop\\test-iq\\source\\MenuSampleWrapCustom.mc" id="23" lineNum="191" parent="globals/CustomWrapItem" pc="268437778" symbol="draw"/>
<entry filename="C:\\Users\\utente\\Desktop\\test-iq\\source\\MenuSampleWrapCustom.mc" id="23" lineNum="192" parent="globals/CustomWrapItem" pc="268437792" symbol="draw"/>
<entry filename="C:\\Users\\utente\\Desktop\\test-iq\\source\\MenuSampleWrapCustom.mc" id="23" lineNum="193" parent="globals/CustomWrapItem" pc="268437806" symbol="draw"/>
<entry filename="C:\\Users\\utente\\Desktop\\test-iq\\source\\MenuSampleWrapCustom.mc" id="23" lineNum="196" parent="globals/CustomWrapItem" pc="268437823" symbol="draw"/>
<entry filename="C:\\Users\\utente\\Desktop\\test-iq\\source\\MenuSampleWrapCustom.mc" id="23" lineNum="197" parent="globals/CustomWrapItem" pc="268437837" symbol="draw"/>
<entry filename="C:\\Users\\utente\\Desktop\\test-iq\\source\\MenuSampleWrapCustom.mc" id="23" lineNum="198" parent="globals/CustomWrapItem" pc="268437873" symbol="draw"/>
<entry filename="C:\\Users\\utente\\Desktop\\test-iq\\source\\MenuSampleWrapCustom.mc" id="23" lineNum="201" parent="globals/CustomWrapItem" pc="268437888" symbol="draw"/>
<entry filename="C:\\Users\\utente\\Desktop\\test-iq\\source\\MenuSampleWrapCustom.mc" id="23" lineNum="202" parent="globals/CustomWrapItem" pc="268437920" symbol="draw"/>
<entry filename="C:\\Users\\utente\\Desktop\\test-iq\\source\\MenuSampleWrapCustom.mc" id="24" lineNum="173" parent="globals/CustomWrapItem" pc="268445426" symbol="&lt;init&gt;"/>
<entry filename="C:\\Users\\utente\\Desktop\\test-iq\\source\\MenuSampleWrapCustom.mc" id="24" lineNum="173" parent="globals/CustomWrapItem" pc="268445426" symbol="&lt;init&gt;"/>
<entry filename="C:\\Users\\utente\\Desktop\\test-iq\\source\\TestIqMenuView.mc" id="26" lineNum="5" parent="globals/TestIqMenu2View" pc="268438002" symbol="initialize"/>
<entry filename="C:\\Users\\utente\\Desktop\\test-iq\\source\\TestIqMenuView.mc" id="26" lineNum="6" parent="globals/TestIqMenu2View" pc="268438006" symbol="initialize"/>
<entry filename="C:\\Users\\utente\\Desktop\\test-iq\\source\\TestIqMenuView.mc" id="27" lineNum="9" parent="globals/TestIqMenu2View" pc="268438025" symbol="onShow"/>
<entry filename="C:\\Users\\utente\\Desktop\\test-iq\\source\\TestIqMenuView.mc" id="27" lineNum="10" parent="globals/TestIqMenu2View" pc="268438029" symbol="onShow"/>
<entry filename="C:\\Users\\utente\\Desktop\\test-iq\\source\\TestIqMenuView.mc" id="27" lineNum="11" parent="globals/TestIqMenu2View" pc="268438076" symbol="onShow"/>
<entry filename="C:\\Users\\utente\\Desktop\\test-iq\\source\\TestIqMenuView.mc" id="27" lineNum="13" parent="globals/TestIqMenu2View" pc="268438076" symbol="onShow"/>
<entry filename="C:\\Users\\utente\\Desktop\\test-iq\\source\\TestIqMenuView.mc" id="27" lineNum="14" parent="globals/TestIqMenu2View" pc="268438130" symbol="onShow"/>
<entry filename="C:\\Users\\utente\\Desktop\\test-iq\\source\\TestIqMenuView.mc" id="27" lineNum="15" parent="globals/TestIqMenu2View" pc="268438180" symbol="onShow"/>
<entry filename="C:\\Users\\utente\\Desktop\\test-iq\\source\\TestIqMenuView.mc" id="27" lineNum="16" parent="globals/TestIqMenu2View" pc="268438230" symbol="onShow"/>
<entry filename="C:\\Users\\utente\\Desktop\\test-iq\\source\\TestIqMenuView.mc" id="27" lineNum="17" parent="globals/TestIqMenu2View" pc="268438280" symbol="onShow"/>
<entry filename="C:\\Users\\utente\\Desktop\\test-iq\\source\\TestIqMenuView.mc" id="27" lineNum="18" parent="globals/TestIqMenu2View" pc="268438336" symbol="onShow"/>
<entry filename="C:\\Users\\utente\\Desktop\\test-iq\\source\\TestIqMenuView.mc" id="28" lineNum="3" parent="globals/TestIqMenu2View" pc="268445445" symbol="&lt;init&gt;"/>
<entry filename="C:\\Users\\utente\\Desktop\\test-iq\\source\\TestIqMenuView.mc" id="28" lineNum="3" parent="globals/TestIqMenu2View" pc="268445445" symbol="&lt;init&gt;"/>
<entry filename="C:\\Users\\utente\\Desktop\\test-iq\\source\\TestIqView.mc" id="30" lineNum="16" parent="globals/TestIqView" pc="268438340" symbol="initialize"/>
<entry filename="C:\\Users\\utente\\Desktop\\test-iq\\source\\TestIqView.mc" id="30" lineNum="17" parent="globals/TestIqView" pc="268438344" symbol="initialize"/>
<entry filename="C:\\Users\\utente\\Desktop\\test-iq\\source\\TestIqView.mc" id="31" lineNum="22" parent="globals/TestIqView" pc="268438363" symbol="onLayout"/>
<entry filename="C:\\Users\\utente\\Desktop\\test-iq\\source\\TestIqView.mc" id="31" lineNum="23" parent="globals/TestIqView" pc="268438367" symbol="onLayout"/>
<entry filename="C:\\Users\\utente\\Desktop\\test-iq\\source\\TestIqView.mc" id="32" lineNum="29" parent="globals/TestIqView" pc="268438409" symbol="onShow"/>
<entry filename="C:\\Users\\utente\\Desktop\\test-iq\\source\\TestIqView.mc" id="33" lineNum="34" parent="globals/TestIqView" pc="268438414" symbol="onUpdate"/>
<entry filename="C:\\Users\\utente\\Desktop\\test-iq\\source\\TestIqView.mc" id="33" lineNum="36" parent="globals/TestIqView" pc="268438418" symbol="onUpdate"/>
<entry filename="C:\\Users\\utente\\Desktop\\test-iq\\source\\TestIqView.mc" id="34" lineNum="42" parent="globals/TestIqView" pc="268438439" symbol="onHide"/>
<entry filename="C:\\Users\\utente\\Desktop\\test-iq\\source\\TestIqView.mc" id="35" lineNum="13" parent="globals/TestIqView" pc="268445160" symbol="&lt;init&gt;"/>
<entry filename="C:\\Users\\utente\\Desktop\\test-iq\\source\\TestIqView.mc" id="35" lineNum="13" parent="globals/TestIqView" pc="268445160" symbol="&lt;init&gt;"/>
<entry filename="C:\\Users\\utente\\Desktop\\test-iq\\source\\TestIqApp.mc" id="37" lineNum="16" parent="globals/TestIq" pc="268438444" symbol="initialize"/>
<entry filename="C:\\Users\\utente\\Desktop\\test-iq\\source\\TestIqApp.mc" id="37" lineNum="17" parent="globals/TestIq" pc="268438448" symbol="initialize"/>
<entry filename="C:\\Users\\utente\\Desktop\\test-iq\\source\\TestIqApp.mc" id="38" lineNum="22" parent="globals/TestIq" pc="268438467" symbol="onStart"/>
<entry filename="C:\\Users\\utente\\Desktop\\test-iq\\source\\TestIqApp.mc" id="38" lineNum="23" parent="globals/TestIq" pc="268438471" symbol="onStart"/>
<entry filename="C:\\Users\\utente\\Desktop\\test-iq\\source\\TestIqApp.mc" id="38" lineNum="24" parent="globals/TestIq" pc="268438501" symbol="onStart"/>
<entry filename="C:\\Users\\utente\\Desktop\\test-iq\\source\\TestIqApp.mc" id="39" lineNum="29" parent="globals/TestIq" pc="268438537" symbol="onStop"/>
<entry filename="C:\\Users\\utente\\Desktop\\test-iq\\source\\TestIqApp.mc" id="40" lineNum="34" parent="globals/TestIq" pc="268438542" symbol="getInitialView"/>
<entry filename="C:\\Users\\utente\\Desktop\\test-iq\\source\\TestIqApp.mc" id="40" lineNum="35" parent="globals/TestIq" pc="268438546" symbol="getInitialView"/>
<entry filename="C:\\Users\\utente\\Desktop\\test-iq\\source\\TestIqApp.mc" id="41" lineNum="38" parent="globals/TestIq" pc="268438588" symbol="startupTimerCallback"/>
<entry filename="C:\\Users\\utente\\Desktop\\test-iq\\source\\TestIqApp.mc" id="41" lineNum="39" parent="globals/TestIq" pc="268438592" symbol="startupTimerCallback"/>
<entry filename="C:\\Users\\utente\\Desktop\\test-iq\\source\\TestIqApp.mc" id="42" lineNum="13" parent="globals/TestIq" pc="268445236" symbol="&lt;init&gt;"/>
<entry filename="C:\\Users\\utente\\Desktop\\test-iq\\source\\TestIqApp.mc" id="42" lineNum="13" parent="globals/TestIq" pc="268445236" symbol="&lt;init&gt;"/>
<entry filename="C:\\Users\\utente\\Desktop\\test-iq\\source\\MenuTestIqDelegate.mc" id="44" lineNum="16" parent="globals/MenuTestIqDelegate" pc="268438648" symbol="initialize"/>
<entry filename="C:\\Users\\utente\\Desktop\\test-iq\\source\\MenuTestIqDelegate.mc" id="44" lineNum="17" parent="globals/MenuTestIqDelegate" pc="268438652" symbol="initialize"/>
<entry filename="C:\\Users\\utente\\Desktop\\test-iq\\source\\MenuTestIqDelegate.mc" id="45" lineNum="22" parent="globals/MenuTestIqDelegate" pc="268438671" symbol="onMenu"/>
<entry filename="C:\\Users\\utente\\Desktop\\test-iq\\source\\MenuTestIqDelegate.mc" id="45" lineNum="24" parent="globals/MenuTestIqDelegate" pc="268438675" symbol="onMenu"/>
<entry filename="C:\\Users\\utente\\Desktop\\test-iq\\source\\MenuTestIqDelegate.mc" id="45" lineNum="27" parent="globals/MenuTestIqDelegate" pc="268438743" symbol="onMenu"/>
<entry filename="C:\\Users\\utente\\Desktop\\test-iq\\source\\MenuTestIqDelegate.mc" id="45" lineNum="28" parent="globals/MenuTestIqDelegate" pc="268438797" symbol="onMenu"/>
<entry filename="C:\\Users\\utente\\Desktop\\test-iq\\source\\MenuTestIqDelegate.mc" id="45" lineNum="29" parent="globals/MenuTestIqDelegate" pc="268438847" symbol="onMenu"/>
<entry filename="C:\\Users\\utente\\Desktop\\test-iq\\source\\MenuTestIqDelegate.mc" id="45" lineNum="30" parent="globals/MenuTestIqDelegate" pc="268438897" symbol="onMenu"/>
<entry filename="C:\\Users\\utente\\Desktop\\test-iq\\source\\MenuTestIqDelegate.mc" id="45" lineNum="31" parent="globals/MenuTestIqDelegate" pc="268438947" symbol="onMenu"/>
<entry filename="C:\\Users\\utente\\Desktop\\test-iq\\source\\MenuTestIqDelegate.mc" id="45" lineNum="32" parent="globals/MenuTestIqDelegate" pc="268439003" symbol="onMenu"/>
<entry filename="C:\\Users\\utente\\Desktop\\test-iq\\source\\MenuTestIqDelegate.mc" id="46" lineNum="13" parent="globals/MenuTestIqDelegate" pc="268445198" symbol="&lt;init&gt;"/>
<entry filename="C:\\Users\\utente\\Desktop\\test-iq\\source\\MenuTestIqDelegate.mc" id="46" lineNum="13" parent="globals/MenuTestIqDelegate" pc="268445198" symbol="&lt;init&gt;"/>
<entry filename="C:\\Users\\utente\\Desktop\\test-iq\\source\\MenuTestIqDelegate.mc" id="47" lineNum="40" parent="globals/DrawableMenuTitle" pc="268439007" symbol="initialize"/>
<entry filename="C:\\Users\\utente\\Desktop\\test-iq\\source\\MenuTestIqDelegate.mc" id="47" lineNum="41" parent="globals/DrawableMenuTitle" pc="268439011" symbol="initialize"/>
<entry filename="C:\\Users\\utente\\Desktop\\test-iq\\source\\MenuTestIqDelegate.mc" id="48" lineNum="46" parent="globals/DrawableMenuTitle" pc="268439036" symbol="draw"/>
<entry filename="C:\\Users\\utente\\Desktop\\test-iq\\source\\MenuTestIqDelegate.mc" id="48" lineNum="47" parent="globals/DrawableMenuTitle" pc="268439040" symbol="draw"/>
<entry filename="C:\\Users\\utente\\Desktop\\test-iq\\source\\MenuTestIqDelegate.mc" id="48" lineNum="48" parent="globals/DrawableMenuTitle" pc="268439047" symbol="draw"/>
<entry filename="C:\\Users\\utente\\Desktop\\test-iq\\source\\MenuTestIqDelegate.mc" id="48" lineNum="49" parent="globals/DrawableMenuTitle" pc="268439088" symbol="draw"/>
<entry filename="C:\\Users\\utente\\Desktop\\test-iq\\source\\MenuTestIqDelegate.mc" id="48" lineNum="50" parent="globals/DrawableMenuTitle" pc="268439101" symbol="draw"/>
<entry filename="C:\\Users\\utente\\Desktop\\test-iq\\source\\MenuTestIqDelegate.mc" id="48" lineNum="52" parent="globals/DrawableMenuTitle" pc="268439131" symbol="draw"/>
<entry filename="C:\\Users\\utente\\Desktop\\test-iq\\source\\MenuTestIqDelegate.mc" id="48" lineNum="53" parent="globals/DrawableMenuTitle" pc="268439159" symbol="draw"/>
<entry filename="C:\\Users\\utente\\Desktop\\test-iq\\source\\MenuTestIqDelegate.mc" id="48" lineNum="54" parent="globals/DrawableMenuTitle" pc="268439190" symbol="draw"/>
<entry filename="C:\\Users\\utente\\Desktop\\test-iq\\source\\MenuTestIqDelegate.mc" id="48" lineNum="55" parent="globals/DrawableMenuTitle" pc="268439200" symbol="draw"/>
<entry filename="C:\\Users\\utente\\Desktop\\test-iq\\source\\MenuTestIqDelegate.mc" id="48" lineNum="57" parent="globals/DrawableMenuTitle" pc="268439219" symbol="draw"/>
<entry filename="C:\\Users\\utente\\Desktop\\test-iq\\source\\MenuTestIqDelegate.mc" id="48" lineNum="58" parent="globals/DrawableMenuTitle" pc="268439255" symbol="draw"/>
<entry filename="C:\\Users\\utente\\Desktop\\test-iq\\source\\MenuTestIqDelegate.mc" id="48" lineNum="60" parent="globals/DrawableMenuTitle" pc="268439267" symbol="draw"/>
<entry filename="C:\\Users\\utente\\Desktop\\test-iq\\source\\MenuTestIqDelegate.mc" id="48" lineNum="61" parent="globals/DrawableMenuTitle" pc="268439285" symbol="draw"/>
<entry filename="C:\\Users\\utente\\Desktop\\test-iq\\source\\MenuTestIqDelegate.mc" id="48" lineNum="62" parent="globals/DrawableMenuTitle" pc="268439321" symbol="draw"/>
<entry filename="C:\\Users\\utente\\Desktop\\test-iq\\source\\MenuTestIqDelegate.mc" id="49" lineNum="37" parent="globals/DrawableMenuTitle" pc="268445312" symbol="&lt;init&gt;"/>
<entry filename="C:\\Users\\utente\\Desktop\\test-iq\\source\\MenuTestIqDelegate.mc" id="49" lineNum="37" parent="globals/DrawableMenuTitle" pc="268445312" symbol="&lt;init&gt;"/>
<entry filename="C:\\Users\\utente\\Desktop\\test-iq\\source\\MenuSampleBasicCustom.mc" id="51" lineNum="12" parent="globals" pc="268439380" symbol="pushBasicCustom"/>
<entry filename="C:\\Users\\utente\\Desktop\\test-iq\\source\\MenuSampleBasicCustom.mc" id="51" lineNum="13" parent="globals" pc="268439392" symbol="pushBasicCustom"/>
<entry filename="C:\\Users\\utente\\Desktop\\test-iq\\source\\MenuSampleBasicCustom.mc" id="51" lineNum="19" parent="globals" pc="268439570" symbol="pushBasicCustom"/>
<entry filename="C:\\Users\\utente\\Desktop\\test-iq\\source\\MenuSampleBasicCustom.mc" id="51" lineNum="20" parent="globals" pc="268439618" symbol="pushBasicCustom"/>
<entry filename="C:\\Users\\utente\\Desktop\\test-iq\\source\\MenuSampleBasicCustom.mc" id="51" lineNum="21" parent="globals" pc="268439666" symbol="pushBasicCustom"/>
<entry filename="C:\\Users\\utente\\Desktop\\test-iq\\source\\MenuSampleBasicCustom.mc" id="51" lineNum="22" parent="globals" pc="268439714" symbol="pushBasicCustom"/>
<entry filename="C:\\Users\\utente\\Desktop\\test-iq\\source\\MenuSampleBasicCustom.mc" id="51" lineNum="23" parent="globals" pc="268439762" symbol="pushBasicCustom"/>
<entry filename="C:\\Users\\utente\\Desktop\\test-iq\\source\\MenuSampleBasicCustom.mc" id="51" lineNum="24" parent="globals" pc="268439810" symbol="pushBasicCustom"/>
<entry filename="C:\\Users\\utente\\Desktop\\test-iq\\source\\MenuSampleBasicCustom.mc" id="51" lineNum="25" parent="globals" pc="268439858" symbol="pushBasicCustom"/>
<entry filename="C:\\Users\\utente\\Desktop\\test-iq\\source\\MenuSampleBasicCustom.mc" id="51" lineNum="26" parent="globals" pc="268439906" symbol="pushBasicCustom"/>
<entry filename="C:\\Users\\utente\\Desktop\\test-iq\\source\\MenuSampleBasicCustom.mc" id="52" lineNum="36" parent="globals/ItemView" pc="268439963" symbol="initialize"/>
<entry filename="C:\\Users\\utente\\Desktop\\test-iq\\source\\MenuSampleBasicCustom.mc" id="52" lineNum="37" parent="globals/ItemView" pc="268439967" symbol="initialize"/>
<entry filename="C:\\Users\\utente\\Desktop\\test-iq\\source\\MenuSampleBasicCustom.mc" id="52" lineNum="38" parent="globals/ItemView" pc="268439985" symbol="initialize"/>
<entry filename="C:\\Users\\utente\\Desktop\\test-iq\\source\\MenuSampleBasicCustom.mc" id="53" lineNum="49" parent="globals/ItemView" pc="268440136" symbol="onUpdate"/>
<entry filename="C:\\Users\\utente\\Desktop\\test-iq\\source\\MenuSampleBasicCustom.mc" id="53" lineNum="50" parent="globals/ItemView" pc="268440140" symbol="onUpdate"/>
<entry filename="C:\\Users\\utente\\Desktop\\test-iq\\source\\MenuSampleBasicCustom.mc" id="53" lineNum="51" parent="globals/ItemView" pc="268440176" symbol="onUpdate"/>
<entry filename="C:\\Users\\utente\\Desktop\\test-iq\\source\\MenuSampleBasicCustom.mc" id="53" lineNum="52" parent="globals/ItemView" pc="268440188" symbol="onUpdate"/>
<entry filename="C:\\Users\\utente\\Desktop\\test-iq\\source\\MenuSampleBasicCustom.mc" id="54" lineNum="30" parent="globals/ItemView" pc="268445293" symbol="&lt;init&gt;"/>
<entry filename="C:\\Users\\utente\\Desktop\\test-iq\\source\\MenuSampleBasicCustom.mc" id="54" lineNum="30" parent="globals/ItemView" pc="268445293" symbol="&lt;init&gt;"/>
<entry filename="C:\\Users\\utente\\Desktop\\test-iq\\source\\MenuSampleBasicCustom.mc" id="55" lineNum="60" parent="globals/BasicCustomDelegate" pc="268440209" symbol="initialize"/>
<entry filename="C:\\Users\\utente\\Desktop\\test-iq\\source\\MenuSampleBasicCustom.mc" id="55" lineNum="61" parent="globals/BasicCustomDelegate" pc="268440213" symbol="initialize"/>
<entry filename="C:\\Users\\utente\\Desktop\\test-iq\\source\\MenuSampleBasicCustom.mc" id="56" lineNum="66" parent="globals/BasicCustomDelegate" pc="268440232" symbol="onSelect"/>
<entry filename="C:\\Users\\utente\\Desktop\\test-iq\\source\\MenuSampleBasicCustom.mc" id="56" lineNum="67" parent="globals/BasicCustomDelegate" pc="268440236" symbol="onSelect"/>
<entry filename="C:\\Users\\utente\\Desktop\\test-iq\\source\\MenuSampleBasicCustom.mc" id="56" lineNum="68" parent="globals/BasicCustomDelegate" pc="268440302" symbol="onSelect"/>
<entry filename="C:\\Users\\utente\\Desktop\\test-iq\\source\\MenuSampleBasicCustom.mc" id="57" lineNum="72" parent="globals/BasicCustomDelegate" pc="268440319" symbol="onBack"/>
<entry filename="C:\\Users\\utente\\Desktop\\test-iq\\source\\MenuSampleBasicCustom.mc" id="57" lineNum="73" parent="globals/BasicCustomDelegate" pc="268440323" symbol="onBack"/>
<entry filename="C:\\Users\\utente\\Desktop\\test-iq\\source\\MenuSampleBasicCustom.mc" id="58" lineNum="79" parent="globals/BasicCustomDelegate" pc="268440352" symbol="onWrap"/>
<entry filename="C:\\Users\\utente\\Desktop\\test-iq\\source\\MenuSampleBasicCustom.mc" id="58" lineNum="81" parent="globals/BasicCustomDelegate" pc="268440356" symbol="onWrap"/>
<entry filename="C:\\Users\\utente\\Desktop\\test-iq\\source\\MenuSampleBasicCustom.mc" id="59" lineNum="57" parent="globals/BasicCustomDelegate" pc="268445331" symbol="&lt;init&gt;"/>
<entry filename="C:\\Users\\utente\\Desktop\\test-iq\\source\\MenuSampleBasicCustom.mc" id="59" lineNum="57" parent="globals/BasicCustomDelegate" pc="268445331" symbol="&lt;init&gt;"/>
<entry filename="C:\\Users\\utente\\Desktop\\test-iq\\source\\MenuSampleBasicCustom.mc" id="60" lineNum="94" parent="globals/CustomItem" pc="268440360" symbol="initialize"/>
<entry filename="C:\\Users\\utente\\Desktop\\test-iq\\source\\MenuSampleBasicCustom.mc" id="60" lineNum="95" parent="globals/CustomItem" pc="268440364" symbol="initialize"/>
<entry filename="C:\\Users\\utente\\Desktop\\test-iq\\source\\MenuSampleBasicCustom.mc" id="60" lineNum="96" parent="globals/CustomItem" pc="268440390" symbol="initialize"/>
<entry filename="C:\\Users\\utente\\Desktop\\test-iq\\source\\MenuSampleBasicCustom.mc" id="61" lineNum="101" parent="globals/CustomItem" pc="268440401" symbol="draw"/>
<entry filename="C:\\Users\\utente\\Desktop\\test-iq\\source\\MenuSampleBasicCustom.mc" id="61" lineNum="102" parent="globals/CustomItem" pc="268440405" symbol="draw"/>
<entry filename="C:\\Users\\utente\\Desktop\\test-iq\\source\\MenuSampleBasicCustom.mc" id="61" lineNum="103" parent="globals/CustomItem" pc="268440419" symbol="draw"/>
<entry filename="C:\\Users\\utente\\Desktop\\test-iq\\source\\MenuSampleBasicCustom.mc" id="61" lineNum="104" parent="globals/CustomItem" pc="268440433" symbol="draw"/>
<entry filename="C:\\Users\\utente\\Desktop\\test-iq\\source\\MenuSampleBasicCustom.mc" id="61" lineNum="107" parent="globals/CustomItem" pc="268440450" symbol="draw"/>
<entry filename="C:\\Users\\utente\\Desktop\\test-iq\\source\\MenuSampleBasicCustom.mc" id="61" lineNum="108" parent="globals/CustomItem" pc="268440464" symbol="draw"/>
<entry filename="C:\\Users\\utente\\Desktop\\test-iq\\source\\MenuSampleBasicCustom.mc" id="61" lineNum="109" parent="globals/CustomItem" pc="268440500" symbol="draw"/>
<entry filename="C:\\Users\\utente\\Desktop\\test-iq\\source\\MenuSampleBasicCustom.mc" id="61" lineNum="112" parent="globals/CustomItem" pc="268440515" symbol="draw"/>
<entry filename="C:\\Users\\utente\\Desktop\\test-iq\\source\\MenuSampleBasicCustom.mc" id="61" lineNum="113" parent="globals/CustomItem" pc="268440551" symbol="draw"/>
<entry filename="C:\\Users\\utente\\Desktop\\test-iq\\source\\MenuSampleBasicCustom.mc" id="61" lineNum="114" parent="globals/CustomItem" pc="268440632" symbol="draw"/>
<entry filename="C:\\Users\\utente\\Desktop\\test-iq\\source\\MenuSampleBasicCustom.mc" id="61" lineNum="115" parent="globals/CustomItem" pc="268440668" symbol="draw"/>
<entry filename="C:\\Users\\utente\\Desktop\\test-iq\\source\\MenuSampleBasicCustom.mc" id="61" lineNum="116" parent="globals/CustomItem" pc="268440706" symbol="draw"/>
<entry filename="C:\\Users\\utente\\Desktop\\test-iq\\source\\MenuSampleBasicCustom.mc" id="62" lineNum="121" parent="globals/CustomItem" pc="268440769" symbol="getLabel"/>
<entry filename="C:\\Users\\utente\\Desktop\\test-iq\\source\\MenuSampleBasicCustom.mc" id="62" lineNum="122" parent="globals/CustomItem" pc="268440773" symbol="getLabel"/>
<entry filename="C:\\Users\\utente\\Desktop\\test-iq\\source\\MenuSampleBasicCustom.mc" id="63" lineNum="87" parent="globals/CustomItem" pc="268445073" symbol="&lt;init&gt;"/>
<entry filename="C:\\Users\\utente\\Desktop\\test-iq\\source\\MenuSampleBasicCustom.mc" id="63" lineNum="87" parent="globals/CustomItem" pc="268445073" symbol="&lt;init&gt;"/>
<entry filename="C:\\Users\\utente\\Desktop\\test-iq\\source\\MenuSampleBasicCustom.mc" id="64" lineNum="130" parent="globals/DrawableMenuFooter" pc="268440783" symbol="initialize"/>
<entry filename="C:\\Users\\utente\\Desktop\\test-iq\\source\\MenuSampleBasicCustom.mc" id="64" lineNum="131" parent="globals/DrawableMenuFooter" pc="268440787" symbol="initialize"/>
<entry filename="C:\\Users\\utente\\Desktop\\test-iq\\source\\MenuSampleBasicCustom.mc" id="65" lineNum="136" parent="globals/DrawableMenuFooter" pc="268440812" symbol="draw"/>
<entry filename="C:\\Users\\utente\\Desktop\\test-iq\\source\\MenuSampleBasicCustom.mc" id="65" lineNum="137" parent="globals/DrawableMenuFooter" pc="268440816" symbol="draw"/>
<entry filename="C:\\Users\\utente\\Desktop\\test-iq\\source\\MenuSampleBasicCustom.mc" id="65" lineNum="138" parent="globals/DrawableMenuFooter" pc="268440852" symbol="draw"/>
<entry filename="C:\\Users\\utente\\Desktop\\test-iq\\source\\MenuSampleBasicCustom.mc" id="66" lineNum="127" parent="globals/DrawableMenuFooter" pc="268445255" symbol="&lt;init&gt;"/>
<entry filename="C:\\Users\\utente\\Desktop\\test-iq\\source\\MenuSampleBasicCustom.mc" id="66" lineNum="127" parent="globals/DrawableMenuFooter" pc="268445255" symbol="&lt;init&gt;"/>
<entry filename="C:\\Users\\utente\\Desktop\\test-iq\\source\\MenuTestMenuDelegate.mc" id="68" lineNum="15" parent="globals/Menu2TestMenu2Delegate" pc="268440891" symbol="initialize"/>
<entry filename="C:\\Users\\utente\\Desktop\\test-iq\\source\\MenuTestMenuDelegate.mc" id="68" lineNum="16" parent="globals/Menu2TestMenu2Delegate" pc="268440895" symbol="initialize"/>
<entry filename="C:\\Users\\utente\\Desktop\\test-iq\\source\\MenuTestMenuDelegate.mc" id="69" lineNum="21" parent="globals/Menu2TestMenu2Delegate" pc="268440914" symbol="onSelect"/>
<entry filename="C:\\Users\\utente\\Desktop\\test-iq\\source\\MenuTestMenuDelegate.mc" id="69" lineNum="22" parent="globals/Menu2TestMenu2Delegate" pc="268440918" symbol="onSelect"/>
<entry filename="C:\\Users\\utente\\Desktop\\test-iq\\source\\MenuTestMenuDelegate.mc" id="69" lineNum="23" parent="globals/Menu2TestMenu2Delegate" pc="268440931" symbol="onSelect"/>
<entry filename="C:\\Users\\utente\\Desktop\\test-iq\\source\\MenuTestMenuDelegate.mc" id="69" lineNum="26" parent="globals/Menu2TestMenu2Delegate" pc="268440950" symbol="onSelect"/>
<entry filename="C:\\Users\\utente\\Desktop\\test-iq\\source\\MenuTestMenuDelegate.mc" id="69" lineNum="27" parent="globals/Menu2TestMenu2Delegate" pc="268440997" symbol="onSelect"/>
<entry filename="C:\\Users\\utente\\Desktop\\test-iq\\source\\MenuTestMenuDelegate.mc" id="69" lineNum="28" parent="globals/Menu2TestMenu2Delegate" pc="268441111" symbol="onSelect"/>
<entry filename="C:\\Users\\utente\\Desktop\\test-iq\\source\\MenuTestMenuDelegate.mc" id="69" lineNum="29" parent="globals/Menu2TestMenu2Delegate" pc="268441225" symbol="onSelect"/>
<entry filename="C:\\Users\\utente\\Desktop\\test-iq\\source\\MenuTestMenuDelegate.mc" id="69" lineNum="30" parent="globals/Menu2TestMenu2Delegate" pc="268441308" symbol="onSelect"/>
<entry filename="C:\\Users\\utente\\Desktop\\test-iq\\source\\MenuTestMenuDelegate.mc" id="69" lineNum="31" parent="globals/Menu2TestMenu2Delegate" pc="268441367" symbol="onSelect"/>
<entry filename="C:\\Users\\utente\\Desktop\\test-iq\\source\\MenuTestMenuDelegate.mc" id="69" lineNum="34" parent="globals/Menu2TestMenu2Delegate" pc="268441386" symbol="onSelect"/>
<entry filename="C:\\Users\\utente\\Desktop\\test-iq\\source\\MenuTestMenuDelegate.mc" id="69" lineNum="35" parent="globals/Menu2TestMenu2Delegate" pc="268441433" symbol="onSelect"/>
<entry filename="C:\\Users\\utente\\Desktop\\test-iq\\source\\MenuTestMenuDelegate.mc" id="69" lineNum="36" parent="globals/Menu2TestMenu2Delegate" pc="268441520" symbol="onSelect"/>
<entry filename="C:\\Users\\utente\\Desktop\\test-iq\\source\\MenuTestMenuDelegate.mc" id="69" lineNum="37" parent="globals/Menu2TestMenu2Delegate" pc="268441607" symbol="onSelect"/>
<entry filename="C:\\Users\\utente\\Desktop\\test-iq\\source\\MenuTestMenuDelegate.mc" id="69" lineNum="38" parent="globals/Menu2TestMenu2Delegate" pc="268441663" symbol="onSelect"/>
<entry filename="C:\\Users\\utente\\Desktop\\test-iq\\source\\MenuTestMenuDelegate.mc" id="69" lineNum="39" parent="globals/Menu2TestMenu2Delegate" pc="268441722" symbol="onSelect"/>
<entry filename="C:\\Users\\utente\\Desktop\\test-iq\\source\\MenuTestMenuDelegate.mc" id="69" lineNum="42" parent="globals/Menu2TestMenu2Delegate" pc="268441741" symbol="onSelect"/>
<entry filename="C:\\Users\\utente\\Desktop\\test-iq\\source\\MenuTestMenuDelegate.mc" id="69" lineNum="43" parent="globals/Menu2TestMenu2Delegate" pc="268441788" symbol="onSelect"/>
<entry filename="C:\\Users\\utente\\Desktop\\test-iq\\source\\MenuTestMenuDelegate.mc" id="69" lineNum="44" parent="globals/Menu2TestMenu2Delegate" pc="268441816" symbol="onSelect"/>
<entry filename="C:\\Users\\utente\\Desktop\\test-iq\\source\\MenuTestMenuDelegate.mc" id="69" lineNum="45" parent="globals/Menu2TestMenu2Delegate" pc="268441844" symbol="onSelect"/>
<entry filename="C:\\Users\\utente\\Desktop\\test-iq\\source\\MenuTestMenuDelegate.mc" id="69" lineNum="46" parent="globals/Menu2TestMenu2Delegate" pc="268441872" symbol="onSelect"/>
<entry filename="C:\\Users\\utente\\Desktop\\test-iq\\source\\MenuTestMenuDelegate.mc" id="69" lineNum="47" parent="globals/Menu2TestMenu2Delegate" pc="268441965" symbol="onSelect"/>
<entry filename="C:\\Users\\utente\\Desktop\\test-iq\\source\\MenuTestMenuDelegate.mc" id="69" lineNum="48" parent="globals/Menu2TestMenu2Delegate" pc="268442058" symbol="onSelect"/>
<entry filename="C:\\Users\\utente\\Desktop\\test-iq\\source\\MenuTestMenuDelegate.mc" id="69" lineNum="49" parent="globals/Menu2TestMenu2Delegate" pc="268442120" symbol="onSelect"/>
<entry filename="C:\\Users\\utente\\Desktop\\test-iq\\source\\MenuTestMenuDelegate.mc" id="69" lineNum="50" parent="globals/Menu2TestMenu2Delegate" pc="268442179" symbol="onSelect"/>
<entry filename="C:\\Users\\utente\\Desktop\\test-iq\\source\\MenuTestMenuDelegate.mc" id="69" lineNum="53" parent="globals/Menu2TestMenu2Delegate" pc="268442198" symbol="onSelect"/>
<entry filename="C:\\Users\\utente\\Desktop\\test-iq\\source\\MenuTestMenuDelegate.mc" id="69" lineNum="54" parent="globals/Menu2TestMenu2Delegate" pc="268442245" symbol="onSelect"/>
<entry filename="C:\\Users\\utente\\Desktop\\test-iq\\source\\MenuTestMenuDelegate.mc" id="69" lineNum="55" parent="globals/Menu2TestMenu2Delegate" pc="268442295" symbol="onSelect"/>
<entry filename="C:\\Users\\utente\\Desktop\\test-iq\\source\\MenuTestMenuDelegate.mc" id="69" lineNum="56" parent="globals/Menu2TestMenu2Delegate" pc="268442345" symbol="onSelect"/>
<entry filename="C:\\Users\\utente\\Desktop\\test-iq\\source\\MenuTestMenuDelegate.mc" id="69" lineNum="57" parent="globals/Menu2TestMenu2Delegate" pc="268442395" symbol="onSelect"/>
<entry filename="C:\\Users\\utente\\Desktop\\test-iq\\source\\MenuTestMenuDelegate.mc" id="69" lineNum="59" parent="globals/Menu2TestMenu2Delegate" pc="268442454" symbol="onSelect"/>
<entry filename="C:\\Users\\utente\\Desktop\\test-iq\\source\\MenuTestMenuDelegate.mc" id="70" lineNum="64" parent="globals/Menu2TestMenu2Delegate" pc="268442471" symbol="onBack"/>
<entry filename="C:\\Users\\utente\\Desktop\\test-iq\\source\\MenuTestMenuDelegate.mc" id="70" lineNum="65" parent="globals/Menu2TestMenu2Delegate" pc="268442475" symbol="onBack"/>
<entry filename="C:\\Users\\utente\\Desktop\\test-iq\\source\\MenuTestMenuDelegate.mc" id="71" lineNum="12" parent="globals/Menu2TestMenu2Delegate" pc="268445483" symbol="&lt;init&gt;"/>
<entry filename="C:\\Users\\utente\\Desktop\\test-iq\\source\\MenuTestMenuDelegate.mc" id="71" lineNum="12" parent="globals/Menu2TestMenu2Delegate" pc="268445483" symbol="&lt;init&gt;"/>
<entry filename="C:\\Users\\utente\\Desktop\\test-iq\\source\\MenuTestMenuDelegate.mc" id="72" lineNum="73" parent="globals/Menu2SampleSubMenuDelegate" pc="268442504" symbol="initialize"/>
<entry filename="C:\\Users\\utente\\Desktop\\test-iq\\source\\MenuTestMenuDelegate.mc" id="72" lineNum="74" parent="globals/Menu2SampleSubMenuDelegate" pc="268442508" symbol="initialize"/>
<entry filename="C:\\Users\\utente\\Desktop\\test-iq\\source\\MenuTestMenuDelegate.mc" id="73" lineNum="79" parent="globals/Menu2SampleSubMenuDelegate" pc="268442527" symbol="onSelect"/>
<entry filename="C:\\Users\\utente\\Desktop\\test-iq\\source\\MenuTestMenuDelegate.mc" id="73" lineNum="83" parent="globals/Menu2SampleSubMenuDelegate" pc="268442531" symbol="onSelect"/>
<entry filename="C:\\Users\\utente\\Desktop\\test-iq\\source\\MenuTestMenuDelegate.mc" id="73" lineNum="84" parent="globals/Menu2SampleSubMenuDelegate" pc="268442549" symbol="onSelect"/>
<entry filename="C:\\Users\\utente\\Desktop\\test-iq\\source\\MenuTestMenuDelegate.mc" id="73" lineNum="86" parent="globals/Menu2SampleSubMenuDelegate" pc="268442584" symbol="onSelect"/>
<entry filename="C:\\Users\\utente\\Desktop\\test-iq\\source\\MenuTestMenuDelegate.mc" id="74" lineNum="90" parent="globals/Menu2SampleSubMenuDelegate" pc="268442601" symbol="onBack"/>
<entry filename="C:\\Users\\utente\\Desktop\\test-iq\\source\\MenuTestMenuDelegate.mc" id="74" lineNum="91" parent="globals/Menu2SampleSubMenuDelegate" pc="268442605" symbol="onBack"/>
<entry filename="C:\\Users\\utente\\Desktop\\test-iq\\source\\MenuTestMenuDelegate.mc" id="75" lineNum="95" parent="globals/Menu2SampleSubMenuDelegate" pc="268442634" symbol="onDone"/>
<entry filename="C:\\Users\\utente\\Desktop\\test-iq\\source\\MenuTestMenuDelegate.mc" id="75" lineNum="96" parent="globals/Menu2SampleSubMenuDelegate" pc="268442638" symbol="onDone"/>
<entry filename="C:\\Users\\utente\\Desktop\\test-iq\\source\\MenuTestMenuDelegate.mc" id="76" lineNum="70" parent="globals/Menu2SampleSubMenuDelegate" pc="268445369" symbol="&lt;init&gt;"/>
<entry filename="C:\\Users\\utente\\Desktop\\test-iq\\source\\MenuTestMenuDelegate.mc" id="76" lineNum="70" parent="globals/Menu2SampleSubMenuDelegate" pc="268445369" symbol="&lt;init&gt;"/>
<entry filename="C:\\Users\\utente\\Desktop\\test-iq\\source\\MenuTestMenuDelegate.mc" id="77" lineNum="104" parent="globals/Menu2SampleCustomDelegate" pc="268442667" symbol="initialize"/>
<entry filename="C:\\Users\\utente\\Desktop\\test-iq\\source\\MenuTestMenuDelegate.mc" id="77" lineNum="105" parent="globals/Menu2SampleCustomDelegate" pc="268442671" symbol="initialize"/>
<entry filename="C:\\Users\\utente\\Desktop\\test-iq\\source\\MenuTestMenuDelegate.mc" id="78" lineNum="110" parent="globals/Menu2SampleCustomDelegate" pc="268442690" symbol="onSelect"/>
<entry filename="C:\\Users\\utente\\Desktop\\test-iq\\source\\MenuTestMenuDelegate.mc" id="78" lineNum="111" parent="globals/Menu2SampleCustomDelegate" pc="268442694" symbol="onSelect"/>
<entry filename="C:\\Users\\utente\\Desktop\\test-iq\\source\\MenuTestMenuDelegate.mc" id="78" lineNum="114" parent="globals/Menu2SampleCustomDelegate" pc="268442707" symbol="onSelect"/>
<entry filename="C:\\Users\\utente\\Desktop\\test-iq\\source\\MenuTestMenuDelegate.mc" id="78" lineNum="115" parent="globals/Menu2SampleCustomDelegate" pc="268442718" symbol="onSelect"/>
<entry filename="C:\\Users\\utente\\Desktop\\test-iq\\source\\MenuTestMenuDelegate.mc" id="78" lineNum="116" parent="globals/Menu2SampleCustomDelegate" pc="268442737" symbol="onSelect"/>
<entry filename="C:\\Users\\utente\\Desktop\\test-iq\\source\\MenuTestMenuDelegate.mc" id="78" lineNum="117" parent="globals/Menu2SampleCustomDelegate" pc="268442748" symbol="onSelect"/>
<entry filename="C:\\Users\\utente\\Desktop\\test-iq\\source\\MenuTestMenuDelegate.mc" id="78" lineNum="118" parent="globals/Menu2SampleCustomDelegate" pc="268442767" symbol="onSelect"/>
<entry filename="C:\\Users\\utente\\Desktop\\test-iq\\source\\MenuTestMenuDelegate.mc" id="78" lineNum="119" parent="globals/Menu2SampleCustomDelegate" pc="268442778" symbol="onSelect"/>
<entry filename="C:\\Users\\utente\\Desktop\\test-iq\\source\\MenuTestMenuDelegate.mc" id="79" lineNum="124" parent="globals/Menu2SampleCustomDelegate" pc="268442798" symbol="onBack"/>
<entry filename="C:\\Users\\utente\\Desktop\\test-iq\\source\\MenuTestMenuDelegate.mc" id="79" lineNum="125" parent="globals/Menu2SampleCustomDelegate" pc="268442802" symbol="onBack"/>
<entry filename="C:\\Users\\utente\\Desktop\\test-iq\\source\\MenuTestMenuDelegate.mc" id="80" lineNum="101" parent="globals/Menu2SampleCustomDelegate" pc="268445092" symbol="&lt;init&gt;"/>
<entry filename="C:\\Users\\utente\\Desktop\\test-iq\\source\\MenuTestMenuDelegate.mc" id="80" lineNum="101" parent="globals/Menu2SampleCustomDelegate" pc="268445092" symbol="&lt;init&gt;"/>
<entry filename="C:\\Users\\utente\\Desktop\\test-iq\\source\\MenuTestMenuDelegate.mc" id="81" lineNum="141" parent="globals/CustomIcon" pc="268442831" symbol="initialize"/>
<entry filename="C:\\Users\\utente\\Desktop\\test-iq\\source\\MenuTestMenuDelegate.mc" id="81" lineNum="142" parent="globals/CustomIcon" pc="268442835" symbol="initialize"/>
<entry filename="C:\\Users\\utente\\Desktop\\test-iq\\source\\MenuTestMenuDelegate.mc" id="81" lineNum="143" parent="globals/CustomIcon" pc="268442859" symbol="initialize"/>
<entry filename="C:\\Users\\utente\\Desktop\\test-iq\\source\\MenuTestMenuDelegate.mc" id="82" lineNum="148" parent="globals/CustomIcon" pc="268442873" symbol="nextState"/>
<entry filename="C:\\Users\\utente\\Desktop\\test-iq\\source\\MenuTestMenuDelegate.mc" id="82" lineNum="149" parent="globals/CustomIcon" pc="268442877" symbol="nextState"/>
<entry filename="C:\\Users\\utente\\Desktop\\test-iq\\source\\MenuTestMenuDelegate.mc" id="82" lineNum="150" parent="globals/CustomIcon" pc="268442896" symbol="nextState"/>
<entry filename="C:\\Users\\utente\\Desktop\\test-iq\\source\\MenuTestMenuDelegate.mc" id="82" lineNum="151" parent="globals/CustomIcon" pc="268442925" symbol="nextState"/>
<entry filename="C:\\Users\\utente\\Desktop\\test-iq\\source\\MenuTestMenuDelegate.mc" id="82" lineNum="154" parent="globals/CustomIcon" pc="268442941" symbol="nextState"/>
<entry filename="C:\\Users\\utente\\Desktop\\test-iq\\source\\MenuTestMenuDelegate.mc" id="83" lineNum="159" parent="globals/CustomIcon" pc="268442960" symbol="getString"/>
<entry filename="C:\\Users\\utente\\Desktop\\test-iq\\source\\MenuTestMenuDelegate.mc" id="83" lineNum="160" parent="globals/CustomIcon" pc="268442964" symbol="getString"/>
<entry filename="C:\\Users\\utente\\Desktop\\test-iq\\source\\MenuTestMenuDelegate.mc" id="84" lineNum="166" parent="globals/CustomIcon" pc="268442983" symbol="draw"/>
<entry filename="C:\\Users\\utente\\Desktop\\test-iq\\source\\MenuTestMenuDelegate.mc" id="84" lineNum="167" parent="globals/CustomIcon" pc="268442987" symbol="draw"/>
<entry filename="C:\\Users\\utente\\Desktop\\test-iq\\source\\MenuTestMenuDelegate.mc" id="84" lineNum="168" parent="globals/CustomIcon" pc="268443006" symbol="draw"/>
<entry filename="C:\\Users\\utente\\Desktop\\test-iq\\source\\MenuTestMenuDelegate.mc" id="84" lineNum="169" parent="globals/CustomIcon" pc="268443022" symbol="draw"/>
<entry filename="C:\\Users\\utente\\Desktop\\test-iq\\source\\MenuTestMenuDelegate.mc" id="85" lineNum="133" parent="globals/CustomIcon" pc="268444828" symbol="&lt;init&gt;"/>
<entry filename="C:\\Users\\utente\\Desktop\\test-iq\\source\\MenuTestMenuDelegate.mc" id="85" lineNum="135" parent="globals/CustomIcon" pc="268444846" symbol="&lt;init&gt;"/>
<entry filename="C:\\Users\\utente\\Desktop\\test-iq\\source\\MenuTestMenuDelegate.mc" id="85" lineNum="137" parent="globals/CustomIcon" pc="268444980" symbol="&lt;init&gt;"/>
<entry filename="C:\\Users\\utente\\Desktop\\test-iq\\source\\MenuTestMenuDelegate.mc" id="85" lineNum="133" parent="globals/CustomIcon" pc="268444828" symbol="&lt;init&gt;"/>
<entry filename="C:\\Users\\utente\\Desktop\\test-iq\\source\\MenuSampleImagesCustom.mc" id="87" lineNum="12" parent="globals" pc="268443035" symbol="pushImagesCustom"/>
<entry filename="C:\\Users\\utente\\Desktop\\test-iq\\source\\MenuSampleImagesCustom.mc" id="87" lineNum="13" parent="globals" pc="268443047" symbol="pushImagesCustom"/>
<entry filename="C:\\Users\\utente\\Desktop\\test-iq\\source\\MenuSampleImagesCustom.mc" id="87" lineNum="14" parent="globals" pc="268443092" symbol="pushImagesCustom"/>
<entry filename="C:\\Users\\utente\\Desktop\\test-iq\\source\\MenuSampleImagesCustom.mc" id="87" lineNum="15" parent="globals" pc="268443179" symbol="pushImagesCustom"/>
<entry filename="C:\\Users\\utente\\Desktop\\test-iq\\source\\MenuSampleImagesCustom.mc" id="87" lineNum="16" parent="globals" pc="268443266" symbol="pushImagesCustom"/>
<entry filename="C:\\Users\\utente\\Desktop\\test-iq\\source\\MenuSampleImagesCustom.mc" id="87" lineNum="17" parent="globals" pc="268443353" symbol="pushImagesCustom"/>
<entry filename="C:\\Users\\utente\\Desktop\\test-iq\\source\\MenuSampleImagesCustom.mc" id="87" lineNum="18" parent="globals" pc="268443440" symbol="pushImagesCustom"/>
<entry filename="C:\\Users\\utente\\Desktop\\test-iq\\source\\MenuSampleImagesCustom.mc" id="87" lineNum="19" parent="globals" pc="268443527" symbol="pushImagesCustom"/>
<entry filename="C:\\Users\\utente\\Desktop\\test-iq\\source\\MenuSampleImagesCustom.mc" id="88" lineNum="29" parent="globals/ImagesMenu" pc="268443584" symbol="initialize"/>
<entry filename="C:\\Users\\utente\\Desktop\\test-iq\\source\\MenuSampleImagesCustom.mc" id="88" lineNum="30" parent="globals/ImagesMenu" pc="268443588" symbol="initialize"/>
<entry filename="C:\\Users\\utente\\Desktop\\test-iq\\source\\MenuSampleImagesCustom.mc" id="89" lineNum="35" parent="globals/ImagesMenu" pc="268443617" symbol="drawTitle"/>
<entry filename="C:\\Users\\utente\\Desktop\\test-iq\\source\\MenuSampleImagesCustom.mc" id="89" lineNum="36" parent="globals/ImagesMenu" pc="268443621" symbol="drawTitle"/>
<entry filename="C:\\Users\\utente\\Desktop\\test-iq\\source\\MenuSampleImagesCustom.mc" id="89" lineNum="37" parent="globals/ImagesMenu" pc="268443657" symbol="drawTitle"/>
<entry filename="C:\\Users\\utente\\Desktop\\test-iq\\source\\MenuSampleImagesCustom.mc" id="89" lineNum="38" parent="globals/ImagesMenu" pc="268443674" symbol="drawTitle"/>
<entry filename="C:\\Users\\utente\\Desktop\\test-iq\\source\\MenuSampleImagesCustom.mc" id="89" lineNum="39" parent="globals/ImagesMenu" pc="268443736" symbol="drawTitle"/>
<entry filename="C:\\Users\\utente\\Desktop\\test-iq\\source\\MenuSampleImagesCustom.mc" id="89" lineNum="40" parent="globals/ImagesMenu" pc="268443753" symbol="drawTitle"/>
<entry filename="C:\\Users\\utente\\Desktop\\test-iq\\source\\MenuSampleImagesCustom.mc" id="89" lineNum="41" parent="globals/ImagesMenu" pc="268443789" symbol="drawTitle"/>
<entry filename="C:\\Users\\utente\\Desktop\\test-iq\\source\\MenuSampleImagesCustom.mc" id="90" lineNum="24" parent="globals/ImagesMenu" pc="268445179" symbol="&lt;init&gt;"/>
<entry filename="C:\\Users\\utente\\Desktop\\test-iq\\source\\MenuSampleImagesCustom.mc" id="90" lineNum="24" parent="globals/ImagesMenu" pc="268445179" symbol="&lt;init&gt;"/>
<entry filename="C:\\Users\\utente\\Desktop\\test-iq\\source\\MenuSampleImagesCustom.mc" id="91" lineNum="49" parent="globals/ImagesCustomDelegate" pc="268443878" symbol="initialize"/>
<entry filename="C:\\Users\\utente\\Desktop\\test-iq\\source\\MenuSampleImagesCustom.mc" id="91" lineNum="50" parent="globals/ImagesCustomDelegate" pc="268443882" symbol="initialize"/>
<entry filename="C:\\Users\\utente\\Desktop\\test-iq\\source\\MenuSampleImagesCustom.mc" id="92" lineNum="55" parent="globals/ImagesCustomDelegate" pc="268443901" symbol="onSelect"/>
<entry filename="C:\\Users\\utente\\Desktop\\test-iq\\source\\MenuSampleImagesCustom.mc" id="92" lineNum="56" parent="globals/ImagesCustomDelegate" pc="268443905" symbol="onSelect"/>
<entry filename="C:\\Users\\utente\\Desktop\\test-iq\\source\\MenuSampleImagesCustom.mc" id="93" lineNum="60" parent="globals/ImagesCustomDelegate" pc="268443922" symbol="onBack"/>
<entry filename="C:\\Users\\utente\\Desktop\\test-iq\\source\\MenuSampleImagesCustom.mc" id="93" lineNum="61" parent="globals/ImagesCustomDelegate" pc="268443926" symbol="onBack"/>
<entry filename="C:\\Users\\utente\\Desktop\\test-iq\\source\\MenuSampleImagesCustom.mc" id="94" lineNum="46" parent="globals/ImagesCustomDelegate" pc="268445407" symbol="&lt;init&gt;"/>
<entry filename="C:\\Users\\utente\\Desktop\\test-iq\\source\\MenuSampleImagesCustom.mc" id="94" lineNum="46" parent="globals/ImagesCustomDelegate" pc="268445407" symbol="&lt;init&gt;"/>
<entry filename="C:\\Users\\utente\\Desktop\\test-iq\\source\\MenuSampleImagesCustom.mc" id="95" lineNum="77" parent="globals/CustomImagesItem" pc="268443955" symbol="initialize"/>
<entry filename="C:\\Users\\utente\\Desktop\\test-iq\\source\\MenuSampleImagesCustom.mc" id="95" lineNum="78" parent="globals/CustomImagesItem" pc="268443959" symbol="initialize"/>
<entry filename="C:\\Users\\utente\\Desktop\\test-iq\\source\\MenuSampleImagesCustom.mc" id="95" lineNum="79" parent="globals/CustomImagesItem" pc="268443985" symbol="initialize"/>
<entry filename="C:\\Users\\utente\\Desktop\\test-iq\\source\\MenuSampleImagesCustom.mc" id="95" lineNum="80" parent="globals/CustomImagesItem" pc="268443995" symbol="initialize"/>
<entry filename="C:\\Users\\utente\\Desktop\\test-iq\\source\\MenuSampleImagesCustom.mc" id="95" lineNum="81" parent="globals/CustomImagesItem" pc="268444005" symbol="initialize"/>
<entry filename="C:\\Users\\utente\\Desktop\\test-iq\\source\\MenuSampleImagesCustom.mc" id="96" lineNum="86" parent="globals/CustomImagesItem" pc="268444037" symbol="draw"/>
<entry filename="C:\\Users\\utente\\Desktop\\test-iq\\source\\MenuSampleImagesCustom.mc" id="96" lineNum="87" parent="globals/CustomImagesItem" pc="268444041" symbol="draw"/>
<entry filename="C:\\Users\\utente\\Desktop\\test-iq\\source\\MenuSampleImagesCustom.mc" id="96" lineNum="88" parent="globals/CustomImagesItem" pc="268444055" symbol="draw"/>
<entry filename="C:\\Users\\utente\\Desktop\\test-iq\\source\\MenuSampleImagesCustom.mc" id="96" lineNum="89" parent="globals/CustomImagesItem" pc="268444083" symbol="draw"/>
<entry filename="C:\\Users\\utente\\Desktop\\test-iq\\source\\MenuSampleImagesCustom.mc" id="96" lineNum="90" parent="globals/CustomImagesItem" pc="268444097" symbol="draw"/>
<entry filename="C:\\Users\\utente\\Desktop\\test-iq\\source\\MenuSampleImagesCustom.mc" id="96" lineNum="93" parent="globals/CustomImagesItem" pc="268444114" symbol="draw"/>
<entry filename="C:\\Users\\utente\\Desktop\\test-iq\\source\\MenuSampleImagesCustom.mc" id="96" lineNum="94" parent="globals/CustomImagesItem" pc="268444128" symbol="draw"/>
<entry filename="C:\\Users\\utente\\Desktop\\test-iq\\source\\MenuSampleImagesCustom.mc" id="96" lineNum="95" parent="globals/CustomImagesItem" pc="268444164" symbol="draw"/>
<entry filename="C:\\Users\\utente\\Desktop\\test-iq\\source\\MenuSampleImagesCustom.mc" id="96" lineNum="98" parent="globals/CustomImagesItem" pc="268444179" symbol="draw"/>
<entry filename="C:\\Users\\utente\\Desktop\\test-iq\\source\\MenuSampleImagesCustom.mc" id="96" lineNum="100" parent="globals/CustomImagesItem" pc="268444203" symbol="draw"/>
<entry filename="C:\\Users\\utente\\Desktop\\test-iq\\source\\MenuSampleImagesCustom.mc" id="96" lineNum="101" parent="globals/CustomImagesItem" pc="268444239" symbol="draw"/>
<entry filename="C:\\Users\\utente\\Desktop\\test-iq\\source\\MenuSampleImagesCustom.mc" id="97" lineNum="67" parent="globals/CustomImagesItem" pc="268445464" symbol="&lt;init&gt;"/>
<entry filename="C:\\Users\\utente\\Desktop\\test-iq\\source\\MenuSampleImagesCustom.mc" id="97" lineNum="67" parent="globals/CustomImagesItem" pc="268445464" symbol="&lt;init&gt;"/>
<entry filename="Rez" id="99" lineNum="18" parent="globals/Rez/Drawables/MenuForeground" pc="268444315" symbol="initialize"/>
<entry filename="Rez" id="99" lineNum="19" parent="globals/Rez/Drawables/MenuForeground" pc="268444319" symbol="initialize"/>
<entry filename="Rez" id="100" lineNum="22" parent="globals/Rez/Drawables/MenuForeground" pc="268444344" symbol="draw"/>
<entry filename="Rez" id="100" lineNum="23" parent="globals/Rez/Drawables/MenuForeground" pc="268444348" symbol="draw"/>
<entry filename="Rez" id="100" lineNum="24" parent="globals/Rez/Drawables/MenuForeground" pc="268444384" symbol="draw"/>
<entry filename="Rez" id="100" lineNum="25" parent="globals/Rez/Drawables/MenuForeground" pc="268444416" symbol="draw"/>
<entry filename="Rez" id="101" lineNum="16" parent="globals/Rez/Drawables/MenuForeground" pc="268445136" symbol="&lt;init&gt;"/>
<entry filename="Rez" id="101" lineNum="16" parent="globals/Rez/Drawables/MenuForeground" pc="268445136" symbol="&lt;init&gt;"/>
<entry filename="Rez" id="102" lineNum="2" parent="globals/Rez/Drawables" pc="268445135" symbol="&lt;init&gt;"/>
<entry filename="Rez" id="103" lineNum="32" parent="globals/Rez/Fonts" pc="268445156" symbol="&lt;init&gt;"/>
<entry filename="Rez" id="104" lineNum="34" parent="globals/Rez/JsonData" pc="268445158" symbol="&lt;init&gt;"/>
<entry filename="Rez" id="105" lineNum="43" parent="globals/Rez/Layouts" pc="268444453" symbol="MainLayout"/>
<entry filename="Rez" id="105" lineNum="45" parent="globals/Rez/Layouts" pc="268444465" symbol="MainLayout"/>
<entry filename="Rez" id="105" lineNum="46" parent="globals/Rez/Layouts" pc="268444577" symbol="MainLayout"/>
<entry filename="Rez" id="105" lineNum="47" parent="globals/Rez/Layouts" pc="268444617" symbol="MainLayout"/>
<entry filename="Rez" id="105" lineNum="49" parent="globals/Rez/Layouts" pc="268444799" symbol="MainLayout"/>
<entry filename="Rez" id="106" lineNum="36" parent="globals/Rez/Layouts" pc="268445157" symbol="&lt;init&gt;"/>
<entry filename="Rez" id="107" lineNum="54" parent="globals/Rez/Menus" pc="268445155" symbol="&lt;init&gt;"/>
<entry filename="Rez" id="108" lineNum="56" parent="globals/Rez/Strings" pc="268445159" symbol="&lt;init&gt;"/>
<entry filename="Rez" id="109" lineNum="1" parent="globals/Rez" pc="268445111" symbol="&lt;init&gt;"/>
<entry filename="Rez" id="109" lineNum="1" parent="globals/Rez" pc="268445111" symbol="&lt;init&gt;"/>
</pcToLineNum>
<symbolTable>
<entry field="true" id="55" symbol="&lt;globals/ItemView/&lt;&gt;_text&gt;"/>
<entry id="8388639" module="true" symbol="Graphics"/>
<entry id="68" symbol="basic"/>
<entry id="8389346" symbol="text"/>
<entry field="true" id="57" symbol="&lt;globals/CustomWrapItem/&lt;&gt;_textColor&gt;"/>
<entry field="true" id="45" symbol="mouse"/>
<entry id="18" object="true" symbol="TestIq"/>
<entry id="8388632" method="true" symbol="&lt;init&gt;"/>
<entry id="69" symbol="images"/>
<entry id="27" object="true" symbol="Menu2SampleSubMenuDelegate"/>
<entry id="4" module="true" symbol="globals/Rez/Menus"/>
<entry id="8390740" method="true" symbol="drawTitle"/>
<entry id="8390437" symbol="alignment"/>
<entry id="50" method="true" symbol="MainLayout"/>
<entry field="true" id="35" symbol="&lt;globals/CustomIcon/&lt;&gt;_colorStrings&gt;"/>
<entry id="29" object="true" symbol="CustomIcon"/>
<entry field="true" id="34" symbol="&lt;globals/CustomIcon/&lt;&gt;_colors&gt;"/>
<entry id="54" method="true" symbol="startupTimerCallback"/>
<entry id="32" object="true" symbol="ImagesCustomDelegate"/>
<entry field="true" id="59" symbol="&lt;globals/CustomImagesItem/&lt;&gt;_bitmap&gt;"/>
<entry id="12" object="true" symbol="WrapBottomMenu"/>
<entry field="true" id="8388611" module="true" symbol="Toybox"/>
<entry id="8390413" method="true" symbol="getLabel"/>
<entry id="8390751" method="true" symbol="onFooter"/>
<entry field="true" id="53" symbol="AppName"/>
<entry id="9" method="true" symbol="pushWrapCustom"/>
<entry id="8" module="true" symbol="globals/Rez/Strings"/>
<entry id="8389080" method="true" symbol="onMenu"/>
<entry id="8388772" module="true" object="true" symbol="Fonts"/>
<entry id="8389345" symbol="rezId"/>
<entry id="8388648" module="true" symbol="WatchUi"/>
<entry id="8389081" method="true" symbol="onBack"/>
<entry id="2" module="true" symbol="globals/Rez"/>
<entry field="true" id="47" symbol="logo"/>
<entry id="8389124" method="true" symbol="onUpdate"/>
<entry field="true" id="8389065" symbol="locY"/>
<entry field="true" id="8389064" symbol="locX"/>
<entry id="8390754" symbol="foreground"/>
<entry id="8390422" method="true" symbol="onDone"/>
<entry id="8390439" symbol="disabled"/>
<entry id="8388771" module="true" object="true" symbol="Drawables"/>
<entry id="8389348" symbol="font"/>
<entry id="41" module="true" symbol="Menus"/>
<entry id="6" module="true" symbol="globals/Rez/Layouts"/>
<entry field="true" id="42" symbol="bear"/>
<entry id="8389122" method="true" symbol="onLayout"/>
<entry field="true" id="39" symbol="&lt;globals/CustomItem/&lt;&gt;_label&gt;"/>
<entry field="true" id="8389063" symbol="identifier"/>
<entry field="true" id="44" symbol="fox"/>
<entry id="8389349" symbol="justification"/>
<entry id="26" object="true" symbol="Menu2TestMenu2Delegate"/>
<entry id="24" object="true" symbol="CustomItem"/>
<entry id="7" module="true" symbol="globals/Rez/JsonData"/>
<entry id="3" module="true" symbol="globals/Rez/Drawables"/>
<entry id="70" symbol="wrap"/>
<entry id="8390752" symbol="focusItemHeight"/>
<entry id="22" object="true" symbol="ItemView"/>
<entry id="38" method="true" symbol="getString"/>
<entry field="true" id="58" symbol="&lt;globals/CustomImagesItem/&lt;&gt;_label&gt;"/>
<entry field="true" id="8390438" symbol="enabled"/>
<entry id="16" object="true" symbol="TestIqMenu2View"/>
<entry id="21" method="true" symbol="pushBasicCustom"/>
<entry id="23" object="true" symbol="BasicCustomDelegate"/>
<entry field="true" id="36" symbol="&lt;globals/CustomIcon/&lt;&gt;_index&gt;"/>
<entry id="8389619" method="true" symbol="onSelect"/>
<entry field="true" id="56" symbol="&lt;globals/CustomWrapItem/&lt;&gt;_label&gt;"/>
<entry id="8388769" module="true" object="true" symbol="Rez"/>
<entry id="28" object="true" symbol="Menu2SampleCustomDelegate"/>
<entry id="13" object="true" symbol="WrapTopCustomDelegate"/>
<entry id="17" object="true" symbol="TestIqView"/>
<entry id="8388640" module="true" symbol="Lang"/>
<entry id="67" symbol="item7"/>
<entry id="66" symbol="item6"/>
<entry id="65" symbol="item5"/>
<entry id="64" symbol="item4"/>
<entry id="63" symbol="item3"/>
<entry id="62" symbol="item2"/>
<entry id="61" symbol="item1"/>
<entry id="8390088" module="true" object="true" symbol="JsonData"/>
<entry id="8389068" method="true" symbol="draw"/>
<entry field="true" id="48" symbol="LauncherIcon"/>
<entry id="8388610" symbol="statics"/>
<entry id="8389123" method="true" symbol="onShow"/>
<entry field="true" id="51" symbol="MainMenuTitle"/>
<entry id="14" object="true" symbol="WrapBottomCustomDelegate"/>
<entry id="8389350" module="true" symbol="globals"/>
<entry id="8388770" module="true" object="true" symbol="Strings"/>
<entry id="8388702" method="true" symbol="initialize"/>
<entry field="true" id="43" symbol="dog"/>
<entry id="31" object="true" symbol="ImagesMenu"/>
<entry id="8389279" method="true" symbol="onStart"/>
<entry id="15" object="true" symbol="CustomWrapItem"/>
<entry id="11" object="true" symbol="WrapTopMenu"/>
<entry id="8390753" symbol="footer"/>
<entry id="8390749" method="true" symbol="onWrap"/>
<entry id="8389280" method="true" symbol="getInitialView"/>
<entry id="8389281" method="true" symbol="onStop"/>
<entry field="true" id="60" symbol="&lt;globals/CustomImagesItem/&lt;&gt;_bitmapOffset&gt;"/>
<entry id="8389347" symbol="color"/>
<entry id="20" object="true" symbol="DrawableMenuTitle"/>
<entry id="8390750" method="true" symbol="onTitle"/>
<entry id="19" object="true" symbol="MenuTestIqDelegate"/>
<entry id="10" method="true" symbol="pushWrapCustomBottom"/>
<entry id="40" module="true" symbol="Layouts"/>
<entry field="true" id="46" symbol="turtle"/>
<entry id="33" object="true" symbol="CustomImagesItem"/>
<entry id="8390741" method="true" symbol="drawFooter"/>
<entry id="5" module="true" symbol="globals/Rez/Fonts"/>
<entry field="true" id="8389743" symbol="backgroundColor"/>
<entry id="8389125" method="true" symbol="onHide"/>
<entry id="8388635" module="true" symbol="Application"/>
<entry field="true" id="8389642" symbol="title"/>
<entry id="25" object="true" symbol="DrawableMenuFooter"/>
<entry id="37" method="true" symbol="nextState"/>
<entry field="true" id="52" symbol="SplashText"/>
<entry id="49" object="true" symbol="MenuForeground"/>
<entry id="30" method="true" symbol="pushImagesCustom"/>
</symbolTable>
<localVars>
<entry endPc="268435748" name="customMenu" stackId="1" startPc="268435468"/>
<entry endPc="268436042" name="customMenu" stackId="1" startPc="268435762"/>
<entry arg="true" endPc="268436076" name="backgroundColor" stackId="2" startPc="268436044"/>
<entry arg="true" endPc="268436076" name="itemHeight" stackId="1" startPc="268436044"/>
<entry arg="true" endPc="268436337" name="dc" stackId="1" startPc="268436077"/>
<entry endPc="268436839" name="height" stackId="2" startPc="268436342"/>
<entry endPc="268436839" name="centerX" stackId="3" startPc="268436342"/>
<entry arg="true" endPc="268436840" name="dc" stackId="1" startPc="268436338"/>
<entry arg="true" endPc="268436873" name="backgroundColor" stackId="2" startPc="268436841"/>
<entry arg="true" endPc="268436873" name="itemHeight" stackId="1" startPc="268436841"/>
<entry endPc="268437383" name="centerX" stackId="2" startPc="268436878"/>
<entry arg="true" endPc="268437384" name="dc" stackId="1" startPc="268436874"/>
<entry arg="true" endPc="268437428" name="item" stackId="1" startPc="268437408"/>
<entry arg="true" endPc="268437506" name="key" stackId="1" startPc="268437462"/>
<entry arg="true" endPc="268437571" name="item" stackId="1" startPc="268437551"/>
<entry arg="true" endPc="268437689" name="key" stackId="1" startPc="268437633"/>
<entry arg="true" endPc="268437773" name="label" stackId="2" startPc="268437723"/>
<entry arg="true" endPc="268437773" name="textColor" stackId="3" startPc="268437723"/>
<entry arg="true" endPc="268437773" name="id" stackId="1" startPc="268437723"/>
<entry endPc="268438000" name="font" stackId="2" startPc="268437778"/>
<entry arg="true" endPc="268438001" name="dc" stackId="1" startPc="268437774"/>
<entry endPc="268438338" name="delegate" stackId="2" startPc="268438029"/>
<entry endPc="268438338" name="menu" stackId="1" startPc="268438029"/>
<entry arg="true" endPc="268438408" name="dc" stackId="1" startPc="268438363"/>
<entry arg="true" endPc="268438438" name="dc" stackId="1" startPc="268438414"/>
<entry endPc="268438535" name="_time" stackId="2" startPc="268438471"/>
<entry arg="true" endPc="268438536" name="state" stackId="1" startPc="268438467"/>
<entry arg="true" endPc="268438541" name="state" stackId="1" startPc="268438537"/>
<entry endPc="268439005" name="menu" stackId="1" startPc="268438675"/>
<entry endPc="268439378" name="labelWidth" stackId="5" startPc="268439040"/>
<entry endPc="268439378" name="bitmapY" stackId="7" startPc="268439040"/>
<entry endPc="268439378" name="appIcon" stackId="3" startPc="268439040"/>
<entry endPc="268439378" name="labelY" stackId="9" startPc="268439040"/>
<entry endPc="268439378" name="bitmapX" stackId="6" startPc="268439040"/>
<entry endPc="268439378" name="labelX" stackId="8" startPc="268439040"/>
<entry endPc="268439378" name="bitmapWidth" stackId="4" startPc="268439040"/>
<entry endPc="268439378" name="spacing" stackId="2" startPc="268439040"/>
<entry arg="true" endPc="268439379" name="dc" stackId="1" startPc="268439036"/>
<entry endPc="268439961" name="customMenu" stackId="1" startPc="268439392"/>
<entry arg="true" endPc="268440135" name="text" stackId="1" startPc="268439963"/>
<entry arg="true" endPc="268440208" name="dc" stackId="1" startPc="268440136"/>
<entry arg="true" endPc="268440318" name="item" stackId="1" startPc="268440232"/>
<entry arg="true" endPc="268440359" name="key" stackId="1" startPc="268440352"/>
<entry arg="true" endPc="268440400" name="text" stackId="2" startPc="268440360"/>
<entry arg="true" endPc="268440400" name="id" stackId="1" startPc="268440360"/>
<entry endPc="268440767" name="font" stackId="2" startPc="268440405"/>
<entry arg="true" endPc="268440768" name="dc" stackId="1" startPc="268440401"/>
<entry arg="true" endPc="268440890" name="dc" stackId="1" startPc="268440812"/>
<entry endPc="268441363" name="toggleMenu" stackId="3" startPc="268440950"/>
<entry endPc="268441718" name="checkMenu" stackId="4" startPc="268441386"/>
<entry endPc="268442175" name="drawable1" stackId="6" startPc="268441741"/>
<entry endPc="268442175" name="iconMenu" stackId="5" startPc="268441741"/>
<entry endPc="268442175" name="drawable3" stackId="8" startPc="268441741"/>
<entry endPc="268442175" name="drawable2" stackId="7" startPc="268441741"/>
<entry endPc="268442450" name="customMenu" stackId="9" startPc="268442198"/>
<entry endPc="268442469" name="id" stackId="2" startPc="268440918"/>
<entry arg="true" endPc="268442470" name="item" stackId="1" startPc="268440914"/>
<entry arg="true" endPc="268442600" name="item" stackId="1" startPc="268442527"/>
<entry endPc="268442796" name="id" stackId="2" startPc="268442694"/>
<entry arg="true" endPc="268442797" name="item" stackId="1" startPc="268442690"/>
<entry endPc="268443033" name="color" stackId="2" startPc="268442987"/>
<entry arg="true" endPc="268443034" name="dc" stackId="1" startPc="268442983"/>
<entry endPc="268443582" name="customMenu" stackId="1" startPc="268443047"/>
<entry arg="true" endPc="268443616" name="backgroundColor" stackId="2" startPc="268443584"/>
<entry arg="true" endPc="268443616" name="itemHeight" stackId="1" startPc="268443584"/>
<entry arg="true" endPc="268443877" name="dc" stackId="1" startPc="268443617"/>
<entry arg="true" endPc="268443921" name="item" stackId="1" startPc="268443901"/>
<entry arg="true" endPc="268444036" name="label" stackId="2" startPc="268443955"/>
<entry arg="true" endPc="268444036" name="bitmap" stackId="3" startPc="268443955"/>
<entry arg="true" endPc="268444036" name="id" stackId="1" startPc="268443955"/>
<entry endPc="268444313" name="font" stackId="2" startPc="268444041"/>
<entry endPc="268444313" name="bmXY" stackId="3" startPc="268444041"/>
<entry arg="true" endPc="268444314" name="dc" stackId="1" startPc="268444037"/>
<entry arg="true" endPc="268444452" name="dc" stackId="1" startPc="268444344"/>
<entry endPc="268444825" name="rez_cmp_local_text_7947382491" stackId="3" startPc="268444465"/>
<entry endPc="268444825" name="rez_cmp_local_bitmap_logo" stackId="2" startPc="268444465"/>
<entry arg="true" endPc="268444826" name="dc" stackId="1" startPc="268444453"/>
</localVars>
<annotations>
<annotationEntry annotation="initialized" class="Drawables" module="globals/Rez" symbol="bear"/>
<annotationEntry annotation="initialized" class="Drawables" module="globals/Rez" symbol="dog"/>
<annotationEntry annotation="initialized" class="Drawables" module="globals/Rez" symbol="fox"/>
<annotationEntry annotation="initialized" class="Drawables" module="globals/Rez" symbol="mouse"/>
<annotationEntry annotation="initialized" class="Drawables" module="globals/Rez" symbol="turtle"/>
<annotationEntry annotation="initialized" class="Drawables" module="globals/Rez" symbol="logo"/>
<annotationEntry annotation="initialized" class="Drawables" module="globals/Rez" symbol="LauncherIcon"/>
<annotationEntry annotation="initialized" class="Strings" module="globals/Rez" symbol="MainMenuTitle"/>
<annotationEntry annotation="initialized" class="Strings" module="globals/Rez" symbol="SplashText"/>
<annotationEntry annotation="initialized" class="Strings" module="globals/Rez" symbol="AppName"/>
</annotations>
<dataEntryOffsetMappings>
<dataEntry label="globals" offset="87" parentId="" symbolId="globals" type="module"/>
<dataEntry label="globals/CustomIcon" offset="334" parentId="globals" symbolId="CustomIcon" type="class"/>
<dataEntry label="globals/CustomItem" offset="429" parentId="globals" symbolId="CustomItem" type="class"/>
<dataEntry label="globals/Menu2SampleCustomDelegate" offset="500" parentId="globals" symbolId="Menu2SampleCustomDelegate" type="class"/>
<dataEntry label="globals/Rez" offset="563" parentId="globals" symbolId="Rez" type="module"/>
<dataEntry label="globals/Rez/Drawables" offset="642" parentId="Rez" symbolId="Drawables" type="module"/>
<dataEntry label="globals/Rez/Drawables/MenuForeground" offset="737" parentId="Drawables" symbolId="MenuForeground" type="class"/>
<dataEntry label="globals/Rez/Menus" offset="792" parentId="Rez" symbolId="Menus" type="module"/>
<dataEntry label="globals/Rez/Fonts" offset="823" parentId="Rez" symbolId="Fonts" type="module"/>
<dataEntry label="globals/Rez/Layouts" offset="854" parentId="Rez" symbolId="Layouts" type="module"/>
<dataEntry label="globals/Rez/JsonData" offset="893" parentId="Rez" symbolId="JsonData" type="module"/>
<dataEntry label="globals/Rez/Strings" offset="924" parentId="Rez" symbolId="Strings" type="module"/>
<dataEntry label="globals/TestIqView" offset="979" parentId="globals" symbolId="TestIqView" type="class"/>
<dataEntry label="globals/ImagesMenu" offset="1058" parentId="globals" symbolId="ImagesMenu" type="class"/>
<dataEntry label="globals/MenuTestIqDelegate" offset="1113" parentId="globals" symbolId="MenuTestIqDelegate" type="class"/>
<dataEntry label="globals/WrapTopMenu" offset="1168" parentId="globals" symbolId="WrapTopMenu" type="class"/>
<dataEntry label="globals/TestIq" offset="1231" parentId="globals" symbolId="TestIq" type="class"/>
<dataEntry label="globals/DrawableMenuFooter" offset="1310" parentId="globals" symbolId="DrawableMenuFooter" type="class"/>
<dataEntry label="globals/WrapBottomCustomDelegate" offset="1365" parentId="globals" symbolId="WrapBottomCustomDelegate" type="class"/>
<dataEntry label="globals/ItemView" offset="1444" parentId="globals" symbolId="ItemView" type="class"/>
<dataEntry label="globals/DrawableMenuTitle" offset="1507" parentId="globals" symbolId="DrawableMenuTitle" type="class"/>
<dataEntry label="globals/BasicCustomDelegate" offset="1562" parentId="globals" symbolId="BasicCustomDelegate" type="class"/>
<dataEntry label="globals/WrapBottomMenu" offset="1633" parentId="globals" symbolId="WrapBottomMenu" type="class"/>
<dataEntry label="globals/Menu2SampleSubMenuDelegate" offset="1688" parentId="globals" symbolId="Menu2SampleSubMenuDelegate" type="class"/>
<dataEntry label="globals/WrapTopCustomDelegate" offset="1759" parentId="globals" symbolId="WrapTopCustomDelegate" type="class"/>
<dataEntry label="globals/ImagesCustomDelegate" offset="1838" parentId="globals" symbolId="ImagesCustomDelegate" type="class"/>
<dataEntry label="globals/CustomWrapItem" offset="1901" parentId="globals" symbolId="CustomWrapItem" type="class"/>
<dataEntry label="globals/TestIqMenu2View" offset="1972" parentId="globals" symbolId="TestIqMenu2View" type="class"/>
<dataEntry label="globals/CustomImagesItem" offset="2027" parentId="globals" symbolId="CustomImagesItem" type="class"/>
<dataEntry label="globals/Menu2TestMenu2Delegate" offset="2106" parentId="globals" symbolId="Menu2TestMenu2Delegate" type="class"/>
</dataEntryOffsetMappings>
<functions>
<functionEntry accessMode="public" endPc="268435749" name="pushWrapCustom" startPc="268435456">
<documentation><![CDATA[<div class="description"> Create the top menu of the Wrap custom menu<br/></div>]]></documentation>
</functionEntry>
<functionEntry accessMode="public" endPc="268436043" name="pushWrapCustomBottom" startPc="268435750">
<documentation><![CDATA[<div class="description"> Create the sub-menu menu of the Wrap custom menu<br/></div>]]></documentation>
</functionEntry>
<functionEntry accessMode="public" endPc="268436076" name="initialize" parent="WrapTopMenu" startPc="268436044">
<param id="itemHeight"/>
<param id="backgroundColor"/>
<documentation><![CDATA[<div class="description"> Constructor<br/> <div class="param"> itemHeight The pixel height of menu items rendered by this menu</div><br/> <div class="param"> backgroundColor The color for the menu background</div><br/></div>]]></documentation>
</functionEntry>
<functionEntry accessMode="public" endPc="268436337" name="drawTitle" parent="WrapTopMenu" startPc="268436077">
<param id="dc"/>
<documentation><![CDATA[<div class="description"> Draw the menu title<br/> <div class="param"> dc Device Context</div><br/></div>]]></documentation>
</functionEntry>
<functionEntry accessMode="public" endPc="268436840" name="drawFooter" parent="WrapTopMenu" startPc="268436338">
<param id="dc"/>
<documentation><![CDATA[<div class="description"> Draw the menu footer<br/> <div class="param"> dc Device Context</div><br/></div>]]></documentation>
</functionEntry>
<functionEntry accessMode="protected" endPc="268445235" name="&lt;init&gt;" parent="WrapTopMenu" startPc="268445217">
<documentation/>
</functionEntry>
<functionEntry accessMode="public" endPc="268436873" name="initialize" parent="WrapBottomMenu" startPc="268436841">
<param id="itemHeight"/>
<param id="backgroundColor"/>
<documentation><![CDATA[<div class="description"> Constructor<br/> <div class="param"> itemHeight The pixel height of menu items rendered by this menu</div><br/> <div class="param"> backgroundColor The color for the menu background</div><br/></div>]]></documentation>
</functionEntry>
<functionEntry accessMode="public" endPc="268437384" name="drawTitle" parent="WrapBottomMenu" startPc="268436874">
<param id="dc"/>
<documentation><![CDATA[<div class="description"> Draw the menu title<br/> <div class="param"> dc Device Context</div><br/></div>]]></documentation>
</functionEntry>
<functionEntry accessMode="protected" endPc="268445368" name="&lt;init&gt;" parent="WrapBottomMenu" startPc="268445350">
<documentation/>
</functionEntry>
<functionEntry accessMode="public" endPc="268437407" name="initialize" parent="WrapTopCustomDelegate" startPc="268437385">
<documentation><![CDATA[<div class="description"> Constructor<br/></div>]]></documentation>
</functionEntry>
<functionEntry accessMode="public" endPc="268437428" name="onSelect" parent="WrapTopCustomDelegate" startPc="268437408">
<param id="item"/>
<documentation><![CDATA[<div class="description"> Handle an item being selected<br/> <div class="param"> item The selected menu item</div><br/></div>]]></documentation>
</functionEntry>
<functionEntry accessMode="public" endPc="268437461" name="onBack" parent="WrapTopCustomDelegate" startPc="268437429">
<documentation><![CDATA[<div class="description"> Handle the back key being pressed<br/></div>]]></documentation>
</functionEntry>
<functionEntry accessMode="public" endPc="268437506" name="onWrap" parent="WrapTopCustomDelegate" startPc="268437462">
<param id="key"/>
<documentation><![CDATA[<div class="description"> Handle the user navigating off the end of the menu<br/> <div class="param"> key The key triggering the menu wrap</div><br/> <div class="returns">Returns  true if wrap is allowed, false otherwise</div><br/></div>]]></documentation>
</functionEntry>
<functionEntry accessMode="public" endPc="268437527" name="onFooter" parent="WrapTopCustomDelegate" startPc="268437507">
<documentation><![CDATA[<div class="description"> Handle the footer being selected<br/></div>]]></documentation>
</functionEntry>
<functionEntry accessMode="protected" endPc="268445406" name="&lt;init&gt;" parent="WrapTopCustomDelegate" startPc="268445388">
<documentation/>
</functionEntry>
<functionEntry accessMode="public" endPc="268437550" name="initialize" parent="WrapBottomCustomDelegate" startPc="268437528">
<documentation><![CDATA[<div class="description"> Constructor<br/></div>]]></documentation>
</functionEntry>
<functionEntry accessMode="public" endPc="268437571" name="onSelect" parent="WrapBottomCustomDelegate" startPc="268437551">
<param id="item"/>
<documentation><![CDATA[<div class="description"> Handle an item being selected<br/> <div class="param"> item The selected menu item</div><br/></div>]]></documentation>
</functionEntry>
<functionEntry accessMode="public" endPc="268437632" name="onBack" parent="WrapBottomCustomDelegate" startPc="268437572">
<documentation><![CDATA[<div class="description"> Handle the back key being pressed<br/></div>]]></documentation>
</functionEntry>
<functionEntry accessMode="public" endPc="268437689" name="onWrap" parent="WrapBottomCustomDelegate" startPc="268437633">
<param id="key"/>
<documentation><![CDATA[<div class="description"> Handle the user navigating off the end of the menu<br/> <div class="param"> key The key triggering the menu wrap</div><br/> <div class="returns">Returns  true if wrap is allowed, false otherwise</div><br/></div>]]></documentation>
</functionEntry>
<functionEntry accessMode="public" endPc="268437722" name="onTitle" parent="WrapBottomCustomDelegate" startPc="268437690">
<documentation><![CDATA[<div class="description"> Handle the title being selected<br/></div>]]></documentation>
</functionEntry>
<functionEntry accessMode="protected" endPc="268445292" name="&lt;init&gt;" parent="WrapBottomCustomDelegate" startPc="268445274">
<documentation/>
</functionEntry>
<functionEntry accessMode="public" endPc="268437773" name="initialize" parent="CustomWrapItem" startPc="268437723">
<param id="id"/>
<param id="label"/>
<param id="textColor"/>
<documentation><![CDATA[<div class="description"> Constructor<br/> <div class="param"> id The identifier for this item</div><br/> <div class="param"> label Text to display</div><br/> <div class="param"> textColor Color of the text</div><br/></div>]]></documentation>
</functionEntry>
<functionEntry accessMode="public" endPc="268438001" name="draw" parent="CustomWrapItem" startPc="268437774">
<param id="dc"/>
<documentation><![CDATA[<div class="description"> Draw the item string at the center of the item.<br/> <div class="param"> dc Device Context</div><br/></div>]]></documentation>
</functionEntry>
<functionEntry accessMode="protected" endPc="268445444" name="&lt;init&gt;" parent="CustomWrapItem" startPc="268445426">
<documentation/>
</functionEntry>
<functionEntry accessMode="public" endPc="268438024" name="initialize" parent="TestIqMenu2View" startPc="268438002">
<documentation/>
</functionEntry>
<functionEntry accessMode="public" endPc="268438339" name="onShow" parent="TestIqMenu2View" startPc="268438025">
<documentation/>
</functionEntry>
<functionEntry accessMode="protected" endPc="268445463" name="&lt;init&gt;" parent="TestIqMenu2View" startPc="268445445">
<documentation/>
</functionEntry>
<functionEntry accessMode="public" endPc="268438362" name="initialize" parent="TestIqView" startPc="268438340">
<documentation><![CDATA[<div class="description"> Constructor<br/></div>]]></documentation>
</functionEntry>
<functionEntry accessMode="public" endPc="268438408" name="onLayout" parent="TestIqView" startPc="268438363">
<param id="dc"/>
<documentation><![CDATA[<div class="description"> Load your resources here<br/> <div class="param"> dc Device Context</div><br/></div>]]></documentation>
</functionEntry>
<functionEntry accessMode="public" endPc="268438413" name="onShow" parent="TestIqView" startPc="268438409">
<documentation><![CDATA[<div class="description"> Called when this View is brought to the foreground. Restore<br/> the state of this View and prepare it to be shown. This includes<br/> loading resources into memory.<br/></div>]]></documentation>
</functionEntry>
<functionEntry accessMode="public" endPc="268438438" name="onUpdate" parent="TestIqView" startPc="268438414">
<param id="dc"/>
<documentation><![CDATA[<div class="description"> Update the view<br/> <div class="param"> dc Device Context</div><br/></div>]]></documentation>
</functionEntry>
<functionEntry accessMode="public" endPc="268438443" name="onHide" parent="TestIqView" startPc="268438439">
<documentation><![CDATA[<div class="description"> Called when this View is removed from the screen. Save the<br/> state of this View here. This includes freeing resources from<br/> memory.<br/></div>]]></documentation>
</functionEntry>
<functionEntry accessMode="protected" endPc="268445178" name="&lt;init&gt;" parent="TestIqView" startPc="268445160">
<documentation/>
</functionEntry>
<functionEntry accessMode="public" endPc="268438466" name="initialize" parent="TestIq" startPc="268438444">
<documentation><![CDATA[<div class="description"> Constructor<br/></div>]]></documentation>
</functionEntry>
<functionEntry accessMode="public" endPc="268438536" name="onStart" parent="TestIq" startPc="268438467">
<param id="state"/>
<documentation><![CDATA[<div class="description"> Handle app startup<br/> <div class="param"> state Startup arguments</div><br/></div>]]></documentation>
</functionEntry>
<functionEntry accessMode="public" endPc="268438541" name="onStop" parent="TestIq" startPc="268438537">
<param id="state"/>
<documentation><![CDATA[<div class="description"> Handle app shutdown<br/> <div class="param"> state Shutdown arguments</div><br/></div>]]></documentation>
</functionEntry>
<functionEntry accessMode="public" endPc="268438587" name="getInitialView" parent="TestIq" startPc="268438542">
<documentation><![CDATA[<div class="description"> Return the initial view for the app<br/> <div class="returns">Returns  Array [View, Delegate]</div><br/></div>]]></documentation>
</functionEntry>
<functionEntry accessMode="public" endPc="268438647" name="startupTimerCallback" parent="TestIq" startPc="268438588">
<documentation/>
</functionEntry>
<functionEntry accessMode="protected" endPc="268445254" name="&lt;init&gt;" parent="TestIq" startPc="268445236">
<documentation/>
</functionEntry>
<functionEntry accessMode="public" endPc="268438670" name="initialize" parent="MenuTestIqDelegate" startPc="268438648">
<documentation><![CDATA[<div class="description"> Constructor<br/></div>]]></documentation>
</functionEntry>
<functionEntry accessMode="public" endPc="268439006" name="onMenu" parent="MenuTestIqDelegate" startPc="268438671">
<documentation><![CDATA[<div class="description"> Handle the menu event<br/> <div class="returns">Returns  true if handled, false otherwise</div><br/></div>]]></documentation>
</functionEntry>
<functionEntry accessMode="protected" endPc="268445216" name="&lt;init&gt;" parent="MenuTestIqDelegate" startPc="268445198">
<documentation/>
</functionEntry>
<functionEntry accessMode="public" endPc="268439035" name="initialize" parent="DrawableMenuTitle" startPc="268439007">
<documentation><![CDATA[<div class="description"> Constructor<br/></div>]]></documentation>
</functionEntry>
<functionEntry accessMode="public" endPc="268439379" name="draw" parent="DrawableMenuTitle" startPc="268439036">
<param id="dc"/>
<documentation><![CDATA[<div class="description"> Draw the application icon and main menu title<br/> <div class="param"> dc Device Context</div><br/></div>]]></documentation>
</functionEntry>
<functionEntry accessMode="protected" endPc="268445330" name="&lt;init&gt;" parent="DrawableMenuTitle" startPc="268445312">
<documentation/>
</functionEntry>
<functionEntry accessMode="public" endPc="268439962" name="pushBasicCustom" startPc="268439380">
<documentation><![CDATA[<div class="description"> Create the Basic Drawables custom menu<br/></div>]]></documentation>
</functionEntry>
<functionEntry accessMode="public" endPc="268440135" name="initialize" parent="ItemView" startPc="268439963">
<param id="text"/>
<documentation><![CDATA[<div class="description"> Constructor<br/> <div class="param"> text The item text</div><br/></div>]]></documentation>
</functionEntry>
<functionEntry accessMode="public" endPc="268440208" name="onUpdate" parent="ItemView" startPc="268440136">
<param id="dc"/>
<documentation><![CDATA[<div class="description"> Update the view<br/> <div class="param"> dc Device context</div><br/></div>]]></documentation>
</functionEntry>
<functionEntry accessMode="protected" endPc="268445311" name="&lt;init&gt;" parent="ItemView" startPc="268445293">
<documentation/>
</functionEntry>
<functionEntry accessMode="public" endPc="268440231" name="initialize" parent="BasicCustomDelegate" startPc="268440209">
<documentation><![CDATA[<div class="description"> Constructor<br/></div>]]></documentation>
</functionEntry>
<functionEntry accessMode="public" endPc="268440318" name="onSelect" parent="BasicCustomDelegate" startPc="268440232">
<param id="item"/>
<documentation><![CDATA[<div class="description"> Handle an item being selected<br/> <div class="param"> item The selected menu item</div><br/></div>]]></documentation>
</functionEntry>
<functionEntry accessMode="public" endPc="268440351" name="onBack" parent="BasicCustomDelegate" startPc="268440319">
<documentation><![CDATA[<div class="description"> Handle the back key being pressed<br/></div>]]></documentation>
</functionEntry>
<functionEntry accessMode="public" endPc="268440359" name="onWrap" parent="BasicCustomDelegate" startPc="268440352">
<param id="key"/>
<documentation><![CDATA[<div class="description"> Handle the user navigating off the end of the menu<br/> <div class="param"> key The key triggering the menu wrap</div><br/> <div class="returns">Returns  true if wrap is allowed, false otherwise</div><br/></div>]]></documentation>
</functionEntry>
<functionEntry accessMode="protected" endPc="268445349" name="&lt;init&gt;" parent="BasicCustomDelegate" startPc="268445331">
<documentation/>
</functionEntry>
<functionEntry accessMode="public" endPc="268440400" name="initialize" parent="CustomItem" startPc="268440360">
<param id="id"/>
<param id="text"/>
<documentation><![CDATA[<div class="description"> Constructor<br/> <div class="param"> id The identifier for this item</div><br/> <div class="param"> text Text to display</div><br/></div>]]></documentation>
</functionEntry>
<functionEntry accessMode="public" endPc="268440768" name="draw" parent="CustomItem" startPc="268440401">
<param id="dc"/>
<documentation><![CDATA[<div class="description"> Draw the item string at the center of the item.<br/> <div class="param"> dc Device context</div><br/></div>]]></documentation>
</functionEntry>
<functionEntry accessMode="public" endPc="268440782" name="getLabel" parent="CustomItem" startPc="268440769">
<documentation><![CDATA[<div class="description"> Get the item label<br/> <div class="returns">Returns  The label</div><br/></div>]]></documentation>
</functionEntry>
<functionEntry accessMode="protected" endPc="268445091" name="&lt;init&gt;" parent="CustomItem" startPc="268445073">
<documentation/>
</functionEntry>
<functionEntry accessMode="public" endPc="268440811" name="initialize" parent="DrawableMenuFooter" startPc="268440783">
<documentation><![CDATA[<div class="description"> Constructor<br/></div>]]></documentation>
</functionEntry>
<functionEntry accessMode="public" endPc="268440890" name="draw" parent="DrawableMenuFooter" startPc="268440812">
<param id="dc"/>
<documentation><![CDATA[<div class="description"> Draw bottom half of the last dividing line below the final item<br/> <div class="param"> dc Device context</div><br/></div>]]></documentation>
</functionEntry>
<functionEntry accessMode="protected" endPc="268445273" name="&lt;init&gt;" parent="DrawableMenuFooter" startPc="268445255">
<documentation/>
</functionEntry>
<functionEntry accessMode="public" endPc="268440913" name="initialize" parent="Menu2TestMenu2Delegate" startPc="268440891">
<documentation><![CDATA[<div class="description"> Constructor<br/></div>]]></documentation>
</functionEntry>
<functionEntry accessMode="public" endPc="268442470" name="onSelect" parent="Menu2TestMenu2Delegate" startPc="268440914">
<param id="item"/>
<documentation><![CDATA[<div class="description"> Handle an item being selected<br/> <div class="param"> item The selected menu item</div><br/></div>]]></documentation>
</functionEntry>
<functionEntry accessMode="public" endPc="268442503" name="onBack" parent="Menu2TestMenu2Delegate" startPc="268442471">
<documentation><![CDATA[<div class="description"> Handle the back key being pressed<br/></div>]]></documentation>
</functionEntry>
<functionEntry accessMode="protected" endPc="268445501" name="&lt;init&gt;" parent="Menu2TestMenu2Delegate" startPc="268445483">
<documentation/>
</functionEntry>
<functionEntry accessMode="public" endPc="268442526" name="initialize" parent="Menu2SampleSubMenuDelegate" startPc="268442504">
<documentation><![CDATA[<div class="description"> Constructor<br/></div>]]></documentation>
</functionEntry>
<functionEntry accessMode="public" endPc="268442600" name="onSelect" parent="Menu2SampleSubMenuDelegate" startPc="268442527">
<param id="item"/>
<documentation><![CDATA[<div class="description"> Handle an item being selected<br/> <div class="param"> item The selected menu item</div><br/></div>]]></documentation>
</functionEntry>
<functionEntry accessMode="public" endPc="268442633" name="onBack" parent="Menu2SampleSubMenuDelegate" startPc="268442601">
<documentation><![CDATA[<div class="description"> Handle the back key being pressed<br/></div>]]></documentation>
</functionEntry>
<functionEntry accessMode="public" endPc="268442666" name="onDone" parent="Menu2SampleSubMenuDelegate" startPc="268442634">
<documentation><![CDATA[<div class="description"> Handle the done item being selected<br/></div>]]></documentation>
</functionEntry>
<functionEntry accessMode="protected" endPc="268445387" name="&lt;init&gt;" parent="Menu2SampleSubMenuDelegate" startPc="268445369">
<documentation/>
</functionEntry>
<functionEntry accessMode="public" endPc="268442689" name="initialize" parent="Menu2SampleCustomDelegate" startPc="268442667">
<documentation><![CDATA[<div class="description"> Constructor<br/></div>]]></documentation>
</functionEntry>
<functionEntry accessMode="public" endPc="268442797" name="onSelect" parent="Menu2SampleCustomDelegate" startPc="268442690">
<param id="item"/>
<documentation><![CDATA[<div class="description"> Handle an item being selected<br/> <div class="param"> item The selected menu item</div><br/></div>]]></documentation>
</functionEntry>
<functionEntry accessMode="public" endPc="268442830" name="onBack" parent="Menu2SampleCustomDelegate" startPc="268442798">
<documentation><![CDATA[<div class="description"> Handle the back key being pressed<br/></div>]]></documentation>
</functionEntry>
<functionEntry accessMode="protected" endPc="268445110" name="&lt;init&gt;" parent="Menu2SampleCustomDelegate" startPc="268445092">
<documentation/>
</functionEntry>
<functionEntry accessMode="public" endPc="268442872" name="initialize" parent="CustomIcon" startPc="268442831">
<documentation><![CDATA[<div class="description"> Constructor<br/></div>]]></documentation>
</functionEntry>
<functionEntry accessMode="public" endPc="268442959" name="nextState" parent="CustomIcon" startPc="268442873">
<documentation><![CDATA[<div class="description"> Advance to the next color state for the drawable<br/> <div class="returns">Returns  The new color state</div><br/></div>]]></documentation>
</functionEntry>
<functionEntry accessMode="public" endPc="268442982" name="getString" parent="CustomIcon" startPc="268442960">
<documentation><![CDATA[<div class="description"> Return the color string for the menu to use as its sublabel<br/> <div class="returns">Returns  The current color</div><br/></div>]]></documentation>
</functionEntry>
<functionEntry accessMode="public" endPc="268443034" name="draw" parent="CustomIcon" startPc="268442983">
<param id="dc"/>
<documentation><![CDATA[<div class="description"> Set the color for the current state and use dc.clear() to fill<br/> the drawable area with that color<br/> <div class="param"> dc Device Context</div><br/></div>]]></documentation>
</functionEntry>
<functionEntry accessMode="protected" endPc="268445072" name="&lt;init&gt;" parent="CustomIcon" startPc="268444828">
<documentation/>
</functionEntry>
<functionEntry accessMode="public" endPc="268443583" name="pushImagesCustom" startPc="268443035">
<documentation><![CDATA[<div class="description"> Create the Images custom menu<br/></div>]]></documentation>
</functionEntry>
<functionEntry accessMode="public" endPc="268443616" name="initialize" parent="ImagesMenu" startPc="268443584">
<param id="itemHeight"/>
<param id="backgroundColor"/>
<documentation><![CDATA[<div class="description"> Constructor<br/> <div class="param"> itemHeight The pixel height of menu items rendered by this menu</div><br/> <div class="param"> backgroundColor The color for the menu background</div><br/></div>]]></documentation>
</functionEntry>
<functionEntry accessMode="public" endPc="268443877" name="drawTitle" parent="ImagesMenu" startPc="268443617">
<param id="dc"/>
<documentation><![CDATA[<div class="description"> Draw the menu title<br/> <div class="param"> dc Device Context</div><br/></div>]]></documentation>
</functionEntry>
<functionEntry accessMode="protected" endPc="268445197" name="&lt;init&gt;" parent="ImagesMenu" startPc="268445179">
<documentation/>
</functionEntry>
<functionEntry accessMode="public" endPc="268443900" name="initialize" parent="ImagesCustomDelegate" startPc="268443878">
<documentation><![CDATA[<div class="description"> Constructor<br/></div>]]></documentation>
</functionEntry>
<functionEntry accessMode="public" endPc="268443921" name="onSelect" parent="ImagesCustomDelegate" startPc="268443901">
<param id="item"/>
<documentation><![CDATA[<div class="description"> Handle an item being selected<br/> <div class="param"> item The selected menu item</div><br/></div>]]></documentation>
</functionEntry>
<functionEntry accessMode="public" endPc="268443954" name="onBack" parent="ImagesCustomDelegate" startPc="268443922">
<documentation><![CDATA[<div class="description"> Handle the back key being pressed<br/></div>]]></documentation>
</functionEntry>
<functionEntry accessMode="protected" endPc="268445425" name="&lt;init&gt;" parent="ImagesCustomDelegate" startPc="268445407">
<documentation/>
</functionEntry>
<functionEntry accessMode="public" endPc="268444036" name="initialize" parent="CustomImagesItem" startPc="268443955">
<param id="id"/>
<param id="label"/>
<param id="bitmap"/>
<documentation><![CDATA[<div class="description"> Constructor<br/> <div class="param"> id The identifier for this item</div><br/> <div class="param"> label Text to display</div><br/> <div class="param"> bitmap Color of the text</div><br/></div>]]></documentation>
</functionEntry>
<functionEntry accessMode="public" endPc="268444314" name="draw" parent="CustomImagesItem" startPc="268444037">
<param id="dc"/>
<documentation><![CDATA[<div class="description"> Draw the item's label and bitmap<br/> <div class="param"> dc Device context</div><br/></div>]]></documentation>
</functionEntry>
<functionEntry accessMode="protected" endPc="268445482" name="&lt;init&gt;" parent="CustomImagesItem" startPc="268445464">
<documentation/>
</functionEntry>
<functionEntry accessMode="public" endPc="268444343" name="initialize" parent="MenuForeground" startPc="268444315">
<documentation/>
</functionEntry>
<functionEntry accessMode="public" endPc="268444452" name="draw" parent="MenuForeground" startPc="268444344">
<param id="dc"/>
<documentation/>
</functionEntry>
<functionEntry accessMode="protected" endPc="268445154" name="&lt;init&gt;" parent="MenuForeground" startPc="268445136">
<documentation/>
</functionEntry>
<functionEntry accessMode="protected" endPc="268445135" name="&lt;init&gt;" parent="Drawables" startPc="268445135">
<documentation/>
</functionEntry>
<functionEntry accessMode="protected" endPc="268445156" name="&lt;init&gt;" parent="Fonts" startPc="268445156">
<documentation/>
</functionEntry>
<functionEntry accessMode="protected" endPc="268445158" name="&lt;init&gt;" parent="JsonData" startPc="268445158">
<documentation/>
</functionEntry>
<functionEntry accessMode="public" endPc="268444826" name="MainLayout" parent="Layouts" startPc="268444453">
<param id="dc"/>
<documentation/>
</functionEntry>
<functionEntry accessMode="protected" endPc="268445157" name="&lt;init&gt;" parent="Layouts" startPc="268445157">
<documentation/>
</functionEntry>
<functionEntry accessMode="protected" endPc="268445155" name="&lt;init&gt;" parent="Menus" startPc="268445155">
<documentation/>
</functionEntry>
<functionEntry accessMode="protected" endPc="268445159" name="&lt;init&gt;" parent="Strings" startPc="268445159">
<documentation/>
</functionEntry>
<functionEntry accessMode="protected" endPc="268445134" name="&lt;init&gt;" parent="Rez" startPc="268445111">
<documentation/>
</functionEntry>
</functions>
</debugInfo>
